---------------------------------------------------------------
[ 2019-09-04T21:00:53+08:00 ] 113.68.8.222 GET mshop.demolink.top/
[运行时间：0.078000s] [吞吐率：12.82req/s] [内存消耗：2,756.16kb] [文件加载：53]
[ info ] [ LANG ] D:\web\mshop\thinkphp\lang\zh-cn.php
[ info ] [ ROUTE ] array (
  'type' => 'module',
  'module' => 
  array (
    0 => '',
    1 => NULL,
    2 => NULL,
  ),
)
[ info ] [ HEADER ] array (
  'host' => 'mshop.demolink.top',
  'upgrade-insecure-requests' => '1',
  'user-agent' => 'Mozilla/5.0 (Linux; Android 9; V1801A0 Build/PKQ1.180819.001; wv) AppleWebKit/537.36 (KHTML, like Gecko) Chrome/62.0.3202.84 Mobile Safari/537.36 VivoBrowser/6.7.0.3',
  'starttime' => '1567602092039',
  'accept' => 'text/html,application/xhtml+xml,application/xml;q=0.9,image/webp,image/apng,*/*;q=0.8',
  'accept-encoding' => 'gzip, deflate',
  'accept-language' => 'zh-CN,en-US;q=0.9',
  'x-forwarded-for' => '113.68.8.222',
  'cdn-src-ip' => '113.68.8.222',
  'x-client-switch-rtt' => '6138',
  'cache-control' => 'max-age=600',
  'connection' => 'keep-alive',
)
[ info ] [ PARAM ] array (
)
[ info ] [ CACHE ] INIT File
[ info ] [ RUN ] app\index\controller\Index->index[ D:\web\mshop\shop\index\controller\Index.php ]
[ info ] [ DB ] INIT mysql
[ info ] [ VIEW ] ./themes/default/index/index\index.html [ array (
  0 => 'top_nav',
  1 => 'brand',
  2 => 'guesslike',
  3 => 'newlist',
  4 => 'popular',
  5 => 'frontend_images',
) ]
[ info ] [ LOG ] INIT File
---------------------------------------------------------------
[ 2019-09-04T21:00:54+08:00 ] 113.68.8.222 GET mshop.demolink.top/favicon.ico
[运行时间：0.031200s] [吞吐率：32.05req/s] [内存消耗：1,371.94kb] [文件加载：33]
[ info ] [ LANG ] D:\web\mshop\thinkphp\lang\zh-cn.php
[ info ] [ ROUTE ] array (
  'type' => 'module',
  'module' => 
  array (
    0 => 'favicon',
    1 => NULL,
    2 => NULL,
  ),
)
[ info ] [ HEADER ] array (
  'host' => 'mshop.demolink.top',
  'connection' => 'keep-alive',
  'user-agent' => 'Mozilla/5.0 (Linux; Android 9; V1801A0 Build/PKQ1.180819.001; wv) AppleWebKit/537.36 (KHTML, like Gecko) Chrome/62.0.3202.84 Mobile Safari/537.36 VivoBrowser/6.7.0.3',
  'accept' => 'image/webp,image/apng,image/*,*/*;q=0.8',
  'referer' => 'http://mshop.demolink.top/',
  'accept-encoding' => 'gzip, deflate',
  'accept-language' => 'zh-CN,en-US;q=0.9',
)
[ info ] [ PARAM ] array (
  '/favicon_ico' => '',
)
[ info ] [ LOG ] INIT File
---------------------------------------------------------------
[ 2019-09-04T21:00:58+08:00 ] 113.68.8.222 GET mshop.demolink.top/index/Goods/details/id/15
[运行时间：0.031200s] [吞吐率：32.05req/s] [内存消耗：1,898.82kb] [文件加载：47]
[ info ] [ LANG ] D:\web\mshop\thinkphp\lang\zh-cn.php
[ info ] [ ROUTE ] array (
  'type' => 'module',
  'module' => 
  array (
    0 => 'index',
    1 => 'Goods',
    2 => 'details',
  ),
)
[ info ] [ HEADER ] array (
  'host' => 'mshop.demolink.top',
  'upgrade-insecure-requests' => '1',
  'user-agent' => 'Mozilla/5.0 (Linux; Android 9; V1801A0 Build/PKQ1.180819.001; wv) AppleWebKit/537.36 (KHTML, like Gecko) Chrome/62.0.3202.84 Mobile Safari/537.36 VivoBrowser/6.7.0.3',
  'starttime' => '1567602097024',
  'accept' => 'text/html,application/xhtml+xml,application/xml;q=0.9,image/webp,image/apng,*/*;q=0.8',
  'referer' => 'http://mshop.demolink.top/',
  'accept-encoding' => 'gzip, deflate',
  'accept-language' => 'zh-CN,en-US;q=0.9',
  'x-forwarded-for' => '113.68.8.222',
  'cdn-src-ip' => '113.68.8.222',
  'x-client-switch-rtt' => '5386',
  'cache-control' => 'max-age=600',
  'connection' => 'keep-alive',
)
[ info ] [ PARAM ] array (
  '/index/Goods/details/id/15' => '',
  'id' => '15',
)
[ info ] [ CACHE ] INIT File
[ info ] [ RUN ] app\index\controller\Goods->details[ D:\web\mshop\shop\index\controller\Goods.php ]
[ info ] [ SESSION ] INIT array (
  'type' => '',
  'auto_start' => true,
)
[ info ] [ LOG ] INIT File
---------------------------------------------------------------
[ 2019-09-04T21:00:58+08:00 ] 113.68.8.222 GET mshop.demolink.top/index/Login/login
[运行时间：0.031200s] [吞吐率：32.05req/s] [内存消耗：1,821.29kb] [文件加载：44]
[ info ] [ LANG ] D:\web\mshop\thinkphp\lang\zh-cn.php
[ info ] [ ROUTE ] array (
  'type' => 'module',
  'module' => 
  array (
    0 => 'index',
    1 => 'Login',
    2 => 'login',
  ),
)
[ info ] [ HEADER ] array (
  'host' => 'mshop.demolink.top',
  'upgrade-insecure-requests' => '1',
  'user-agent' => 'Mozilla/5.0 (Linux; Android 9; V1801A0 Build/PKQ1.180819.001; wv) AppleWebKit/537.36 (KHTML, like Gecko) Chrome/62.0.3202.84 Mobile Safari/537.36 VivoBrowser/6.7.0.3',
  'starttime' => '1567602097024',
  'accept' => 'text/html,application/xhtml+xml,application/xml;q=0.9,image/webp,image/apng,*/*;q=0.8',
  'referer' => 'http://mshop.demolink.top/',
  'accept-encoding' => 'gzip, deflate',
  'accept-language' => 'zh-CN,en-US;q=0.9',
  'cookie' => 'PHPSESSID=k2a6ou520rbvh44ps05b3lr776',
  'x-forwarded-for' => '113.68.8.222',
  'cdn-src-ip' => '113.68.8.222',
  'x-client-switch-rtt' => '17',
  'cache-control' => 'max-age=600',
  'connection' => 'keep-alive',
)
[ info ] [ PARAM ] array (
  '/index/Login/login' => '',
)
[ info ] [ CACHE ] INIT File
[ info ] [ RUN ] app\index\controller\Login->login[ D:\web\mshop\shop\index\controller\Login.php ]
[ info ] [ VIEW ] ./themes/default/index/login\login.html [ array (
) ]
[ info ] [ LOG ] INIT File
---------------------------------------------------------------
[ 2019-09-04T21:00:58+08:00 ] 113.68.8.222 GET mshop.demolink.top/captcha
[运行时间：0.046800s] [吞吐率：21.37req/s] [内存消耗：1,395.66kb] [文件加载：32]
[ info ] [ LANG ] D:\web\mshop\thinkphp\lang\zh-cn.php
[ info ] [ ROUTE ] array (
  'type' => 'method',
  'method' => 
  array (
    0 => '\\think\\captcha\\CaptchaController',
    1 => 'index',
  ),
  'var' => 
  array (
  ),
)
[ info ] [ HEADER ] array (
  'host' => 'mshop.demolink.top',
  'connection' => 'keep-alive',
  'user-agent' => 'Mozilla/5.0 (Linux; Android 9; V1801A0 Build/PKQ1.180819.001; wv) AppleWebKit/537.36 (KHTML, like Gecko) Chrome/62.0.3202.84 Mobile Safari/537.36 VivoBrowser/6.7.0.3',
  'accept' => 'image/webp,image/apng,image/*,*/*;q=0.8',
  'referer' => 'http://mshop.demolink.top/index/Login/login',
  'accept-encoding' => 'gzip, deflate',
  'accept-language' => 'zh-CN,en-US;q=0.9',
  'cookie' => 'PHPSESSID=k2a6ou520rbvh44ps05b3lr776',
)
[ info ] [ PARAM ] array (
  '/captcha' => '',
  'id' => '',
)
[ info ] [ RUN ] think\captcha\CaptchaController->index[ D:\web\mshop\vendor\topthink\think-captcha\src\CaptchaController.php ]
[ info ] [ SESSION ] INIT array (
  'type' => '',
  'auto_start' => true,
)
[ info ] [ LOG ] INIT File
---------------------------------------------------------------
[ 2019-09-04T21:00:58+08:00 ] 113.68.8.222 GET mshop.demolink.top/favicon.ico
[运行时间：0.015600s] [吞吐率：64.10req/s] [内存消耗：1,372.29kb] [文件加载：33]
[ info ] [ LANG ] D:\web\mshop\thinkphp\lang\zh-cn.php
[ info ] [ ROUTE ] array (
  'type' => 'module',
  'module' => 
  array (
    0 => 'favicon',
    1 => NULL,
    2 => NULL,
  ),
)
[ info ] [ HEADER ] array (
  'host' => 'mshop.demolink.top',
  'connection' => 'keep-alive',
  'user-agent' => 'Mozilla/5.0 (Linux; Android 9; V1801A0 Build/PKQ1.180819.001; wv) AppleWebKit/537.36 (KHTML, like Gecko) Chrome/62.0.3202.84 Mobile Safari/537.36 VivoBrowser/6.7.0.3',
  'accept' => 'image/webp,image/apng,image/*,*/*;q=0.8',
  'referer' => 'http://mshop.demolink.top/index/Login/login',
  'accept-encoding' => 'gzip, deflate',
  'accept-language' => 'zh-CN,en-US;q=0.9',
  'cookie' => 'PHPSESSID=k2a6ou520rbvh44ps05b3lr776',
)
[ info ] [ PARAM ] array (
  '/favicon_ico' => '',
)
[ info ] [ LOG ] INIT File
---------------------------------------------------------------
[ 2019-09-04T21:01:02+08:00 ] 113.68.8.222 GET mshop.demolink.top/captcha?rand=0.6794957332565679
[运行时间：0.031200s] [吞吐率：32.05req/s] [内存消耗：1,395.85kb] [文件加载：32]
[ info ] [ LANG ] D:\web\mshop\thinkphp\lang\zh-cn.php
[ info ] [ ROUTE ] array (
  'type' => 'method',
  'method' => 
  array (
    0 => '\\think\\captcha\\CaptchaController',
    1 => 'index',
  ),
  'var' => 
  array (
  ),
)
[ info ] [ HEADER ] array (
  'host' => 'mshop.demolink.top',
  'connection' => 'keep-alive',
  'user-agent' => 'Mozilla/5.0 (Linux; Android 9; V1801A0 Build/PKQ1.180819.001; wv) AppleWebKit/537.36 (KHTML, like Gecko) Chrome/62.0.3202.84 Mobile Safari/537.36 VivoBrowser/6.7.0.3',
  'accept' => 'image/webp,image/apng,image/*,*/*;q=0.8',
  'referer' => 'http://mshop.demolink.top/index/Login/login',
  'accept-encoding' => 'gzip, deflate',
  'accept-language' => 'zh-CN,en-US;q=0.9',
  'cookie' => 'PHPSESSID=k2a6ou520rbvh44ps05b3lr776',
)
[ info ] [ PARAM ] array (
  '/captcha' => '',
  'rand' => '0.6794957332565679',
  'id' => '',
)
[ info ] [ RUN ] think\captcha\CaptchaController->index[ D:\web\mshop\vendor\topthink\think-captcha\src\CaptchaController.php ]
[ info ] [ SESSION ] INIT array (
  'type' => '',
  'auto_start' => true,
)
[ info ] [ LOG ] INIT File
---------------------------------------------------------------
[ 2019-09-04T21:01:27+08:00 ] 113.68.8.222 POST mshop.demolink.top/index/Login/login
[运行时间：0.078000s] [吞吐率：12.82req/s] [内存消耗：2,939.73kb] [文件加载：52]
[ info ] [ LANG ] D:\web\mshop\thinkphp\lang\zh-cn.php
[ info ] [ ROUTE ] array (
  'type' => 'module',
  'module' => 
  array (
    0 => 'index',
    1 => 'Login',
    2 => 'login',
  ),
)
[ info ] [ HEADER ] array (
  'host' => 'mshop.demolink.top',
  'content-length' => '53',
  'accept' => '*/*',
  'origin' => 'http://mshop.demolink.top',
  'x-requested-with' => 'XMLHttpRequest',
  'user-agent' => 'Mozilla/5.0 (Linux; Android 9; V1801A0 Build/PKQ1.180819.001; wv) AppleWebKit/537.36 (KHTML, like Gecko) Chrome/62.0.3202.84 Mobile Safari/537.36 VivoBrowser/6.7.0.3',
  'content-type' => 'application/x-www-form-urlencoded; charset=UTF-8',
  'referer' => 'http://mshop.demolink.top/index/Login/login',
  'accept-encoding' => 'gzip, deflate',
  'accept-language' => 'zh-CN,en-US;q=0.9',
  'cookie' => 'PHPSESSID=k2a6ou520rbvh44ps05b3lr776',
  'x-forwarded-for' => '113.68.8.222',
  'cdn-src-ip' => '113.68.8.222',
  'x-client-switch-rtt' => '3980',
  'cache-control' => 'max-age=600',
  'connection' => 'keep-alive',
)
[ info ] [ PARAM ] array (
  '/index/Login/login' => '',
  'user_phone' => '13211111111',
  'user_pass' => '111111',
  'captcha' => 'vhnai',
)
[ info ] [ CACHE ] INIT File
[ info ] [ RUN ] app\index\controller\Login->login[ D:\web\mshop\shop\index\controller\Login.php ]
[ info ] [ DB ] INIT mysql
[ info ] [ SESSION ] INIT array (
  'type' => '',
  'auto_start' => true,
)
[ info ] [ LOG ] INIT File
---------------------------------------------------------------
[ 2019-09-04T21:01:28+08:00 ] 113.68.8.222 GET mshop.demolink.top/index/index/pcenter
[运行时间：0.062400s] [吞吐率：16.03req/s] [内存消耗：3,004.28kb] [文件加载：54]
[ info ] [ LANG ] D:\web\mshop\thinkphp\lang\zh-cn.php
[ info ] [ ROUTE ] array (
  'type' => 'module',
  'module' => 
  array (
    0 => 'index',
    1 => 'index',
    2 => 'pcenter',
  ),
)
[ info ] [ HEADER ] array (
  'host' => 'mshop.demolink.top',
  'upgrade-insecure-requests' => '1',
  'user-agent' => 'Mozilla/5.0 (Linux; Android 9; V1801A0 Build/PKQ1.180819.001; wv) AppleWebKit/537.36 (KHTML, like Gecko) Chrome/62.0.3202.84 Mobile Safari/537.36 VivoBrowser/6.7.0.3',
  'accept' => 'text/html,application/xhtml+xml,application/xml;q=0.9,image/webp,image/apng,*/*;q=0.8',
  'referer' => 'http://mshop.demolink.top/index/Login/login',
  'accept-encoding' => 'gzip, deflate',
  'accept-language' => 'zh-CN,en-US;q=0.9',
  'cookie' => 'PHPSESSID=k2a6ou520rbvh44ps05b3lr776',
  'x-forwarded-for' => '113.68.8.222',
  'cdn-src-ip' => '113.68.8.222',
  'x-client-switch-rtt' => '1772',
  'cache-control' => 'max-age=600',
  'connection' => 'keep-alive',
)
[ info ] [ PARAM ] array (
  '/index/index/pcenter' => '',
)
[ info ] [ CACHE ] INIT File
[ info ] [ RUN ] app\index\controller\Index->pcenter[ D:\web\mshop\shop\index\controller\Index.php ]
[ info ] [ DB ] INIT mysql
[ info ] [ SESSION ] INIT array (
  'type' => '',
  'auto_start' => true,
)
[ info ] [ VIEW ] ./themes/default/index/index\pcenter.html [ array (
  0 => 'top_nav',
  1 => 'user_name',
  2 => 'user_phone',
  3 => 'user_photo',
) ]
[ info ] [ LOG ] INIT File
---------------------------------------------------------------
[ 2019-09-04T21:01:32+08:00 ] 113.68.8.222 GET mshop.demolink.top/index/Index/index
[运行时间：0.078000s] [吞吐率：12.82req/s] [内存消耗：2,760.10kb] [文件加载：53]
[ info ] [ LANG ] D:\web\mshop\thinkphp\lang\zh-cn.php
[ info ] [ ROUTE ] array (
  'type' => 'module',
  'module' => 
  array (
    0 => 'index',
    1 => 'Index',
    2 => 'index',
  ),
)
[ info ] [ HEADER ] array (
  'host' => 'mshop.demolink.top',
  'upgrade-insecure-requests' => '1',
  'user-agent' => 'Mozilla/5.0 (Linux; Android 9; V1801A0 Build/PKQ1.180819.001; wv) AppleWebKit/537.36 (KHTML, like Gecko) Chrome/62.0.3202.84 Mobile Safari/537.36 VivoBrowser/6.7.0.3',
  'starttime' => '1567602131116',
  'accept' => 'text/html,application/xhtml+xml,application/xml;q=0.9,image/webp,image/apng,*/*;q=0.8',
  'referer' => 'http://mshop.demolink.top/index/index/pcenter',
  'accept-encoding' => 'gzip, deflate',
  'accept-language' => 'zh-CN,en-US;q=0.9',
  'cookie' => 'PHPSESSID=k2a6ou520rbvh44ps05b3lr776',
  'x-forwarded-for' => '113.68.8.222',
  'cdn-src-ip' => '113.68.8.222',
  'x-client-switch-rtt' => '7245',
  'cache-control' => 'max-age=600',
  'connection' => 'keep-alive',
)
[ info ] [ PARAM ] array (
  '/index/Index/index' => '',
)
[ info ] [ CACHE ] INIT File
[ info ] [ RUN ] app\index\controller\Index->index[ D:\web\mshop\shop\index\controller\Index.php ]
[ info ] [ DB ] INIT mysql
[ info ] [ VIEW ] ./themes/default/index/index\index.html [ array (
  0 => 'top_nav',
  1 => 'brand',
  2 => 'guesslike',
  3 => 'newlist',
  4 => 'popular',
  5 => 'frontend_images',
) ]
[ info ] [ LOG ] INIT File
---------------------------------------------------------------
[ 2019-09-04T21:01:32+08:00 ] 113.68.8.222 GET mshop.demolink.top/favicon.ico
[运行时间：0.031200s] [吞吐率：32.05req/s] [内存消耗：1,372.27kb] [文件加载：33]
[ info ] [ LANG ] D:\web\mshop\thinkphp\lang\zh-cn.php
[ info ] [ ROUTE ] array (
  'type' => 'module',
  'module' => 
  array (
    0 => 'favicon',
    1 => NULL,
    2 => NULL,
  ),
)
[ info ] [ HEADER ] array (
  'host' => 'mshop.demolink.top',
  'connection' => 'keep-alive',
  'user-agent' => 'Mozilla/5.0 (Linux; Android 9; V1801A0 Build/PKQ1.180819.001; wv) AppleWebKit/537.36 (KHTML, like Gecko) Chrome/62.0.3202.84 Mobile Safari/537.36 VivoBrowser/6.7.0.3',
  'accept' => 'image/webp,image/apng,image/*,*/*;q=0.8',
  'referer' => 'http://mshop.demolink.top/index/Index/index',
  'accept-encoding' => 'gzip, deflate',
  'accept-language' => 'zh-CN,en-US;q=0.9',
  'cookie' => 'PHPSESSID=k2a6ou520rbvh44ps05b3lr776',
)
[ info ] [ PARAM ] array (
  '/favicon_ico' => '',
)
[ info ] [ LOG ] INIT File
---------------------------------------------------------------
[ 2019-09-04T21:01:35+08:00 ] 113.68.8.222 GET mshop.demolink.top/index/Goods/details/id/15
[运行时间：0.171600s] [吞吐率：5.83req/s] [内存消耗：2,718.73kb] [文件加载：52]
[ info ] [ LANG ] D:\web\mshop\thinkphp\lang\zh-cn.php
[ info ] [ ROUTE ] array (
  'type' => 'module',
  'module' => 
  array (
    0 => 'index',
    1 => 'Goods',
    2 => 'details',
  ),
)
[ info ] [ HEADER ] array (
  'host' => 'mshop.demolink.top',
  'upgrade-insecure-requests' => '1',
  'user-agent' => 'Mozilla/5.0 (Linux; Android 9; V1801A0 Build/PKQ1.180819.001; wv) AppleWebKit/537.36 (KHTML, like Gecko) Chrome/62.0.3202.84 Mobile Safari/537.36 VivoBrowser/6.7.0.3',
  'starttime' => '1567602134251',
  'accept' => 'text/html,application/xhtml+xml,application/xml;q=0.9,image/webp,image/apng,*/*;q=0.8',
  'referer' => 'http://mshop.demolink.top/index/Index/index',
  'accept-encoding' => 'gzip, deflate',
  'accept-language' => 'zh-CN,en-US;q=0.9',
  'cookie' => 'PHPSESSID=k2a6ou520rbvh44ps05b3lr776',
  'x-forwarded-for' => '113.68.8.222',
  'cdn-src-ip' => '113.68.8.222',
  'x-client-switch-rtt' => '6386',
  'cache-control' => 'max-age=600',
  'connection' => 'keep-alive',
)
[ info ] [ PARAM ] array (
  '/index/Goods/details/id/15' => '',
  'id' => '15',
)
[ info ] [ CACHE ] INIT File
[ info ] [ RUN ] app\index\controller\Goods->details[ D:\web\mshop\shop\index\controller\Goods.php ]
[ info ] [ SESSION ] INIT array (
  'type' => '',
  'auto_start' => true,
)
[ info ] [ DB ] INIT mysql
[ info ] [ VIEW ] ./themes/default/index/goods\details.html [ array (
  0 => 'top_nav',
  1 => 'goods',
  2 => 'goods_image',
  3 => 'goods_discount',
  4 => 'attribute',
  5 => 'goods_description',
  6 => 'goods_brand',
) ]
[ info ] [ LOG ] INIT File
---------------------------------------------------------------
[ 2019-09-04T21:01:37+08:00 ] 113.68.8.222 GET mshop.demolink.top/favicon.ico
[运行时间：0.015600s] [吞吐率：64.10req/s] [内存消耗：1,372.28kb] [文件加载：33]
[ info ] [ LANG ] D:\web\mshop\thinkphp\lang\zh-cn.php
[ info ] [ ROUTE ] array (
  'type' => 'module',
  'module' => 
  array (
    0 => 'favicon',
    1 => NULL,
    2 => NULL,
  ),
)
[ info ] [ HEADER ] array (
  'host' => 'mshop.demolink.top',
  'connection' => 'keep-alive',
  'user-agent' => 'Mozilla/5.0 (Linux; Android 9; V1801A0 Build/PKQ1.180819.001; wv) AppleWebKit/537.36 (KHTML, like Gecko) Chrome/62.0.3202.84 Mobile Safari/537.36 VivoBrowser/6.7.0.3',
  'accept' => 'image/webp,image/apng,image/*,*/*;q=0.8',
  'referer' => 'http://mshop.demolink.top/index/Goods/details/id/15',
  'accept-encoding' => 'gzip, deflate',
  'accept-language' => 'zh-CN,en-US;q=0.9',
  'cookie' => 'PHPSESSID=k2a6ou520rbvh44ps05b3lr776',
)
[ info ] [ PARAM ] array (
  '/favicon_ico' => '',
)
[ info ] [ LOG ] INIT File
---------------------------------------------------------------
[ 2019-09-04T21:01:42+08:00 ] 113.68.8.222 GET mshop.demolink.top/index/Goods/details/id/15
[运行时间：0.078000s] [吞吐率：12.82req/s] [内存消耗：2,718.74kb] [文件加载：52]
[ info ] [ LANG ] D:\web\mshop\thinkphp\lang\zh-cn.php
[ info ] [ ROUTE ] array (
  'type' => 'module',
  'module' => 
  array (
    0 => 'index',
    1 => 'Goods',
    2 => 'details',
  ),
)
[ info ] [ HEADER ] array (
  'host' => 'mshop.demolink.top',
  'upgrade-insecure-requests' => '1',
  'user-agent' => 'Mozilla/5.0 (Linux; Android 9; V1801A0 Build/PKQ1.180819.001; wv) AppleWebKit/537.36 (KHTML, like Gecko) Chrome/62.0.3202.84 Mobile Safari/537.36 VivoBrowser/6.7.0.3',
  'starttime' => '1567602141441',
  'accept' => 'text/html,application/xhtml+xml,application/xml;q=0.9,image/webp,image/apng,*/*;q=0.8',
  'referer' => 'http://mshop.demolink.top/index/Index/index',
  'accept-encoding' => 'gzip, deflate',
  'accept-language' => 'zh-CN,en-US;q=0.9',
  'cookie' => 'PHPSESSID=k2a6ou520rbvh44ps05b3lr776',
  'x-forwarded-for' => '113.68.8.222',
  'cdn-src-ip' => '113.68.8.222',
  'x-client-switch-rtt' => '10245',
  'cache-control' => 'max-age=600',
  'connection' => 'keep-alive',
)
[ info ] [ PARAM ] array (
  '/index/Goods/details/id/15' => '',
  'id' => '15',
)
[ info ] [ CACHE ] INIT File
[ info ] [ RUN ] app\index\controller\Goods->details[ D:\web\mshop\shop\index\controller\Goods.php ]
[ info ] [ SESSION ] INIT array (
  'type' => '',
  'auto_start' => true,
)
[ info ] [ DB ] INIT mysql
[ info ] [ VIEW ] ./themes/default/index/goods\details.html [ array (
  0 => 'top_nav',
  1 => 'goods',
  2 => 'goods_image',
  3 => 'goods_discount',
  4 => 'attribute',
  5 => 'goods_description',
  6 => 'goods_brand',
) ]
[ info ] [ LOG ] INIT File
---------------------------------------------------------------
[ 2019-09-04T21:01:43+08:00 ] 113.68.8.222 GET mshop.demolink.top/favicon.ico
[运行时间：0.015600s] [吞吐率：64.10req/s] [内存消耗：1,372.30kb] [文件加载：33]
[ info ] [ LANG ] D:\web\mshop\thinkphp\lang\zh-cn.php
[ info ] [ ROUTE ] array (
  'type' => 'module',
  'module' => 
  array (
    0 => 'favicon',
    1 => NULL,
    2 => NULL,
  ),
)
[ info ] [ HEADER ] array (
  'host' => 'mshop.demolink.top',
  'connection' => 'keep-alive',
  'user-agent' => 'Mozilla/5.0 (Linux; Android 9; V1801A0 Build/PKQ1.180819.001; wv) AppleWebKit/537.36 (KHTML, like Gecko) Chrome/62.0.3202.84 Mobile Safari/537.36 VivoBrowser/6.7.0.3',
  'accept' => 'image/webp,image/apng,image/*,*/*;q=0.8',
  'referer' => 'http://mshop.demolink.top/index/Goods/details/id/15',
  'accept-encoding' => 'gzip, deflate',
  'accept-language' => 'zh-CN,en-US;q=0.9',
  'cookie' => 'PHPSESSID=k2a6ou520rbvh44ps05b3lr776',
)
[ info ] [ PARAM ] array (
  '/favicon_ico' => '',
)
[ info ] [ LOG ] INIT File
---------------------------------------------------------------
[ 2019-09-04T21:01:49+08:00 ] 113.68.8.222 GET mshop.demolink.top/index/order/orders?id=15&num=1&attribute=1,3,
[运行时间：0.171600s] [吞吐率：5.83req/s] [内存消耗：2,773.23kb] [文件加载：52]
[ info ] [ LANG ] D:\web\mshop\thinkphp\lang\zh-cn.php
[ info ] [ ROUTE ] array (
  'type' => 'module',
  'module' => 
  array (
    0 => 'index',
    1 => 'order',
    2 => 'orders',
  ),
)
[ info ] [ HEADER ] array (
  'host' => 'mshop.demolink.top',
  'upgrade-insecure-requests' => '1',
  'user-agent' => 'Mozilla/5.0 (Linux; Android 9; V1801A0 Build/PKQ1.180819.001; wv) AppleWebKit/537.36 (KHTML, like Gecko) Chrome/62.0.3202.84 Mobile Safari/537.36 VivoBrowser/6.7.0.3',
  'starttime' => '1567602148448',
  'accept' => 'text/html,application/xhtml+xml,application/xml;q=0.9,image/webp,image/apng,*/*;q=0.8',
  'referer' => 'http://mshop.demolink.top/index/Goods/details/id/15',
  'accept-encoding' => 'gzip, deflate',
  'accept-language' => 'zh-CN,en-US;q=0.9',
  'cookie' => 'PHPSESSID=k2a6ou520rbvh44ps05b3lr776',
  'x-forwarded-for' => '113.68.8.222',
  'cdn-src-ip' => '113.68.8.222',
  'x-client-switch-rtt' => '6006',
  'cache-control' => 'max-age=600',
  'connection' => 'keep-alive',
)
[ info ] [ PARAM ] array (
  '/index/order/orders' => '',
  'id' => '15',
  'num' => '1',
  'attribute' => '1,3,',
)
[ info ] [ CACHE ] INIT File
[ info ] [ RUN ] app\index\controller\Order->orders[ D:\web\mshop\shop\index\controller\Order.php ]
[ info ] [ SESSION ] INIT array (
  'type' => '',
  'auto_start' => true,
)
[ info ] [ DB ] INIT mysql
[ info ] [ VIEW ] ./themes/default/index/order\orders.html [ array (
  0 => 'top_nav',
  1 => 'goods',
  2 => 'num',
  3 => 'attribute_value',
  4 => 'goods_discount',
  5 => 'goodzprice',
  6 => 'freight',
  7 => 'zprice',
  8 => 'address',
  9 => 'couponlist',
) ]
[ info ] [ LOG ] INIT File
---------------------------------------------------------------
[ 2019-09-04T21:01:50+08:00 ] 113.68.8.222 GET mshop.demolink.top/favicon.ico
[运行时间：0.015600s] [吞吐率：64.10req/s] [内存消耗：1,372.41kb] [文件加载：33]
[ info ] [ LANG ] D:\web\mshop\thinkphp\lang\zh-cn.php
[ info ] [ ROUTE ] array (
  'type' => 'module',
  'module' => 
  array (
    0 => 'favicon',
    1 => NULL,
    2 => NULL,
  ),
)
[ info ] [ HEADER ] array (
  'host' => 'mshop.demolink.top',
  'connection' => 'keep-alive',
  'user-agent' => 'Mozilla/5.0 (Linux; Android 9; V1801A0 Build/PKQ1.180819.001; wv) AppleWebKit/537.36 (KHTML, like Gecko) Chrome/62.0.3202.84 Mobile Safari/537.36 VivoBrowser/6.7.0.3',
  'accept' => 'image/webp,image/apng,image/*,*/*;q=0.8',
  'referer' => 'http://mshop.demolink.top/index/order/orders?id=15&num=1&attribute=1,3,',
  'accept-encoding' => 'gzip, deflate',
  'accept-language' => 'zh-CN,en-US;q=0.9',
  'cookie' => 'PHPSESSID=k2a6ou520rbvh44ps05b3lr776',
)
[ info ] [ PARAM ] array (
  '/favicon_ico' => '',
)
[ info ] [ LOG ] INIT File
---------------------------------------------------------------
[ 2019-09-04T21:30:33+08:00 ] 113.68.8.222 POST mshop.demolink.top/index/Order/subOrder
[运行时间：0.109200s] [吞吐率：9.16req/s] [内存消耗：2,716.93kb] [文件加载：51]
[ info ] [ LANG ] D:\web\mshop\thinkphp\lang\zh-cn.php
[ info ] [ ROUTE ] array (
  'type' => 'module',
  'module' => 
  array (
    0 => 'index',
    1 => 'Order',
    2 => 'subOrder',
  ),
)
[ info ] [ HEADER ] array (
  'host' => 'mshop.demolink.top',
  'content-length' => '143',
  'accept' => '*/*',
  'origin' => 'http://mshop.demolink.top',
  'x-requested-with' => 'XMLHttpRequest',
  'user-agent' => 'Mozilla/5.0 (Linux; Android 9; V1801A0 Build/PKQ1.180819.001; wv) AppleWebKit/537.36 (KHTML, like Gecko) Chrome/62.0.3202.84 Mobile Safari/537.36 VivoBrowser/6.7.0.3',
  'content-type' => 'application/x-www-form-urlencoded; charset=UTF-8',
  'referer' => 'http://mshop.demolink.top/index/order/orders?id=15&num=1&attribute=1,3,',
  'accept-encoding' => 'gzip, deflate',
  'accept-language' => 'zh-CN,en-US;q=0.9',
  'cookie' => 'PHPSESSID=k2a6ou520rbvh44ps05b3lr776',
  'x-forwarded-for' => '113.68.8.222',
  'cdn-src-ip' => '113.68.8.222',
  'x-client-switch-rtt' => '10986',
  'cache-control' => 'max-age=600',
  'connection' => 'keep-alive',
)
[ info ] [ PARAM ] array (
  '/index/Order/subOrder' => '',
  'address_id' => '13',
  'goods_id' => '15',
  'price' => '123',
  'goodzprice' => '123',
  'freight' => '0',
  'orderdata' => 
  array (
    0 => 
    array (
      0 => '15',
      1 => '1',
      2 => '1,3,',
    ),
  ),
)
[ info ] [ CACHE ] INIT File
[ info ] [ RUN ] app\index\controller\Order->subOrder[ D:\web\mshop\shop\index\controller\Order.php ]
[ info ] [ DB ] INIT mysql
[ info ] [ SESSION ] INIT array (
  'type' => '',
  'auto_start' => true,
)
[ info ] [ LOG ] INIT File
---------------------------------------------------------------
[ 2019-09-04T21:30:33+08:00 ] 113.68.8.222 GET mshop.demolink.top/index/Pay/payment?id=26
[运行时间：0.046800s] [吞吐率：21.37req/s] [内存消耗：2,662.30kb] [文件加载：52]
[ info ] [ LANG ] D:\web\mshop\thinkphp\lang\zh-cn.php
[ info ] [ ROUTE ] array (
  'type' => 'module',
  'module' => 
  array (
    0 => 'index',
    1 => 'Pay',
    2 => 'payment',
  ),
)
[ info ] [ HEADER ] array (
  'host' => 'mshop.demolink.top',
  'upgrade-insecure-requests' => '1',
  'user-agent' => 'Mozilla/5.0 (Linux; Android 9; V1801A0 Build/PKQ1.180819.001; wv) AppleWebKit/537.36 (KHTML, like Gecko) Chrome/62.0.3202.84 Mobile Safari/537.36 VivoBrowser/6.7.0.3',
  'starttime' => '1567603872158',
  'accept' => 'text/html,application/xhtml+xml,application/xml;q=0.9,image/webp,image/apng,*/*;q=0.8',
  'referer' => 'http://mshop.demolink.top/index/order/orders?id=15&num=1&attribute=1,3,',
  'accept-encoding' => 'gzip, deflate',
  'accept-language' => 'zh-CN,en-US;q=0.9',
  'cookie' => 'PHPSESSID=k2a6ou520rbvh44ps05b3lr776',
  'x-forwarded-for' => '113.68.8.222',
  'cdn-src-ip' => '113.68.8.222',
  'x-client-switch-rtt' => '29',
  'cache-control' => 'max-age=600',
  'connection' => 'keep-alive',
)
[ info ] [ PARAM ] array (
  '/index/Pay/payment' => '',
  'id' => '26',
)
[ info ] [ CACHE ] INIT File
[ info ] [ RUN ] app\index\controller\Pay->payment[ D:\web\mshop\shop\index\controller\Pay.php ]
[ info ] [ SESSION ] INIT array (
  'type' => '',
  'auto_start' => true,
)
[ info ] [ DB ] INIT mysql
[ info ] [ VIEW ] ./themes/default/index/pay\payment.html [ array (
  0 => 'top_nav',
  1 => 'order',
) ]
[ info ] [ LOG ] INIT File
---------------------------------------------------------------
[ 2019-09-04T21:30:34+08:00 ] 113.68.8.222 GET mshop.demolink.top/favicon.ico
[运行时间：0.015600s] [吞吐率：64.10req/s] [内存消耗：1,372.30kb] [文件加载：33]
[ info ] [ LANG ] D:\web\mshop\thinkphp\lang\zh-cn.php
[ info ] [ ROUTE ] array (
  'type' => 'module',
  'module' => 
  array (
    0 => 'favicon',
    1 => NULL,
    2 => NULL,
  ),
)
[ info ] [ HEADER ] array (
  'host' => 'mshop.demolink.top',
  'connection' => 'keep-alive',
  'user-agent' => 'Mozilla/5.0 (Linux; Android 9; V1801A0 Build/PKQ1.180819.001; wv) AppleWebKit/537.36 (KHTML, like Gecko) Chrome/62.0.3202.84 Mobile Safari/537.36 VivoBrowser/6.7.0.3',
  'accept' => 'image/webp,image/apng,image/*,*/*;q=0.8',
  'referer' => 'http://mshop.demolink.top/index/Pay/payment?id=26',
  'accept-encoding' => 'gzip, deflate',
  'accept-language' => 'zh-CN,en-US;q=0.9',
  'cookie' => 'PHPSESSID=k2a6ou520rbvh44ps05b3lr776',
)
[ info ] [ PARAM ] array (
  '/favicon_ico' => '',
)
[ info ] [ LOG ] INIT File
