---------------------------------------------------------------
[ 2019-11-14T18:48:55+08:00 ] 110.228.193.163 GET shop3.demolink.top/
[运行时间：0.156000s] [吞吐率：6.41req/s] [内存消耗：2,754.05kb] [文件加载：53]
[ info ] [ LANG ] D:\web\mshop\thinkphp\lang\zh-cn.php
[ info ] [ ROUTE ] array (
  'type' => 'module',
  'module' => 
  array (
    0 => '',
    1 => NULL,
    2 => NULL,
  ),
)
[ info ] [ HEADER ] array (
  'host' => 'shop3.demolink.top',
  'connection' => 'Keep-Alive',
  'accept-encoding' => 'gzip',
  'user-agent' => 'okhttp/3.6.0',
)
[ info ] [ PARAM ] array (
)
[ info ] [ CACHE ] INIT File
[ info ] [ RUN ] app\index\controller\Index->index[ D:\web\mshop\shop\index\controller\Index.php ]
[ info ] [ DB ] INIT mysql
[ info ] [ VIEW ] ./themes/default/index/index\index.html [ array (
  0 => 'top_nav',
  1 => 'brand',
  2 => 'guesslike',
  3 => 'newlist',
  4 => 'popular',
  5 => 'frontend_images',
) ]
[ info ] [ LOG ] INIT File
