---------------------------------------------------------------
[ 2019-11-16T11:51:33+08:00 ] 113.68.9.150 GET mshop.demolink.top/
[运行时间：0.109200s] [吞吐率：9.16req/s] [内存消耗：2,755.90kb] [文件加载：53]
[ info ] [ LANG ] D:\web\mshop\thinkphp\lang\zh-cn.php
[ info ] [ ROUTE ] array (
  'type' => 'module',
  'module' => 
  array (
    0 => '',
    1 => NULL,
    2 => NULL,
  ),
)
[ info ] [ HEADER ] array (
  'host' => 'mshop.demolink.top',
  'connection' => 'keep-alive',
  'cache-control' => 'max-age=0',
  'upgrade-insecure-requests' => '1',
  'user-agent' => 'Mozilla/5.0 (Windows NT 6.1; WOW64) AppleWebKit/537.36 (KHTML, like Gecko) Chrome/68.0.3440.106 Safari/537.36',
  'accept' => 'text/html,application/xhtml+xml,application/xml;q=0.9,image/webp,image/apng,*/*;q=0.8',
  'accept-encoding' => 'gzip, deflate',
  'accept-language' => 'zh-CN,zh;q=0.9',
  'cookie' => 'pgv_pvi=5325103104',
)
[ info ] [ PARAM ] array (
)
[ info ] [ CACHE ] INIT File
[ info ] [ RUN ] app\index\controller\Index->index[ D:\web\mshop\shop\index\controller\Index.php ]
[ info ] [ DB ] INIT mysql
[ info ] [ VIEW ] ./themes/default/index/index\index.html [ array (
  0 => 'top_nav',
  1 => 'brand',
  2 => 'guesslike',
  3 => 'newlist',
  4 => 'popular',
  5 => 'frontend_images',
) ]
[ info ] [ LOG ] INIT File
---------------------------------------------------------------
[ 2019-11-16T11:51:34+08:00 ] 113.68.9.150 GET mshop.demolink.top/favicon.ico
[运行时间：0.031200s] [吞吐率：32.05req/s] [内存消耗：1,371.96kb] [文件加载：33]
[ info ] [ LANG ] D:\web\mshop\thinkphp\lang\zh-cn.php
[ info ] [ ROUTE ] array (
  'type' => 'module',
  'module' => 
  array (
    0 => 'favicon',
    1 => NULL,
    2 => NULL,
  ),
)
[ info ] [ HEADER ] array (
  'host' => 'mshop.demolink.top',
  'connection' => 'keep-alive',
  'user-agent' => 'Mozilla/5.0 (Windows NT 6.1; WOW64) AppleWebKit/537.36 (KHTML, like Gecko) Chrome/68.0.3440.106 Safari/537.36',
  'accept' => 'image/webp,image/apng,image/*,*/*;q=0.8',
  'referer' => 'http://mshop.demolink.top/',
  'accept-encoding' => 'gzip, deflate',
  'accept-language' => 'zh-CN,zh;q=0.9',
  'cookie' => 'pgv_pvi=5325103104',
)
[ info ] [ PARAM ] array (
  '/favicon_ico' => '',
)
[ info ] [ LOG ] INIT File
---------------------------------------------------------------
[ 2019-11-16T11:51:46+08:00 ] 113.68.9.150 GET mshop.demolink.top/admin
[运行时间：0.031200s] [吞吐率：32.05req/s] [内存消耗：1,861.81kb] [文件加载：46]
[ info ] [ LANG ] D:\web\mshop\thinkphp\lang\zh-cn.php
[ info ] [ ROUTE ] array (
  'type' => 'module',
  'module' => 
  array (
    0 => 'admin',
    1 => NULL,
    2 => NULL,
  ),
)
[ info ] [ HEADER ] array (
  'host' => 'mshop.demolink.top',
  'connection' => 'keep-alive',
  'upgrade-insecure-requests' => '1',
  'user-agent' => 'Mozilla/5.0 (Linux; Android 6.0; Nexus 5 Build/MRA58N) AppleWebKit/537.36 (KHTML, like Gecko) Chrome/68.0.3440.106 Mobile Safari/537.36',
  'accept' => 'text/html,application/xhtml+xml,application/xml;q=0.9,image/webp,image/apng,*/*;q=0.8',
  'accept-encoding' => 'gzip, deflate',
  'accept-language' => 'zh-CN,zh;q=0.9',
  'cookie' => 'pgv_pvi=5325103104',
)
[ info ] [ PARAM ] array (
  '/admin' => '',
)
[ info ] [ CACHE ] INIT File
[ info ] [ SESSION ] INIT array (
  'type' => '',
  'auto_start' => true,
)
[ info ] [ LOG ] INIT File
---------------------------------------------------------------
[ 2019-11-16T11:51:46+08:00 ] 113.68.9.150 GET mshop.demolink.top/admin/Login/login
[运行时间：0.031200s] [吞吐率：32.05req/s] [内存消耗：1,800.01kb] [文件加载：44]
[ info ] [ LANG ] D:\web\mshop\thinkphp\lang\zh-cn.php
[ info ] [ ROUTE ] array (
  'type' => 'module',
  'module' => 
  array (
    0 => 'admin',
    1 => 'Login',
    2 => 'login',
  ),
)
[ info ] [ HEADER ] array (
  'host' => 'mshop.demolink.top',
  'connection' => 'keep-alive',
  'upgrade-insecure-requests' => '1',
  'user-agent' => 'Mozilla/5.0 (Linux; Android 6.0; Nexus 5 Build/MRA58N) AppleWebKit/537.36 (KHTML, like Gecko) Chrome/68.0.3440.106 Mobile Safari/537.36',
  'accept' => 'text/html,application/xhtml+xml,application/xml;q=0.9,image/webp,image/apng,*/*;q=0.8',
  'accept-encoding' => 'gzip, deflate',
  'accept-language' => 'zh-CN,zh;q=0.9',
  'cookie' => 'pgv_pvi=5325103104; PHPSESSID=016u0elm53cqm4i9nroaunqii5',
)
[ info ] [ PARAM ] array (
  '/admin/Login/login' => '',
)
[ info ] [ CACHE ] INIT File
[ info ] [ RUN ] app\admin\controller\Login->login[ D:\web\mshop\shop\admin\controller\Login.php ]
[ info ] [ SESSION ] INIT array (
  'type' => '',
  'auto_start' => true,
)
[ info ] [ VIEW ] ./shop/admin\view\public\login.html [ array (
) ]
[ info ] [ LOG ] INIT File
---------------------------------------------------------------
[ 2019-11-16T11:52:01+08:00 ] 113.68.9.150 POST mshop.demolink.top/admin/Login/login
[运行时间：0.124800s] [吞吐率：8.01req/s] [内存消耗：2,599.11kb] [文件加载：52]
[ info ] [ LANG ] D:\web\mshop\thinkphp\lang\zh-cn.php
[ info ] [ ROUTE ] array (
  'type' => 'module',
  'module' => 
  array (
    0 => 'admin',
    1 => 'Login',
    2 => 'login',
  ),
)
[ info ] [ HEADER ] array (
  'host' => 'mshop.demolink.top',
  'connection' => 'keep-alive',
  'content-length' => '30',
  'accept' => 'application/json, text/javascript, */*; q=0.01',
  'origin' => 'http://mshop.demolink.top',
  'x-requested-with' => 'XMLHttpRequest',
  'user-agent' => 'Mozilla/5.0 (Linux; Android 6.0; Nexus 5 Build/MRA58N) AppleWebKit/537.36 (KHTML, like Gecko) Chrome/68.0.3440.106 Mobile Safari/537.36',
  'content-type' => 'application/x-www-form-urlencoded; charset=UTF-8',
  'referer' => 'http://mshop.demolink.top/admin/Login/login',
  'accept-encoding' => 'gzip, deflate',
  'accept-language' => 'zh-CN,zh;q=0.9',
  'cookie' => 'pgv_pvi=5325103104; PHPSESSID=016u0elm53cqm4i9nroaunqii5',
)
[ info ] [ PARAM ] array (
  '/admin/Login/login' => '',
  'username' => 'admin',
  'password' => '123456',
)
[ info ] [ CACHE ] INIT File
[ info ] [ RUN ] app\admin\controller\Login->login[ D:\web\mshop\shop\admin\controller\Login.php ]
[ info ] [ DB ] INIT mysql
[ info ] [ SESSION ] INIT array (
  'type' => '',
  'auto_start' => true,
)
[ info ] [ LOG ] INIT File
---------------------------------------------------------------
[ 2019-11-16T11:52:01+08:00 ] 113.68.9.150 GET mshop.demolink.top/admin/Index/index
[运行时间：0.093600s] [吞吐率：10.68req/s] [内存消耗：2,966.83kb] [文件加载：56]
[ info ] [ LANG ] D:\web\mshop\thinkphp\lang\zh-cn.php
[ info ] [ ROUTE ] array (
  'type' => 'module',
  'module' => 
  array (
    0 => 'admin',
    1 => 'Index',
    2 => 'index',
  ),
)
[ info ] [ HEADER ] array (
  'host' => 'mshop.demolink.top',
  'connection' => 'keep-alive',
  'upgrade-insecure-requests' => '1',
  'user-agent' => 'Mozilla/5.0 (Linux; Android 6.0; Nexus 5 Build/MRA58N) AppleWebKit/537.36 (KHTML, like Gecko) Chrome/68.0.3440.106 Mobile Safari/537.36',
  'accept' => 'text/html,application/xhtml+xml,application/xml;q=0.9,image/webp,image/apng,*/*;q=0.8',
  'referer' => 'http://mshop.demolink.top/admin/Login/login',
  'accept-encoding' => 'gzip, deflate',
  'accept-language' => 'zh-CN,zh;q=0.9',
  'cookie' => 'pgv_pvi=5325103104; PHPSESSID=016u0elm53cqm4i9nroaunqii5',
)
[ info ] [ PARAM ] array (
  '/admin/Index/index' => '',
)
[ info ] [ CACHE ] INIT File
[ info ] [ SESSION ] INIT array (
  'type' => '',
  'auto_start' => true,
)
[ info ] [ DB ] INIT mysql
[ info ] [ RUN ] app\admin\controller\Index->index[ D:\web\mshop\shop\admin\controller\Index.php ]
[ info ] [ VIEW ] ./shop/admin\view\index\index.html [ array (
  0 => 'admin_menu',
  1 => 'total_order',
  2 => 'today_order',
  3 => 'total_money',
  4 => 'today_money',
  5 => 'user_action_total',
  6 => 'today_user_action',
  7 => 'today_member',
  8 => 'member_count',
  9 => 'user_action',
  10 => 'uc_empty',
  11 => 'order_list',
  12 => 'empty',
) ]
[ info ] [ LOG ] INIT File
---------------------------------------------------------------
[ 2019-11-16T11:52:07+08:00 ] 113.68.9.150 GET mshop.demolink.top/member/member_backend/index
[运行时间：0.140400s] [吞吐率：7.12req/s] [内存消耗：2,816.41kb] [文件加载：56]
[ info ] [ LANG ] D:\web\mshop\thinkphp\lang\zh-cn.php
[ info ] [ ROUTE ] array (
  'type' => 'module',
  'module' => 
  array (
    0 => 'member',
    1 => 'member_backend',
    2 => 'index',
  ),
)
[ info ] [ HEADER ] array (
  'host' => 'mshop.demolink.top',
  'connection' => 'keep-alive',
  'upgrade-insecure-requests' => '1',
  'user-agent' => 'Mozilla/5.0 (Windows NT 6.1; WOW64) AppleWebKit/537.36 (KHTML, like Gecko) Chrome/68.0.3440.106 Safari/537.36',
  'accept' => 'text/html,application/xhtml+xml,application/xml;q=0.9,image/webp,image/apng,*/*;q=0.8',
  'referer' => 'http://mshop.demolink.top/admin/Index/index',
  'accept-encoding' => 'gzip, deflate',
  'accept-language' => 'zh-CN,zh;q=0.9',
  'cookie' => 'pgv_pvi=5325103104; PHPSESSID=016u0elm53cqm4i9nroaunqii5',
)
[ info ] [ PARAM ] array (
  '/member/member_backend/index' => '',
)
[ info ] [ CACHE ] INIT File
[ info ] [ SESSION ] INIT array (
  'type' => '',
  'auto_start' => true,
)
[ info ] [ DB ] INIT mysql
[ info ] [ RUN ] app\member\controller\MemberBackend->index[ D:\web\mshop\shop\member\controller\MemberBackend.php ]
[ info ] [ VIEW ] ./themes/default/member/member_backend\index.html [ array (
  0 => 'admin_menu',
  1 => 'breadcrumb1',
  2 => 'breadcrumb2',
  3 => 'list',
  4 => 'empty',
) ]
[ info ] [ LOG ] INIT File
---------------------------------------------------------------
[ 2019-11-16T11:52:13+08:00 ] 113.68.9.150 GET mshop.demolink.top/
[运行时间：0.062400s] [吞吐率：16.03req/s] [内存消耗：2,756.17kb] [文件加载：53]
[ info ] [ LANG ] D:\web\mshop\thinkphp\lang\zh-cn.php
[ info ] [ ROUTE ] array (
  'type' => 'module',
  'module' => 
  array (
    0 => '',
    1 => NULL,
    2 => NULL,
  ),
)
[ info ] [ HEADER ] array (
  'host' => 'mshop.demolink.top',
  'connection' => 'keep-alive',
  'upgrade-insecure-requests' => '1',
  'user-agent' => 'Mozilla/5.0 (Windows NT 6.1; WOW64) AppleWebKit/537.36 (KHTML, like Gecko) Chrome/68.0.3440.106 Safari/537.36',
  'accept' => 'text/html,application/xhtml+xml,application/xml;q=0.9,image/webp,image/apng,*/*;q=0.8',
  'referer' => 'http://mshop.demolink.top/member/member_backend/index',
  'accept-encoding' => 'gzip, deflate',
  'accept-language' => 'zh-CN,zh;q=0.9',
  'cookie' => 'pgv_pvi=5325103104; PHPSESSID=016u0elm53cqm4i9nroaunqii5',
)
[ info ] [ PARAM ] array (
)
[ info ] [ CACHE ] INIT File
[ info ] [ RUN ] app\index\controller\Index->index[ D:\web\mshop\shop\index\controller\Index.php ]
[ info ] [ DB ] INIT mysql
[ info ] [ VIEW ] ./themes/default/index/index\index.html [ array (
  0 => 'top_nav',
  1 => 'brand',
  2 => 'guesslike',
  3 => 'newlist',
  4 => 'popular',
  5 => 'frontend_images',
) ]
[ info ] [ LOG ] INIT File
---------------------------------------------------------------
[ 2019-11-16T11:52:14+08:00 ] 113.68.9.150 GET mshop.demolink.top/index/Index/pcenter
[运行时间：0.046800s] [吞吐率：21.37req/s] [内存消耗：2,974.53kb] [文件加载：54]
[ info ] [ LANG ] D:\web\mshop\thinkphp\lang\zh-cn.php
[ info ] [ ROUTE ] array (
  'type' => 'module',
  'module' => 
  array (
    0 => 'index',
    1 => 'Index',
    2 => 'pcenter',
  ),
)
[ info ] [ HEADER ] array (
  'host' => 'mshop.demolink.top',
  'connection' => 'keep-alive',
  'upgrade-insecure-requests' => '1',
  'user-agent' => 'Mozilla/5.0 (Windows NT 6.1; WOW64) AppleWebKit/537.36 (KHTML, like Gecko) Chrome/68.0.3440.106 Safari/537.36',
  'accept' => 'text/html,application/xhtml+xml,application/xml;q=0.9,image/webp,image/apng,*/*;q=0.8',
  'referer' => 'http://mshop.demolink.top/',
  'accept-encoding' => 'gzip, deflate',
  'accept-language' => 'zh-CN,zh;q=0.9',
  'cookie' => 'pgv_pvi=5325103104; PHPSESSID=016u0elm53cqm4i9nroaunqii5',
)
[ info ] [ PARAM ] array (
  '/index/Index/pcenter' => '',
)
[ info ] [ CACHE ] INIT File
[ info ] [ RUN ] app\index\controller\Index->pcenter[ D:\web\mshop\shop\index\controller\Index.php ]
[ info ] [ DB ] INIT mysql
[ info ] [ SESSION ] INIT array (
  'type' => '',
  'auto_start' => true,
)
[ info ] [ VIEW ] ./themes/default/index/index\pcenter.html [ array (
  0 => 'top_nav',
  1 => 'user_name',
  2 => 'user_phone',
  3 => 'user_photo',
) ]
[ info ] [ LOG ] INIT File
---------------------------------------------------------------
[ 2019-11-16T11:52:22+08:00 ] 113.68.9.150 GET mshop.demolink.top/index/user/setting
[运行时间：0.031200s] [吞吐率：32.05req/s] [内存消耗：1,955.73kb] [文件加载：47]
[ info ] [ LANG ] D:\web\mshop\thinkphp\lang\zh-cn.php
[ info ] [ ROUTE ] array (
  'type' => 'module',
  'module' => 
  array (
    0 => 'index',
    1 => 'user',
    2 => 'setting',
  ),
)
[ info ] [ HEADER ] array (
  'host' => 'mshop.demolink.top',
  'connection' => 'keep-alive',
  'upgrade-insecure-requests' => '1',
  'user-agent' => 'Mozilla/5.0 (Linux; Android 6.0; Nexus 5 Build/MRA58N) AppleWebKit/537.36 (KHTML, like Gecko) Chrome/68.0.3440.106 Mobile Safari/537.36',
  'accept' => 'text/html,application/xhtml+xml,application/xml;q=0.9,image/webp,image/apng,*/*;q=0.8',
  'referer' => 'http://mshop.demolink.top/index/Index/pcenter',
  'accept-encoding' => 'gzip, deflate',
  'accept-language' => 'zh-CN,zh;q=0.9',
  'cookie' => 'pgv_pvi=5325103104; PHPSESSID=016u0elm53cqm4i9nroaunqii5',
)
[ info ] [ PARAM ] array (
  '/index/user/setting' => '',
)
[ info ] [ CACHE ] INIT File
[ info ] [ RUN ] app\index\controller\User->setting[ D:\web\mshop\shop\index\controller\User.php ]
[ info ] [ SESSION ] INIT array (
  'type' => '',
  'auto_start' => true,
)
[ info ] [ LOG ] INIT File
---------------------------------------------------------------
[ 2019-11-16T11:52:22+08:00 ] 113.68.9.150 GET mshop.demolink.top/index/Login/login
[运行时间：0.031200s] [吞吐率：32.05req/s] [内存消耗：1,820.02kb] [文件加载：44]
[ info ] [ LANG ] D:\web\mshop\thinkphp\lang\zh-cn.php
[ info ] [ ROUTE ] array (
  'type' => 'module',
  'module' => 
  array (
    0 => 'index',
    1 => 'Login',
    2 => 'login',
  ),
)
[ info ] [ HEADER ] array (
  'host' => 'mshop.demolink.top',
  'connection' => 'keep-alive',
  'upgrade-insecure-requests' => '1',
  'user-agent' => 'Mozilla/5.0 (Linux; Android 6.0; Nexus 5 Build/MRA58N) AppleWebKit/537.36 (KHTML, like Gecko) Chrome/68.0.3440.106 Mobile Safari/537.36',
  'accept' => 'text/html,application/xhtml+xml,application/xml;q=0.9,image/webp,image/apng,*/*;q=0.8',
  'referer' => 'http://mshop.demolink.top/index/Index/pcenter',
  'accept-encoding' => 'gzip, deflate',
  'accept-language' => 'zh-CN,zh;q=0.9',
  'cookie' => 'pgv_pvi=5325103104; PHPSESSID=016u0elm53cqm4i9nroaunqii5',
)
[ info ] [ PARAM ] array (
  '/index/Login/login' => '',
)
[ info ] [ CACHE ] INIT File
[ info ] [ RUN ] app\index\controller\Login->login[ D:\web\mshop\shop\index\controller\Login.php ]
[ info ] [ VIEW ] ./themes/default/index/login\login.html [ array (
) ]
[ info ] [ LOG ] INIT File
---------------------------------------------------------------
[ 2019-11-16T11:52:23+08:00 ] 113.68.9.150 GET mshop.demolink.top/captcha
[运行时间：0.031200s] [吞吐率：32.05req/s] [内存消耗：1,396.15kb] [文件加载：32]
[ info ] [ LANG ] D:\web\mshop\thinkphp\lang\zh-cn.php
[ info ] [ ROUTE ] array (
  'type' => 'method',
  'method' => 
  array (
    0 => '\\think\\captcha\\CaptchaController',
    1 => 'index',
  ),
  'var' => 
  array (
  ),
)
[ info ] [ HEADER ] array (
  'host' => 'mshop.demolink.top',
  'connection' => 'keep-alive',
  'user-agent' => 'Mozilla/5.0 (Linux; Android 6.0; Nexus 5 Build/MRA58N) AppleWebKit/537.36 (KHTML, like Gecko) Chrome/68.0.3440.106 Mobile Safari/537.36',
  'accept' => 'image/webp,image/apng,image/*,*/*;q=0.8',
  'referer' => 'http://mshop.demolink.top/index/Login/login',
  'accept-encoding' => 'gzip, deflate',
  'accept-language' => 'zh-CN,zh;q=0.9',
  'cookie' => 'pgv_pvi=5325103104; PHPSESSID=016u0elm53cqm4i9nroaunqii5',
)
[ info ] [ PARAM ] array (
  '/captcha' => '',
  'id' => '',
)
[ info ] [ RUN ] think\captcha\CaptchaController->index[ D:\web\mshop\vendor\topthink\think-captcha\src\CaptchaController.php ]
[ info ] [ SESSION ] INIT array (
  'type' => '',
  'auto_start' => true,
)
[ info ] [ LOG ] INIT File
---------------------------------------------------------------
[ 2019-11-16T11:52:32+08:00 ] 113.68.9.150 GET mshop.demolink.top/index/Login/login
[运行时间：0.031200s] [吞吐率：32.05req/s] [内存消耗：1,820.32kb] [文件加载：44]
[ info ] [ LANG ] D:\web\mshop\thinkphp\lang\zh-cn.php
[ info ] [ ROUTE ] array (
  'type' => 'module',
  'module' => 
  array (
    0 => 'index',
    1 => 'Login',
    2 => 'login',
  ),
)
[ info ] [ HEADER ] array (
  'host' => 'mshop.demolink.top',
  'connection' => 'keep-alive',
  'cache-control' => 'max-age=0',
  'upgrade-insecure-requests' => '1',
  'user-agent' => 'Mozilla/5.0 (Linux; Android 6.0; Nexus 5 Build/MRA58N) AppleWebKit/537.36 (KHTML, like Gecko) Chrome/68.0.3440.106 Mobile Safari/537.36',
  'accept' => 'text/html,application/xhtml+xml,application/xml;q=0.9,image/webp,image/apng,*/*;q=0.8',
  'referer' => 'http://mshop.demolink.top/index/Index/pcenter',
  'accept-encoding' => 'gzip, deflate',
  'accept-language' => 'zh-CN,zh;q=0.9',
  'cookie' => 'pgv_pvi=5325103104; PHPSESSID=016u0elm53cqm4i9nroaunqii5',
)
[ info ] [ PARAM ] array (
  '/index/Login/login' => '',
)
[ info ] [ CACHE ] INIT File
[ info ] [ RUN ] app\index\controller\Login->login[ D:\web\mshop\shop\index\controller\Login.php ]
[ info ] [ VIEW ] ./themes/default/index/login\login.html [ array (
) ]
[ info ] [ LOG ] INIT File
---------------------------------------------------------------
[ 2019-11-16T11:52:32+08:00 ] 113.68.9.150 GET mshop.demolink.top/captcha
[运行时间：0.031200s] [吞吐率：32.05req/s] [内存消耗：1,396.18kb] [文件加载：32]
[ info ] [ LANG ] D:\web\mshop\thinkphp\lang\zh-cn.php
[ info ] [ ROUTE ] array (
  'type' => 'method',
  'method' => 
  array (
    0 => '\\think\\captcha\\CaptchaController',
    1 => 'index',
  ),
  'var' => 
  array (
  ),
)
[ info ] [ HEADER ] array (
  'host' => 'mshop.demolink.top',
  'connection' => 'keep-alive',
  'user-agent' => 'Mozilla/5.0 (Linux; Android 6.0; Nexus 5 Build/MRA58N) AppleWebKit/537.36 (KHTML, like Gecko) Chrome/68.0.3440.106 Mobile Safari/537.36',
  'accept' => 'image/webp,image/apng,image/*,*/*;q=0.8',
  'referer' => 'http://mshop.demolink.top/index/Login/login',
  'accept-encoding' => 'gzip, deflate',
  'accept-language' => 'zh-CN,zh;q=0.9',
  'cookie' => 'pgv_pvi=5325103104; PHPSESSID=016u0elm53cqm4i9nroaunqii5',
)
[ info ] [ PARAM ] array (
  '/captcha' => '',
  'id' => '',
)
[ info ] [ RUN ] think\captcha\CaptchaController->index[ D:\web\mshop\vendor\topthink\think-captcha\src\CaptchaController.php ]
[ info ] [ SESSION ] INIT array (
  'type' => '',
  'auto_start' => true,
)
[ info ] [ LOG ] INIT File
---------------------------------------------------------------
[ 2019-11-16T11:52:39+08:00 ] 113.68.9.150 GET mshop.demolink.top/index/Login/login
[运行时间：0.031200s] [吞吐率：32.05req/s] [内存消耗：1,820.32kb] [文件加载：44]
[ info ] [ LANG ] D:\web\mshop\thinkphp\lang\zh-cn.php
[ info ] [ ROUTE ] array (
  'type' => 'module',
  'module' => 
  array (
    0 => 'index',
    1 => 'Login',
    2 => 'login',
  ),
)
[ info ] [ HEADER ] array (
  'host' => 'mshop.demolink.top',
  'connection' => 'keep-alive',
  'cache-control' => 'max-age=0',
  'upgrade-insecure-requests' => '1',
  'user-agent' => 'Mozilla/5.0 (Linux; Android 6.0; Nexus 5 Build/MRA58N) AppleWebKit/537.36 (KHTML, like Gecko) Chrome/68.0.3440.106 Mobile Safari/537.36',
  'accept' => 'text/html,application/xhtml+xml,application/xml;q=0.9,image/webp,image/apng,*/*;q=0.8',
  'referer' => 'http://mshop.demolink.top/index/Index/pcenter',
  'accept-encoding' => 'gzip, deflate',
  'accept-language' => 'zh-CN,zh;q=0.9',
  'cookie' => 'pgv_pvi=5325103104; PHPSESSID=016u0elm53cqm4i9nroaunqii5',
)
[ info ] [ PARAM ] array (
  '/index/Login/login' => '',
)
[ info ] [ CACHE ] INIT File
[ info ] [ RUN ] app\index\controller\Login->login[ D:\web\mshop\shop\index\controller\Login.php ]
[ info ] [ VIEW ] ./themes/default/index/login\login.html [ array (
) ]
[ info ] [ LOG ] INIT File
---------------------------------------------------------------
[ 2019-11-16T11:52:39+08:00 ] 113.68.9.150 GET mshop.demolink.top/captcha
[运行时间：0.015600s] [吞吐率：64.10req/s] [内存消耗：1,396.18kb] [文件加载：32]
[ info ] [ LANG ] D:\web\mshop\thinkphp\lang\zh-cn.php
[ info ] [ ROUTE ] array (
  'type' => 'method',
  'method' => 
  array (
    0 => '\\think\\captcha\\CaptchaController',
    1 => 'index',
  ),
  'var' => 
  array (
  ),
)
[ info ] [ HEADER ] array (
  'host' => 'mshop.demolink.top',
  'connection' => 'keep-alive',
  'user-agent' => 'Mozilla/5.0 (Linux; Android 6.0; Nexus 5 Build/MRA58N) AppleWebKit/537.36 (KHTML, like Gecko) Chrome/68.0.3440.106 Mobile Safari/537.36',
  'accept' => 'image/webp,image/apng,image/*,*/*;q=0.8',
  'referer' => 'http://mshop.demolink.top/index/Login/login',
  'accept-encoding' => 'gzip, deflate',
  'accept-language' => 'zh-CN,zh;q=0.9',
  'cookie' => 'pgv_pvi=5325103104; PHPSESSID=016u0elm53cqm4i9nroaunqii5',
)
[ info ] [ PARAM ] array (
  '/captcha' => '',
  'id' => '',
)
[ info ] [ RUN ] think\captcha\CaptchaController->index[ D:\web\mshop\vendor\topthink\think-captcha\src\CaptchaController.php ]
[ info ] [ SESSION ] INIT array (
  'type' => '',
  'auto_start' => true,
)
[ info ] [ LOG ] INIT File
---------------------------------------------------------------
[ 2019-11-16T11:52:48+08:00 ] 113.68.9.150 GET mshop.demolink.top/captcha?rand=0.2132304717406195
[运行时间：0.031200s] [吞吐率：32.05req/s] [内存消耗：1,396.41kb] [文件加载：32]
[ info ] [ LANG ] D:\web\mshop\thinkphp\lang\zh-cn.php
[ info ] [ ROUTE ] array (
  'type' => 'method',
  'method' => 
  array (
    0 => '\\think\\captcha\\CaptchaController',
    1 => 'index',
  ),
  'var' => 
  array (
  ),
)
[ info ] [ HEADER ] array (
  'host' => 'mshop.demolink.top',
  'connection' => 'keep-alive',
  'user-agent' => 'Mozilla/5.0 (Linux; Android 6.0; Nexus 5 Build/MRA58N) AppleWebKit/537.36 (KHTML, like Gecko) Chrome/68.0.3440.106 Mobile Safari/537.36',
  'accept' => 'image/webp,image/apng,image/*,*/*;q=0.8',
  'referer' => 'http://mshop.demolink.top/index/Login/login',
  'accept-encoding' => 'gzip, deflate',
  'accept-language' => 'zh-CN,zh;q=0.9',
  'cookie' => 'pgv_pvi=5325103104; PHPSESSID=016u0elm53cqm4i9nroaunqii5',
)
[ info ] [ PARAM ] array (
  '/captcha' => '',
  'rand' => '0.2132304717406195',
  'id' => '',
)
[ info ] [ RUN ] think\captcha\CaptchaController->index[ D:\web\mshop\vendor\topthink\think-captcha\src\CaptchaController.php ]
[ info ] [ SESSION ] INIT array (
  'type' => '',
  'auto_start' => true,
)
[ info ] [ LOG ] INIT File
---------------------------------------------------------------
[ 2019-11-16T11:52:53+08:00 ] 113.68.9.150 POST mshop.demolink.top/index/Login/login
[运行时间：0.280800s] [吞吐率：3.56req/s] [内存消耗：2,939.20kb] [文件加载：52]
[ info ] [ LANG ] D:\web\mshop\thinkphp\lang\zh-cn.php
[ info ] [ ROUTE ] array (
  'type' => 'module',
  'module' => 
  array (
    0 => 'index',
    1 => 'Login',
    2 => 'login',
  ),
)
[ info ] [ HEADER ] array (
  'host' => 'mshop.demolink.top',
  'connection' => 'keep-alive',
  'content-length' => '53',
  'accept' => '*/*',
  'origin' => 'http://mshop.demolink.top',
  'x-requested-with' => 'XMLHttpRequest',
  'user-agent' => 'Mozilla/5.0 (Linux; Android 6.0; Nexus 5 Build/MRA58N) AppleWebKit/537.36 (KHTML, like Gecko) Chrome/68.0.3440.106 Mobile Safari/537.36',
  'content-type' => 'application/x-www-form-urlencoded; charset=UTF-8',
  'referer' => 'http://mshop.demolink.top/index/Login/login',
  'accept-encoding' => 'gzip, deflate',
  'accept-language' => 'zh-CN,zh;q=0.9',
  'cookie' => 'pgv_pvi=5325103104; PHPSESSID=016u0elm53cqm4i9nroaunqii5',
)
[ info ] [ PARAM ] array (
  '/index/Login/login' => '',
  'user_phone' => '13211111111',
  'user_pass' => '111111',
  'captcha' => 'hdhbq',
)
[ info ] [ CACHE ] INIT File
[ info ] [ RUN ] app\index\controller\Login->login[ D:\web\mshop\shop\index\controller\Login.php ]
[ info ] [ DB ] INIT mysql
[ info ] [ SESSION ] INIT array (
  'type' => '',
  'auto_start' => true,
)
[ info ] [ LOG ] INIT File
---------------------------------------------------------------
[ 2019-11-16T11:52:53+08:00 ] 113.68.9.150 GET mshop.demolink.top/index/index/pcenter
[运行时间：0.046800s] [吞吐率：21.37req/s] [内存消耗：3,003.91kb] [文件加载：54]
[ info ] [ LANG ] D:\web\mshop\thinkphp\lang\zh-cn.php
[ info ] [ ROUTE ] array (
  'type' => 'module',
  'module' => 
  array (
    0 => 'index',
    1 => 'index',
    2 => 'pcenter',
  ),
)
[ info ] [ HEADER ] array (
  'host' => 'mshop.demolink.top',
  'connection' => 'keep-alive',
  'upgrade-insecure-requests' => '1',
  'user-agent' => 'Mozilla/5.0 (Linux; Android 6.0; Nexus 5 Build/MRA58N) AppleWebKit/537.36 (KHTML, like Gecko) Chrome/68.0.3440.106 Mobile Safari/537.36',
  'accept' => 'text/html,application/xhtml+xml,application/xml;q=0.9,image/webp,image/apng,*/*;q=0.8',
  'referer' => 'http://mshop.demolink.top/index/Login/login',
  'accept-encoding' => 'gzip, deflate',
  'accept-language' => 'zh-CN,zh;q=0.9',
  'cookie' => 'pgv_pvi=5325103104; PHPSESSID=016u0elm53cqm4i9nroaunqii5',
)
[ info ] [ PARAM ] array (
  '/index/index/pcenter' => '',
)
[ info ] [ CACHE ] INIT File
[ info ] [ RUN ] app\index\controller\Index->pcenter[ D:\web\mshop\shop\index\controller\Index.php ]
[ info ] [ DB ] INIT mysql
[ info ] [ SESSION ] INIT array (
  'type' => '',
  'auto_start' => true,
)
[ info ] [ VIEW ] ./themes/default/index/index\pcenter.html [ array (
  0 => 'top_nav',
  1 => 'user_name',
  2 => 'user_phone',
  3 => 'user_photo',
) ]
[ info ] [ LOG ] INIT File
---------------------------------------------------------------
[ 2019-11-16T12:10:27+08:00 ] 117.136.41.48 GET mshop.demolink.top/
[运行时间：0.078000s] [吞吐率：12.82req/s] [内存消耗：2,756.13kb] [文件加载：53]
[ info ] [ LANG ] D:\web\mshop\thinkphp\lang\zh-cn.php
[ info ] [ ROUTE ] array (
  'type' => 'module',
  'module' => 
  array (
    0 => '',
    1 => NULL,
    2 => NULL,
  ),
)
[ info ] [ HEADER ] array (
  'host' => 'mshop.demolink.top',
  'connection' => 'keep-alive',
  'user-agent' => 'Mozilla/5.0 (Linux; Android 9; NEO-AL00 Build/HUAWEINEO-AL00; wv) AppleWebKit/537.36 (KHTML, like Gecko) Version/4.0 Chrome/63.0.3239.83 Mobile Safari/537.36 T7/11.16 SP-engine/2.12.0 baiduboxapp/11.16.0.10 (Baidu; P1 9)',
  'upgrade-insecure-requests' => '1',
  'accept' => 'text/html,application/xhtml+xml,application/xml;q=0.9,image/webp,image/apng,*/*;q=0.8',
  'accept-encoding' => 'gzip, deflate, br',
  'accept-language' => 'zh-CN,en-US;q=0.9',
  'x-requested-with' => 'com.baidu.searchbox',
)
[ info ] [ PARAM ] array (
)
[ info ] [ CACHE ] INIT File
[ info ] [ RUN ] app\index\controller\Index->index[ D:\web\mshop\shop\index\controller\Index.php ]
[ info ] [ DB ] INIT mysql
[ info ] [ VIEW ] ./themes/default/index/index\index.html [ array (
  0 => 'top_nav',
  1 => 'brand',
  2 => 'guesslike',
  3 => 'newlist',
  4 => 'popular',
  5 => 'frontend_images',
) ]
[ info ] [ LOG ] INIT File
---------------------------------------------------------------
[ 2019-11-16T12:14:59+08:00 ] 36.110.199.170 GET mshop.demolink.top/
[运行时间：0.078000s] [吞吐率：12.82req/s] [内存消耗：2,755.45kb] [文件加载：53]
[ info ] [ LANG ] D:\web\mshop\thinkphp\lang\zh-cn.php
[ info ] [ ROUTE ] array (
  'type' => 'module',
  'module' => 
  array (
    0 => '',
    1 => NULL,
    2 => NULL,
  ),
)
[ info ] [ HEADER ] array (
  'accept' => 'text/html,application/xhtml+xml,application/xml;q=0.9,*/*;q=0.8',
  'user-agent' => 'Mozilla/5.0 (Linux; Android 6.0.1; SOV33 Build/35.0.D.0.326) AppleWebKit/537.36 (KHTML, like Gecko) Chrome/49.0.2623.91 Mobile Safari/537.36',
  'referer' => 'http://www.baidu.com/s?wd=neededia8',
  'connection' => 'Keep-Alive',
  'accept-encoding' => 'gzip, deflate',
  'accept-language' => 'en-US,*',
  'host' => 'mshop.demolink.top',
)
[ info ] [ PARAM ] array (
)
[ info ] [ CACHE ] INIT File
[ info ] [ RUN ] app\index\controller\Index->index[ D:\web\mshop\shop\index\controller\Index.php ]
[ info ] [ DB ] INIT mysql
[ info ] [ VIEW ] ./themes/default/index/index\index.html [ array (
  0 => 'top_nav',
  1 => 'brand',
  2 => 'guesslike',
  3 => 'newlist',
  4 => 'popular',
  5 => 'frontend_images',
) ]
[ info ] [ LOG ] INIT File
