---------------------------------------------------------------
[ 2019-07-15T11:09:41+08:00 ] 121.32.177.127 GET mshop.demolink.top/
[运行时间：0.078000s] [吞吐率：12.82req/s] [内存消耗：2,742.68kb] [文件加载：53]
[ info ] [ LANG ] D:\web\mshop\thinkphp\lang\zh-cn.php
[ info ] [ ROUTE ] array (
  'type' => 'module',
  'module' => 
  array (
    0 => '',
    1 => NULL,
    2 => NULL,
  ),
)
[ info ] [ HEADER ] array (
  'host' => 'mshop.demolink.top',
  'connection' => 'keep-alive',
  'upgrade-insecure-requests' => '1',
  'user-agent' => 'Mozilla/5.0 (Windows NT 6.1; WOW64) AppleWebKit/537.36 (KHTML, like Gecko) Chrome/68.0.3440.106 Safari/537.36',
  'accept' => 'text/html,application/xhtml+xml,application/xml;q=0.9,image/webp,image/apng,*/*;q=0.8',
  'accept-encoding' => 'gzip, deflate',
  'accept-language' => 'zh-CN,zh;q=0.9',
  'cookie' => 'UM_distinctid=1696064496e86-018fe7bcf35b28-43480420-fa000-169606449704e6; pgv_pvi=5325103104',
)
[ info ] [ PARAM ] array (
)
[ info ] [ CACHE ] INIT File
[ info ] [ RUN ] app\index\controller\Index->index[ D:\web\mshop\shop\index\controller\Index.php ]
[ info ] [ DB ] INIT mysql
[ info ] [ VIEW ] ./themes/default/index/index\index.html [ array (
  0 => 'top_nav',
  1 => 'brand',
  2 => 'guesslike',
  3 => 'newlist',
  4 => 'popular',
  5 => 'frontend_images',
) ]
[ info ] [ LOG ] INIT File
---------------------------------------------------------------
[ 2019-07-15T11:09:43+08:00 ] 121.32.177.127 GET mshop.demolink.top/favicon.ico
[运行时间：0.015600s] [吞吐率：64.10req/s] [内存消耗：1,366.97kb] [文件加载：33]
[ info ] [ LANG ] D:\web\mshop\thinkphp\lang\zh-cn.php
[ info ] [ ROUTE ] array (
  'type' => 'module',
  'module' => 
  array (
    0 => 'favicon',
    1 => NULL,
    2 => NULL,
  ),
)
[ info ] [ HEADER ] array (
  'host' => 'mshop.demolink.top',
  'connection' => 'keep-alive',
  'user-agent' => 'Mozilla/5.0 (Windows NT 6.1; WOW64) AppleWebKit/537.36 (KHTML, like Gecko) Chrome/68.0.3440.106 Safari/537.36',
  'accept' => 'image/webp,image/apng,image/*,*/*;q=0.8',
  'referer' => 'http://mshop.demolink.top/',
  'accept-encoding' => 'gzip, deflate',
  'accept-language' => 'zh-CN,zh;q=0.9',
  'cookie' => 'UM_distinctid=1696064496e86-018fe7bcf35b28-43480420-fa000-169606449704e6; pgv_pvi=5325103104',
)
[ info ] [ PARAM ] array (
  '/favicon_ico' => '',
)
[ info ] [ LOG ] INIT File
---------------------------------------------------------------
[ 2019-07-15T17:20:45+08:00 ] 121.32.177.127 GET mshop.demolink.top/
[运行时间：0.078000s] [吞吐率：12.82req/s] [内存消耗：2,742.69kb] [文件加载：53]
[ info ] [ LANG ] D:\web\mshop\thinkphp\lang\zh-cn.php
[ info ] [ ROUTE ] array (
  'type' => 'module',
  'module' => 
  array (
    0 => '',
    1 => NULL,
    2 => NULL,
  ),
)
[ info ] [ HEADER ] array (
  'host' => 'mshop.demolink.top',
  'connection' => 'keep-alive',
  'upgrade-insecure-requests' => '1',
  'user-agent' => 'Mozilla/5.0 (Windows NT 6.1; WOW64) AppleWebKit/537.36 (KHTML, like Gecko) Chrome/68.0.3440.106 Safari/537.36',
  'accept' => 'text/html,application/xhtml+xml,application/xml;q=0.9,image/webp,image/apng,*/*;q=0.8',
  'accept-encoding' => 'gzip, deflate',
  'accept-language' => 'zh-CN,zh;q=0.9',
  'cookie' => 'UM_distinctid=1696064496e86-018fe7bcf35b28-43480420-fa000-169606449704e6; pgv_pvi=5325103104',
)
[ info ] [ PARAM ] array (
)
[ info ] [ CACHE ] INIT File
[ info ] [ RUN ] app\index\controller\Index->index[ D:\web\mshop\shop\index\controller\Index.php ]
[ info ] [ DB ] INIT mysql
[ info ] [ VIEW ] ./themes/default/index/index\index.html [ array (
  0 => 'top_nav',
  1 => 'brand',
  2 => 'guesslike',
  3 => 'newlist',
  4 => 'popular',
  5 => 'frontend_images',
) ]
[ info ] [ LOG ] INIT File
---------------------------------------------------------------
[ 2019-07-15T17:20:49+08:00 ] 121.32.177.127 GET mshop.demolink.top/index/Index/pcenter
[运行时间：0.062400s] [吞吐率：16.03req/s] [内存消耗：2,958.80kb] [文件加载：54]
[ info ] [ LANG ] D:\web\mshop\thinkphp\lang\zh-cn.php
[ info ] [ ROUTE ] array (
  'type' => 'module',
  'module' => 
  array (
    0 => 'index',
    1 => 'Index',
    2 => 'pcenter',
  ),
)
[ info ] [ HEADER ] array (
  'host' => 'mshop.demolink.top',
  'connection' => 'keep-alive',
  'upgrade-insecure-requests' => '1',
  'user-agent' => 'Mozilla/5.0 (Linux; Android 6.0; Nexus 5 Build/MRA58N) AppleWebKit/537.36 (KHTML, like Gecko) Chrome/68.0.3440.106 Mobile Safari/537.36',
  'accept' => 'text/html,application/xhtml+xml,application/xml;q=0.9,image/webp,image/apng,*/*;q=0.8',
  'referer' => 'http://mshop.demolink.top/',
  'accept-encoding' => 'gzip, deflate',
  'accept-language' => 'zh-CN,zh;q=0.9',
  'cookie' => 'UM_distinctid=1696064496e86-018fe7bcf35b28-43480420-fa000-169606449704e6; pgv_pvi=5325103104',
)
[ info ] [ PARAM ] array (
  '/index/Index/pcenter' => '',
)
[ info ] [ CACHE ] INIT File
[ info ] [ RUN ] app\index\controller\Index->pcenter[ D:\web\mshop\shop\index\controller\Index.php ]
[ info ] [ DB ] INIT mysql
[ info ] [ SESSION ] INIT array (
  'type' => '',
  'auto_start' => true,
)
[ info ] [ VIEW ] ./themes/default/index/index\pcenter.html [ array (
  0 => 'top_nav',
  1 => 'user_name',
  2 => 'user_phone',
  3 => 'user_photo',
) ]
[ info ] [ LOG ] INIT File
---------------------------------------------------------------
[ 2019-07-15T17:20:51+08:00 ] 121.32.177.127 GET mshop.demolink.top/index/user/setting
[运行时间：0.046800s] [吞吐率：21.37req/s] [内存消耗：1,947.03kb] [文件加载：47]
[ info ] [ LANG ] D:\web\mshop\thinkphp\lang\zh-cn.php
[ info ] [ ROUTE ] array (
  'type' => 'module',
  'module' => 
  array (
    0 => 'index',
    1 => 'user',
    2 => 'setting',
  ),
)
[ info ] [ HEADER ] array (
  'host' => 'mshop.demolink.top',
  'connection' => 'keep-alive',
  'upgrade-insecure-requests' => '1',
  'user-agent' => 'Mozilla/5.0 (Linux; Android 6.0; Nexus 5 Build/MRA58N) AppleWebKit/537.36 (KHTML, like Gecko) Chrome/68.0.3440.106 Mobile Safari/537.36',
  'accept' => 'text/html,application/xhtml+xml,application/xml;q=0.9,image/webp,image/apng,*/*;q=0.8',
  'referer' => 'http://mshop.demolink.top/index/Index/pcenter',
  'accept-encoding' => 'gzip, deflate',
  'accept-language' => 'zh-CN,zh;q=0.9',
  'cookie' => 'UM_distinctid=1696064496e86-018fe7bcf35b28-43480420-fa000-169606449704e6; pgv_pvi=5325103104; PHPSESSID=p8qhhbbeql1dat4109hg0uo543',
)
[ info ] [ PARAM ] array (
  '/index/user/setting' => '',
)
[ info ] [ CACHE ] INIT File
[ info ] [ RUN ] app\index\controller\User->setting[ D:\web\mshop\shop\index\controller\User.php ]
[ info ] [ SESSION ] INIT array (
  'type' => '',
  'auto_start' => true,
)
[ info ] [ LOG ] INIT File
---------------------------------------------------------------
[ 2019-07-15T17:20:51+08:00 ] 121.32.177.127 GET mshop.demolink.top/index/Login/login
[运行时间：0.031200s] [吞吐率：32.05req/s] [内存消耗：1,813.30kb] [文件加载：44]
[ info ] [ LANG ] D:\web\mshop\thinkphp\lang\zh-cn.php
[ info ] [ ROUTE ] array (
  'type' => 'module',
  'module' => 
  array (
    0 => 'index',
    1 => 'Login',
    2 => 'login',
  ),
)
[ info ] [ HEADER ] array (
  'host' => 'mshop.demolink.top',
  'connection' => 'keep-alive',
  'upgrade-insecure-requests' => '1',
  'user-agent' => 'Mozilla/5.0 (Linux; Android 6.0; Nexus 5 Build/MRA58N) AppleWebKit/537.36 (KHTML, like Gecko) Chrome/68.0.3440.106 Mobile Safari/537.36',
  'accept' => 'text/html,application/xhtml+xml,application/xml;q=0.9,image/webp,image/apng,*/*;q=0.8',
  'referer' => 'http://mshop.demolink.top/index/Index/pcenter',
  'accept-encoding' => 'gzip, deflate',
  'accept-language' => 'zh-CN,zh;q=0.9',
  'cookie' => 'UM_distinctid=1696064496e86-018fe7bcf35b28-43480420-fa000-169606449704e6; pgv_pvi=5325103104; PHPSESSID=p8qhhbbeql1dat4109hg0uo543',
)
[ info ] [ PARAM ] array (
  '/index/Login/login' => '',
)
[ info ] [ CACHE ] INIT File
[ info ] [ RUN ] app\index\controller\Login->login[ D:\web\mshop\shop\index\controller\Login.php ]
[ info ] [ VIEW ] ./themes/default/index/login\login.html [ array (
) ]
[ info ] [ LOG ] INIT File
---------------------------------------------------------------
[ 2019-07-15T17:20:51+08:00 ] 121.32.177.127 GET mshop.demolink.top/captcha
[运行时间：0.031200s] [吞吐率：32.05req/s] [内存消耗：1,390.95kb] [文件加载：32]
[ info ] [ LANG ] D:\web\mshop\thinkphp\lang\zh-cn.php
[ info ] [ ROUTE ] array (
  'type' => 'method',
  'method' => 
  array (
    0 => '\\think\\captcha\\CaptchaController',
    1 => 'index',
  ),
  'var' => 
  array (
  ),
)
[ info ] [ HEADER ] array (
  'host' => 'mshop.demolink.top',
  'connection' => 'keep-alive',
  'user-agent' => 'Mozilla/5.0 (Linux; Android 6.0; Nexus 5 Build/MRA58N) AppleWebKit/537.36 (KHTML, like Gecko) Chrome/68.0.3440.106 Mobile Safari/537.36',
  'accept' => 'image/webp,image/apng,image/*,*/*;q=0.8',
  'referer' => 'http://mshop.demolink.top/index/Login/login',
  'accept-encoding' => 'gzip, deflate',
  'accept-language' => 'zh-CN,zh;q=0.9',
  'cookie' => 'UM_distinctid=1696064496e86-018fe7bcf35b28-43480420-fa000-169606449704e6; pgv_pvi=5325103104; PHPSESSID=p8qhhbbeql1dat4109hg0uo543',
)
[ info ] [ PARAM ] array (
  '/captcha' => '',
  'id' => '',
)
[ info ] [ RUN ] think\captcha\CaptchaController->index[ D:\web\mshop\vendor\topthink\think-captcha\src\CaptchaController.php ]
[ info ] [ SESSION ] INIT array (
  'type' => '',
  'auto_start' => true,
)
[ info ] [ LOG ] INIT File
---------------------------------------------------------------
[ 2019-07-15T17:21:00+08:00 ] 121.32.177.127 POST mshop.demolink.top/index/Login/login
[运行时间：0.062400s] [吞吐率：16.03req/s] [内存消耗：2,923.30kb] [文件加载：52]
[ info ] [ LANG ] D:\web\mshop\thinkphp\lang\zh-cn.php
[ info ] [ ROUTE ] array (
  'type' => 'module',
  'module' => 
  array (
    0 => 'index',
    1 => 'Login',
    2 => 'login',
  ),
)
[ info ] [ HEADER ] array (
  'host' => 'mshop.demolink.top',
  'connection' => 'keep-alive',
  'content-length' => '53',
  'accept' => '*/*',
  'origin' => 'http://mshop.demolink.top',
  'x-requested-with' => 'XMLHttpRequest',
  'user-agent' => 'Mozilla/5.0 (Linux; Android 6.0; Nexus 5 Build/MRA58N) AppleWebKit/537.36 (KHTML, like Gecko) Chrome/68.0.3440.106 Mobile Safari/537.36',
  'content-type' => 'application/x-www-form-urlencoded; charset=UTF-8',
  'referer' => 'http://mshop.demolink.top/index/Login/login',
  'accept-encoding' => 'gzip, deflate',
  'accept-language' => 'zh-CN,zh;q=0.9',
  'cookie' => 'UM_distinctid=1696064496e86-018fe7bcf35b28-43480420-fa000-169606449704e6; pgv_pvi=5325103104; PHPSESSID=p8qhhbbeql1dat4109hg0uo543',
)
[ info ] [ PARAM ] array (
  '/index/Login/login' => '',
  'user_phone' => '13211111111',
  'user_pass' => '111111',
  'captcha' => 'mqffd',
)
[ info ] [ CACHE ] INIT File
[ info ] [ RUN ] app\index\controller\Login->login[ D:\web\mshop\shop\index\controller\Login.php ]
[ info ] [ DB ] INIT mysql
[ info ] [ SESSION ] INIT array (
  'type' => '',
  'auto_start' => true,
)
[ info ] [ LOG ] INIT File
---------------------------------------------------------------
[ 2019-07-15T17:21:01+08:00 ] 121.32.177.127 GET mshop.demolink.top/index/index/pcenter
[运行时间：0.046800s] [吞吐率：21.37req/s] [内存消耗：2,987.82kb] [文件加载：54]
[ info ] [ LANG ] D:\web\mshop\thinkphp\lang\zh-cn.php
[ info ] [ ROUTE ] array (
  'type' => 'module',
  'module' => 
  array (
    0 => 'index',
    1 => 'index',
    2 => 'pcenter',
  ),
)
[ info ] [ HEADER ] array (
  'host' => 'mshop.demolink.top',
  'connection' => 'keep-alive',
  'upgrade-insecure-requests' => '1',
  'user-agent' => 'Mozilla/5.0 (Linux; Android 6.0; Nexus 5 Build/MRA58N) AppleWebKit/537.36 (KHTML, like Gecko) Chrome/68.0.3440.106 Mobile Safari/537.36',
  'accept' => 'text/html,application/xhtml+xml,application/xml;q=0.9,image/webp,image/apng,*/*;q=0.8',
  'referer' => 'http://mshop.demolink.top/index/Login/login',
  'accept-encoding' => 'gzip, deflate',
  'accept-language' => 'zh-CN,zh;q=0.9',
  'cookie' => 'UM_distinctid=1696064496e86-018fe7bcf35b28-43480420-fa000-169606449704e6; pgv_pvi=5325103104; PHPSESSID=p8qhhbbeql1dat4109hg0uo543',
)
[ info ] [ PARAM ] array (
  '/index/index/pcenter' => '',
)
[ info ] [ CACHE ] INIT File
[ info ] [ RUN ] app\index\controller\Index->pcenter[ D:\web\mshop\shop\index\controller\Index.php ]
[ info ] [ DB ] INIT mysql
[ info ] [ SESSION ] INIT array (
  'type' => '',
  'auto_start' => true,
)
[ info ] [ VIEW ] ./themes/default/index/index\pcenter.html [ array (
  0 => 'top_nav',
  1 => 'user_name',
  2 => 'user_phone',
  3 => 'user_photo',
) ]
[ info ] [ LOG ] INIT File
---------------------------------------------------------------
[ 2019-07-15T17:21:07+08:00 ] 121.32.177.127 GET mshop.demolink.top/index/user/setting
[运行时间：0.046800s] [吞吐率：21.37req/s] [内存消耗：1,930.95kb] [文件加载：46]
[ info ] [ LANG ] D:\web\mshop\thinkphp\lang\zh-cn.php
[ info ] [ ROUTE ] array (
  'type' => 'module',
  'module' => 
  array (
    0 => 'index',
    1 => 'user',
    2 => 'setting',
  ),
)
[ info ] [ HEADER ] array (
  'host' => 'mshop.demolink.top',
  'connection' => 'keep-alive',
  'upgrade-insecure-requests' => '1',
  'user-agent' => 'Mozilla/5.0 (Linux; Android 6.0; Nexus 5 Build/MRA58N) AppleWebKit/537.36 (KHTML, like Gecko) Chrome/68.0.3440.106 Mobile Safari/537.36',
  'accept' => 'text/html,application/xhtml+xml,application/xml;q=0.9,image/webp,image/apng,*/*;q=0.8',
  'referer' => 'http://mshop.demolink.top/index/index/pcenter',
  'accept-encoding' => 'gzip, deflate',
  'accept-language' => 'zh-CN,zh;q=0.9',
  'cookie' => 'UM_distinctid=1696064496e86-018fe7bcf35b28-43480420-fa000-169606449704e6; pgv_pvi=5325103104; PHPSESSID=p8qhhbbeql1dat4109hg0uo543',
)
[ info ] [ PARAM ] array (
  '/index/user/setting' => '',
)
[ info ] [ CACHE ] INIT File
[ info ] [ RUN ] app\index\controller\User->setting[ D:\web\mshop\shop\index\controller\User.php ]
[ info ] [ SESSION ] INIT array (
  'type' => '',
  'auto_start' => true,
)
[ info ] [ VIEW ] ./themes/default/index/user\setting.html [ array (
  0 => 'top_nav',
) ]
[ info ] [ LOG ] INIT File
---------------------------------------------------------------
[ 2019-07-15T17:21:08+08:00 ] 121.32.177.127 GET mshop.demolink.top/index/setting/bankcard
[运行时间：0.046800s] [吞吐率：21.37req/s] [内存消耗：2,640.34kb] [文件加载：52]
[ info ] [ LANG ] D:\web\mshop\thinkphp\lang\zh-cn.php
[ info ] [ ROUTE ] array (
  'type' => 'module',
  'module' => 
  array (
    0 => 'index',
    1 => 'setting',
    2 => 'bankcard',
  ),
)
[ info ] [ HEADER ] array (
  'host' => 'mshop.demolink.top',
  'connection' => 'keep-alive',
  'upgrade-insecure-requests' => '1',
  'user-agent' => 'Mozilla/5.0 (Linux; Android 6.0; Nexus 5 Build/MRA58N) AppleWebKit/537.36 (KHTML, like Gecko) Chrome/68.0.3440.106 Mobile Safari/537.36',
  'accept' => 'text/html,application/xhtml+xml,application/xml;q=0.9,image/webp,image/apng,*/*;q=0.8',
  'referer' => 'http://mshop.demolink.top/index/user/setting',
  'accept-encoding' => 'gzip, deflate',
  'accept-language' => 'zh-CN,zh;q=0.9',
  'cookie' => 'UM_distinctid=1696064496e86-018fe7bcf35b28-43480420-fa000-169606449704e6; pgv_pvi=5325103104; PHPSESSID=p8qhhbbeql1dat4109hg0uo543',
)
[ info ] [ PARAM ] array (
  '/index/setting/bankcard' => '',
)
[ info ] [ CACHE ] INIT File
[ info ] [ RUN ] app\index\controller\Setting->bankcard[ D:\web\mshop\shop\index\controller\Setting.php ]
[ info ] [ SESSION ] INIT array (
  'type' => '',
  'auto_start' => true,
)
[ info ] [ DB ] INIT mysql
[ info ] [ VIEW ] ./themes/default/index/setting\bankcard.html [ array (
  0 => 'top_nav',
  1 => 'user_bank',
) ]
[ info ] [ LOG ] INIT File
---------------------------------------------------------------
[ 2019-07-15T17:21:12+08:00 ] 121.32.177.127 GET mshop.demolink.top/index/user/setting
[运行时间：0.046800s] [吞吐率：21.37req/s] [内存消耗：1,930.95kb] [文件加载：46]
[ info ] [ LANG ] D:\web\mshop\thinkphp\lang\zh-cn.php
[ info ] [ ROUTE ] array (
  'type' => 'module',
  'module' => 
  array (
    0 => 'index',
    1 => 'user',
    2 => 'setting',
  ),
)
[ info ] [ HEADER ] array (
  'host' => 'mshop.demolink.top',
  'connection' => 'keep-alive',
  'upgrade-insecure-requests' => '1',
  'user-agent' => 'Mozilla/5.0 (Linux; Android 6.0; Nexus 5 Build/MRA58N) AppleWebKit/537.36 (KHTML, like Gecko) Chrome/68.0.3440.106 Mobile Safari/537.36',
  'accept' => 'text/html,application/xhtml+xml,application/xml;q=0.9,image/webp,image/apng,*/*;q=0.8',
  'referer' => 'http://mshop.demolink.top/index/index/pcenter',
  'accept-encoding' => 'gzip, deflate',
  'accept-language' => 'zh-CN,zh;q=0.9',
  'cookie' => 'UM_distinctid=1696064496e86-018fe7bcf35b28-43480420-fa000-169606449704e6; pgv_pvi=5325103104; PHPSESSID=p8qhhbbeql1dat4109hg0uo543',
)
[ info ] [ PARAM ] array (
  '/index/user/setting' => '',
)
[ info ] [ CACHE ] INIT File
[ info ] [ RUN ] app\index\controller\User->setting[ D:\web\mshop\shop\index\controller\User.php ]
[ info ] [ SESSION ] INIT array (
  'type' => '',
  'auto_start' => true,
)
[ info ] [ VIEW ] ./themes/default/index/user\setting.html [ array (
  0 => 'top_nav',
) ]
[ info ] [ LOG ] INIT File
---------------------------------------------------------------
[ 2019-07-15T17:21:13+08:00 ] 121.32.177.127 GET mshop.demolink.top/index/index/pcenter
[运行时间：0.078000s] [吞吐率：12.82req/s] [内存消耗：2,987.82kb] [文件加载：54]
[ info ] [ LANG ] D:\web\mshop\thinkphp\lang\zh-cn.php
[ info ] [ ROUTE ] array (
  'type' => 'module',
  'module' => 
  array (
    0 => 'index',
    1 => 'index',
    2 => 'pcenter',
  ),
)
[ info ] [ HEADER ] array (
  'host' => 'mshop.demolink.top',
  'connection' => 'keep-alive',
  'upgrade-insecure-requests' => '1',
  'user-agent' => 'Mozilla/5.0 (Linux; Android 6.0; Nexus 5 Build/MRA58N) AppleWebKit/537.36 (KHTML, like Gecko) Chrome/68.0.3440.106 Mobile Safari/537.36',
  'accept' => 'text/html,application/xhtml+xml,application/xml;q=0.9,image/webp,image/apng,*/*;q=0.8',
  'referer' => 'http://mshop.demolink.top/index/Login/login',
  'accept-encoding' => 'gzip, deflate',
  'accept-language' => 'zh-CN,zh;q=0.9',
  'cookie' => 'UM_distinctid=1696064496e86-018fe7bcf35b28-43480420-fa000-169606449704e6; pgv_pvi=5325103104; PHPSESSID=p8qhhbbeql1dat4109hg0uo543',
)
[ info ] [ PARAM ] array (
  '/index/index/pcenter' => '',
)
[ info ] [ CACHE ] INIT File
[ info ] [ RUN ] app\index\controller\Index->pcenter[ D:\web\mshop\shop\index\controller\Index.php ]
[ info ] [ DB ] INIT mysql
[ info ] [ SESSION ] INIT array (
  'type' => '',
  'auto_start' => true,
)
[ info ] [ VIEW ] ./themes/default/index/index\pcenter.html [ array (
  0 => 'top_nav',
  1 => 'user_name',
  2 => 'user_phone',
  3 => 'user_photo',
) ]
[ info ] [ LOG ] INIT File
---------------------------------------------------------------
[ 2019-07-15T17:21:15+08:00 ] 121.32.177.127 GET mshop.demolink.top/index/Index/index
[运行时间：0.078000s] [吞吐率：12.82req/s] [内存消耗：2,746.59kb] [文件加载：53]
[ info ] [ LANG ] D:\web\mshop\thinkphp\lang\zh-cn.php
[ info ] [ ROUTE ] array (
  'type' => 'module',
  'module' => 
  array (
    0 => 'index',
    1 => 'Index',
    2 => 'index',
  ),
)
[ info ] [ HEADER ] array (
  'host' => 'mshop.demolink.top',
  'connection' => 'keep-alive',
  'upgrade-insecure-requests' => '1',
  'user-agent' => 'Mozilla/5.0 (Linux; Android 6.0; Nexus 5 Build/MRA58N) AppleWebKit/537.36 (KHTML, like Gecko) Chrome/68.0.3440.106 Mobile Safari/537.36',
  'accept' => 'text/html,application/xhtml+xml,application/xml;q=0.9,image/webp,image/apng,*/*;q=0.8',
  'referer' => 'http://mshop.demolink.top/index/index/pcenter',
  'accept-encoding' => 'gzip, deflate',
  'accept-language' => 'zh-CN,zh;q=0.9',
  'cookie' => 'UM_distinctid=1696064496e86-018fe7bcf35b28-43480420-fa000-169606449704e6; pgv_pvi=5325103104; PHPSESSID=p8qhhbbeql1dat4109hg0uo543',
)
[ info ] [ PARAM ] array (
  '/index/Index/index' => '',
)
[ info ] [ CACHE ] INIT File
[ info ] [ RUN ] app\index\controller\Index->index[ D:\web\mshop\shop\index\controller\Index.php ]
[ info ] [ DB ] INIT mysql
[ info ] [ VIEW ] ./themes/default/index/index\index.html [ array (
  0 => 'top_nav',
  1 => 'brand',
  2 => 'guesslike',
  3 => 'newlist',
  4 => 'popular',
  5 => 'frontend_images',
) ]
[ info ] [ LOG ] INIT File
---------------------------------------------------------------
[ 2019-07-15T17:21:16+08:00 ] 121.32.177.127 GET mshop.demolink.top/index/Index/shpcart
[运行时间：0.062400s] [吞吐率：16.03req/s] [内存消耗：2,671.88kb] [文件加载：52]
[ info ] [ LANG ] D:\web\mshop\thinkphp\lang\zh-cn.php
[ info ] [ ROUTE ] array (
  'type' => 'module',
  'module' => 
  array (
    0 => 'index',
    1 => 'Index',
    2 => 'shpcart',
  ),
)
[ info ] [ HEADER ] array (
  'host' => 'mshop.demolink.top',
  'connection' => 'keep-alive',
  'upgrade-insecure-requests' => '1',
  'user-agent' => 'Mozilla/5.0 (Linux; Android 6.0; Nexus 5 Build/MRA58N) AppleWebKit/537.36 (KHTML, like Gecko) Chrome/68.0.3440.106 Mobile Safari/537.36',
  'accept' => 'text/html,application/xhtml+xml,application/xml;q=0.9,image/webp,image/apng,*/*;q=0.8',
  'referer' => 'http://mshop.demolink.top/index/Index/index',
  'accept-encoding' => 'gzip, deflate',
  'accept-language' => 'zh-CN,zh;q=0.9',
  'cookie' => 'UM_distinctid=1696064496e86-018fe7bcf35b28-43480420-fa000-169606449704e6; pgv_pvi=5325103104; PHPSESSID=p8qhhbbeql1dat4109hg0uo543',
)
[ info ] [ PARAM ] array (
  '/index/Index/shpcart' => '',
)
[ info ] [ CACHE ] INIT File
[ info ] [ RUN ] app\index\controller\Index->shpcart[ D:\web\mshop\shop\index\controller\Index.php ]
[ info ] [ SESSION ] INIT array (
  'type' => '',
  'auto_start' => true,
)
[ info ] [ DB ] INIT mysql
[ info ] [ VIEW ] ./themes/default/index/index\shpcart.html [ array (
  0 => 'top_nav',
  1 => 'cart',
) ]
[ info ] [ LOG ] INIT File
---------------------------------------------------------------
[ 2019-07-15T17:21:19+08:00 ] 121.32.177.127 GET mshop.demolink.top/index/Index/index
[运行时间：0.078000s] [吞吐率：12.82req/s] [内存消耗：2,746.59kb] [文件加载：53]
[ info ] [ LANG ] D:\web\mshop\thinkphp\lang\zh-cn.php
[ info ] [ ROUTE ] array (
  'type' => 'module',
  'module' => 
  array (
    0 => 'index',
    1 => 'Index',
    2 => 'index',
  ),
)
[ info ] [ HEADER ] array (
  'host' => 'mshop.demolink.top',
  'connection' => 'keep-alive',
  'upgrade-insecure-requests' => '1',
  'user-agent' => 'Mozilla/5.0 (Linux; Android 6.0; Nexus 5 Build/MRA58N) AppleWebKit/537.36 (KHTML, like Gecko) Chrome/68.0.3440.106 Mobile Safari/537.36',
  'accept' => 'text/html,application/xhtml+xml,application/xml;q=0.9,image/webp,image/apng,*/*;q=0.8',
  'referer' => 'http://mshop.demolink.top/index/Index/shpcart',
  'accept-encoding' => 'gzip, deflate',
  'accept-language' => 'zh-CN,zh;q=0.9',
  'cookie' => 'UM_distinctid=1696064496e86-018fe7bcf35b28-43480420-fa000-169606449704e6; pgv_pvi=5325103104; PHPSESSID=p8qhhbbeql1dat4109hg0uo543',
)
[ info ] [ PARAM ] array (
  '/index/Index/index' => '',
)
[ info ] [ CACHE ] INIT File
[ info ] [ RUN ] app\index\controller\Index->index[ D:\web\mshop\shop\index\controller\Index.php ]
[ info ] [ DB ] INIT mysql
[ info ] [ VIEW ] ./themes/default/index/index\index.html [ array (
  0 => 'top_nav',
  1 => 'brand',
  2 => 'guesslike',
  3 => 'newlist',
  4 => 'popular',
  5 => 'frontend_images',
) ]
[ info ] [ LOG ] INIT File
---------------------------------------------------------------
[ 2019-07-15T17:21:21+08:00 ] 121.32.177.127 GET mshop.demolink.top/index/Goods/details/id/15
[运行时间：0.093600s] [吞吐率：10.68req/s] [内存消耗：2,705.41kb] [文件加载：52]
[ info ] [ LANG ] D:\web\mshop\thinkphp\lang\zh-cn.php
[ info ] [ ROUTE ] array (
  'type' => 'module',
  'module' => 
  array (
    0 => 'index',
    1 => 'Goods',
    2 => 'details',
  ),
)
[ info ] [ HEADER ] array (
  'host' => 'mshop.demolink.top',
  'connection' => 'keep-alive',
  'upgrade-insecure-requests' => '1',
  'user-agent' => 'Mozilla/5.0 (Linux; Android 6.0; Nexus 5 Build/MRA58N) AppleWebKit/537.36 (KHTML, like Gecko) Chrome/68.0.3440.106 Mobile Safari/537.36',
  'accept' => 'text/html,application/xhtml+xml,application/xml;q=0.9,image/webp,image/apng,*/*;q=0.8',
  'referer' => 'http://mshop.demolink.top/index/Index/index',
  'accept-encoding' => 'gzip, deflate',
  'accept-language' => 'zh-CN,zh;q=0.9',
  'cookie' => 'UM_distinctid=1696064496e86-018fe7bcf35b28-43480420-fa000-169606449704e6; pgv_pvi=5325103104; PHPSESSID=p8qhhbbeql1dat4109hg0uo543',
)
[ info ] [ PARAM ] array (
  '/index/Goods/details/id/15' => '',
  'id' => '15',
)
[ info ] [ CACHE ] INIT File
[ info ] [ RUN ] app\index\controller\Goods->details[ D:\web\mshop\shop\index\controller\Goods.php ]
[ info ] [ SESSION ] INIT array (
  'type' => '',
  'auto_start' => true,
)
[ info ] [ DB ] INIT mysql
[ info ] [ VIEW ] ./themes/default/index/goods\details.html [ array (
  0 => 'top_nav',
  1 => 'goods',
  2 => 'goods_image',
  3 => 'goods_discount',
  4 => 'attribute',
  5 => 'goods_description',
  6 => 'goods_brand',
) ]
[ info ] [ LOG ] INIT File
---------------------------------------------------------------
[ 2019-07-15T17:21:26+08:00 ] 121.32.177.127 GET mshop.demolink.top/index/Goods/details/id/13
[运行时间：0.078000s] [吞吐率：12.82req/s] [内存消耗：2,712.22kb] [文件加载：52]
[ info ] [ LANG ] D:\web\mshop\thinkphp\lang\zh-cn.php
[ info ] [ ROUTE ] array (
  'type' => 'module',
  'module' => 
  array (
    0 => 'index',
    1 => 'Goods',
    2 => 'details',
  ),
)
[ info ] [ HEADER ] array (
  'host' => 'mshop.demolink.top',
  'connection' => 'keep-alive',
  'upgrade-insecure-requests' => '1',
  'user-agent' => 'Mozilla/5.0 (Linux; Android 6.0; Nexus 5 Build/MRA58N) AppleWebKit/537.36 (KHTML, like Gecko) Chrome/68.0.3440.106 Mobile Safari/537.36',
  'accept' => 'text/html,application/xhtml+xml,application/xml;q=0.9,image/webp,image/apng,*/*;q=0.8',
  'referer' => 'http://mshop.demolink.top/index/Index/index',
  'accept-encoding' => 'gzip, deflate',
  'accept-language' => 'zh-CN,zh;q=0.9',
  'cookie' => 'UM_distinctid=1696064496e86-018fe7bcf35b28-43480420-fa000-169606449704e6; pgv_pvi=5325103104; PHPSESSID=p8qhhbbeql1dat4109hg0uo543',
)
[ info ] [ PARAM ] array (
  '/index/Goods/details/id/13' => '',
  'id' => '13',
)
[ info ] [ CACHE ] INIT File
[ info ] [ RUN ] app\index\controller\Goods->details[ D:\web\mshop\shop\index\controller\Goods.php ]
[ info ] [ SESSION ] INIT array (
  'type' => '',
  'auto_start' => true,
)
[ info ] [ DB ] INIT mysql
[ info ] [ VIEW ] ./themes/default/index/goods\details.html [ array (
  0 => 'top_nav',
  1 => 'goods',
  2 => 'goods_image',
  3 => 'goods_discount',
  4 => 'attribute',
  5 => 'goods_description',
  6 => 'goods_brand',
) ]
[ info ] [ LOG ] INIT File
---------------------------------------------------------------
[ 2019-07-15T17:21:29+08:00 ] 121.32.177.127 GET mshop.demolink.top/index/order/orders?id=13&num=1&attribute=1,3,
[运行时间：0.078000s] [吞吐率：12.82req/s] [内存消耗：2,758.71kb] [文件加载：52]
[ info ] [ LANG ] D:\web\mshop\thinkphp\lang\zh-cn.php
[ info ] [ ROUTE ] array (
  'type' => 'module',
  'module' => 
  array (
    0 => 'index',
    1 => 'order',
    2 => 'orders',
  ),
)
[ info ] [ HEADER ] array (
  'host' => 'mshop.demolink.top',
  'connection' => 'keep-alive',
  'upgrade-insecure-requests' => '1',
  'user-agent' => 'Mozilla/5.0 (Linux; Android 6.0; Nexus 5 Build/MRA58N) AppleWebKit/537.36 (KHTML, like Gecko) Chrome/68.0.3440.106 Mobile Safari/537.36',
  'accept' => 'text/html,application/xhtml+xml,application/xml;q=0.9,image/webp,image/apng,*/*;q=0.8',
  'referer' => 'http://mshop.demolink.top/index/Goods/details/id/13',
  'accept-encoding' => 'gzip, deflate',
  'accept-language' => 'zh-CN,zh;q=0.9',
  'cookie' => 'UM_distinctid=1696064496e86-018fe7bcf35b28-43480420-fa000-169606449704e6; pgv_pvi=5325103104; PHPSESSID=p8qhhbbeql1dat4109hg0uo543',
)
[ info ] [ PARAM ] array (
  '/index/order/orders' => '',
  'id' => '13',
  'num' => '1',
  'attribute' => '1,3,',
)
[ info ] [ CACHE ] INIT File
[ info ] [ RUN ] app\index\controller\Order->orders[ D:\web\mshop\shop\index\controller\Order.php ]
[ info ] [ SESSION ] INIT array (
  'type' => '',
  'auto_start' => true,
)
[ info ] [ DB ] INIT mysql
[ info ] [ VIEW ] ./themes/default/index/order\orders.html [ array (
  0 => 'top_nav',
  1 => 'goods',
  2 => 'num',
  3 => 'attribute_value',
  4 => 'goods_discount',
  5 => 'goodzprice',
  6 => 'freight',
  7 => 'zprice',
  8 => 'address',
  9 => 'couponlist',
) ]
[ info ] [ LOG ] INIT File
---------------------------------------------------------------
[ 2019-07-15T17:21:31+08:00 ] 121.32.177.127 POST mshop.demolink.top/index/Order/subOrder
[运行时间：0.062400s] [吞吐率：16.03req/s] [内存消耗：2,721.48kb] [文件加载：54]
[ info ] [ LANG ] D:\web\mshop\thinkphp\lang\zh-cn.php
[ info ] [ ROUTE ] array (
  'type' => 'module',
  'module' => 
  array (
    0 => 'index',
    1 => 'Order',
    2 => 'subOrder',
  ),
)
[ info ] [ HEADER ] array (
  'host' => 'mshop.demolink.top',
  'connection' => 'keep-alive',
  'content-length' => '127',
  'accept' => '*/*',
  'origin' => 'http://mshop.demolink.top',
  'x-requested-with' => 'XMLHttpRequest',
  'user-agent' => 'Mozilla/5.0 (Linux; Android 6.0; Nexus 5 Build/MRA58N) AppleWebKit/537.36 (KHTML, like Gecko) Chrome/68.0.3440.106 Mobile Safari/537.36',
  'content-type' => 'application/x-www-form-urlencoded; charset=UTF-8',
  'referer' => 'http://mshop.demolink.top/index/order/orders?id=13&num=1&attribute=1,3,',
  'accept-encoding' => 'gzip, deflate',
  'accept-language' => 'zh-CN,zh;q=0.9',
  'cookie' => 'UM_distinctid=1696064496e86-018fe7bcf35b28-43480420-fa000-169606449704e6; pgv_pvi=5325103104; PHPSESSID=p8qhhbbeql1dat4109hg0uo543',
)
[ info ] [ PARAM ] array (
  '/index/Order/subOrder' => '',
  'goods_id' => '13',
  'price' => '23',
  'goodzprice' => '23',
  'freight' => '0',
  'orderdata' => 
  array (
    0 => 
    array (
      0 => '13',
      1 => '1',
      2 => '1,3,',
    ),
  ),
)
[ info ] [ CACHE ] INIT File
[ info ] [ RUN ] app\index\controller\Order->subOrder[ D:\web\mshop\shop\index\controller\Order.php ]
[ info ] [ DB ] INIT mysql
[ info ] [ LOG ] INIT File
[ error ] [8]未定义数组索引: address_id[D:\web\mshop\shop\index\controller\Order.php:141]
---------------------------------------------------------------
[ 2019-07-15T17:21:34+08:00 ] 121.32.177.127 POST mshop.demolink.top/index/Order/subOrder
[运行时间：0.046800s] [吞吐率：21.37req/s] [内存消耗：2,721.48kb] [文件加载：54]
[ info ] [ LANG ] D:\web\mshop\thinkphp\lang\zh-cn.php
[ info ] [ ROUTE ] array (
  'type' => 'module',
  'module' => 
  array (
    0 => 'index',
    1 => 'Order',
    2 => 'subOrder',
  ),
)
[ info ] [ HEADER ] array (
  'host' => 'mshop.demolink.top',
  'connection' => 'keep-alive',
  'content-length' => '127',
  'accept' => '*/*',
  'origin' => 'http://mshop.demolink.top',
  'x-requested-with' => 'XMLHttpRequest',
  'user-agent' => 'Mozilla/5.0 (Linux; Android 6.0; Nexus 5 Build/MRA58N) AppleWebKit/537.36 (KHTML, like Gecko) Chrome/68.0.3440.106 Mobile Safari/537.36',
  'content-type' => 'application/x-www-form-urlencoded; charset=UTF-8',
  'referer' => 'http://mshop.demolink.top/index/order/orders?id=13&num=1&attribute=1,3,',
  'accept-encoding' => 'gzip, deflate',
  'accept-language' => 'zh-CN,zh;q=0.9',
  'cookie' => 'UM_distinctid=1696064496e86-018fe7bcf35b28-43480420-fa000-169606449704e6; pgv_pvi=5325103104; PHPSESSID=p8qhhbbeql1dat4109hg0uo543',
)
[ info ] [ PARAM ] array (
  '/index/Order/subOrder' => '',
  'goods_id' => '13',
  'price' => '23',
  'goodzprice' => '23',
  'freight' => '0',
  'orderdata' => 
  array (
    0 => 
    array (
      0 => '13',
      1 => '1',
      2 => '1,3,',
    ),
  ),
)
[ info ] [ CACHE ] INIT File
[ info ] [ RUN ] app\index\controller\Order->subOrder[ D:\web\mshop\shop\index\controller\Order.php ]
[ info ] [ DB ] INIT mysql
[ info ] [ LOG ] INIT File
[ error ] [8]未定义数组索引: address_id[D:\web\mshop\shop\index\controller\Order.php:141]
---------------------------------------------------------------
[ 2019-07-15T17:21:35+08:00 ] 121.32.177.127 POST mshop.demolink.top/index/Order/subOrder
[运行时间：0.046800s] [吞吐率：21.37req/s] [内存消耗：2,721.48kb] [文件加载：54]
[ info ] [ LANG ] D:\web\mshop\thinkphp\lang\zh-cn.php
[ info ] [ ROUTE ] array (
  'type' => 'module',
  'module' => 
  array (
    0 => 'index',
    1 => 'Order',
    2 => 'subOrder',
  ),
)
[ info ] [ HEADER ] array (
  'host' => 'mshop.demolink.top',
  'connection' => 'keep-alive',
  'content-length' => '127',
  'accept' => '*/*',
  'origin' => 'http://mshop.demolink.top',
  'x-requested-with' => 'XMLHttpRequest',
  'user-agent' => 'Mozilla/5.0 (Linux; Android 6.0; Nexus 5 Build/MRA58N) AppleWebKit/537.36 (KHTML, like Gecko) Chrome/68.0.3440.106 Mobile Safari/537.36',
  'content-type' => 'application/x-www-form-urlencoded; charset=UTF-8',
  'referer' => 'http://mshop.demolink.top/index/order/orders?id=13&num=1&attribute=1,3,',
  'accept-encoding' => 'gzip, deflate',
  'accept-language' => 'zh-CN,zh;q=0.9',
  'cookie' => 'UM_distinctid=1696064496e86-018fe7bcf35b28-43480420-fa000-169606449704e6; pgv_pvi=5325103104; PHPSESSID=p8qhhbbeql1dat4109hg0uo543',
)
[ info ] [ PARAM ] array (
  '/index/Order/subOrder' => '',
  'goods_id' => '13',
  'price' => '23',
  'goodzprice' => '23',
  'freight' => '0',
  'orderdata' => 
  array (
    0 => 
    array (
      0 => '13',
      1 => '1',
      2 => '1,3,',
    ),
  ),
)
[ info ] [ CACHE ] INIT File
[ info ] [ RUN ] app\index\controller\Order->subOrder[ D:\web\mshop\shop\index\controller\Order.php ]
[ info ] [ DB ] INIT mysql
[ info ] [ LOG ] INIT File
[ error ] [8]未定义数组索引: address_id[D:\web\mshop\shop\index\controller\Order.php:141]
---------------------------------------------------------------
[ 2019-07-15T17:21:35+08:00 ] 121.32.177.127 POST mshop.demolink.top/index/Order/subOrder
[运行时间：0.046800s] [吞吐率：21.37req/s] [内存消耗：2,721.48kb] [文件加载：54]
[ info ] [ LANG ] D:\web\mshop\thinkphp\lang\zh-cn.php
[ info ] [ ROUTE ] array (
  'type' => 'module',
  'module' => 
  array (
    0 => 'index',
    1 => 'Order',
    2 => 'subOrder',
  ),
)
[ info ] [ HEADER ] array (
  'host' => 'mshop.demolink.top',
  'connection' => 'keep-alive',
  'content-length' => '127',
  'accept' => '*/*',
  'origin' => 'http://mshop.demolink.top',
  'x-requested-with' => 'XMLHttpRequest',
  'user-agent' => 'Mozilla/5.0 (Linux; Android 6.0; Nexus 5 Build/MRA58N) AppleWebKit/537.36 (KHTML, like Gecko) Chrome/68.0.3440.106 Mobile Safari/537.36',
  'content-type' => 'application/x-www-form-urlencoded; charset=UTF-8',
  'referer' => 'http://mshop.demolink.top/index/order/orders?id=13&num=1&attribute=1,3,',
  'accept-encoding' => 'gzip, deflate',
  'accept-language' => 'zh-CN,zh;q=0.9',
  'cookie' => 'UM_distinctid=1696064496e86-018fe7bcf35b28-43480420-fa000-169606449704e6; pgv_pvi=5325103104; PHPSESSID=p8qhhbbeql1dat4109hg0uo543',
)
[ info ] [ PARAM ] array (
  '/index/Order/subOrder' => '',
  'goods_id' => '13',
  'price' => '23',
  'goodzprice' => '23',
  'freight' => '0',
  'orderdata' => 
  array (
    0 => 
    array (
      0 => '13',
      1 => '1',
      2 => '1,3,',
    ),
  ),
)
[ info ] [ CACHE ] INIT File
[ info ] [ RUN ] app\index\controller\Order->subOrder[ D:\web\mshop\shop\index\controller\Order.php ]
[ info ] [ DB ] INIT mysql
[ info ] [ LOG ] INIT File
[ error ] [8]未定义数组索引: address_id[D:\web\mshop\shop\index\controller\Order.php:141]
---------------------------------------------------------------
[ 2019-07-15T17:21:35+08:00 ] 121.32.177.127 POST mshop.demolink.top/index/Order/subOrder
[运行时间：0.062400s] [吞吐率：16.03req/s] [内存消耗：2,721.48kb] [文件加载：54]
[ info ] [ LANG ] D:\web\mshop\thinkphp\lang\zh-cn.php
[ info ] [ ROUTE ] array (
  'type' => 'module',
  'module' => 
  array (
    0 => 'index',
    1 => 'Order',
    2 => 'subOrder',
  ),
)
[ info ] [ HEADER ] array (
  'host' => 'mshop.demolink.top',
  'connection' => 'keep-alive',
  'content-length' => '127',
  'accept' => '*/*',
  'origin' => 'http://mshop.demolink.top',
  'x-requested-with' => 'XMLHttpRequest',
  'user-agent' => 'Mozilla/5.0 (Linux; Android 6.0; Nexus 5 Build/MRA58N) AppleWebKit/537.36 (KHTML, like Gecko) Chrome/68.0.3440.106 Mobile Safari/537.36',
  'content-type' => 'application/x-www-form-urlencoded; charset=UTF-8',
  'referer' => 'http://mshop.demolink.top/index/order/orders?id=13&num=1&attribute=1,3,',
  'accept-encoding' => 'gzip, deflate',
  'accept-language' => 'zh-CN,zh;q=0.9',
  'cookie' => 'UM_distinctid=1696064496e86-018fe7bcf35b28-43480420-fa000-169606449704e6; pgv_pvi=5325103104; PHPSESSID=p8qhhbbeql1dat4109hg0uo543',
)
[ info ] [ PARAM ] array (
  '/index/Order/subOrder' => '',
  'goods_id' => '13',
  'price' => '23',
  'goodzprice' => '23',
  'freight' => '0',
  'orderdata' => 
  array (
    0 => 
    array (
      0 => '13',
      1 => '1',
      2 => '1,3,',
    ),
  ),
)
[ info ] [ CACHE ] INIT File
[ info ] [ RUN ] app\index\controller\Order->subOrder[ D:\web\mshop\shop\index\controller\Order.php ]
[ info ] [ DB ] INIT mysql
[ info ] [ LOG ] INIT File
[ error ] [8]未定义数组索引: address_id[D:\web\mshop\shop\index\controller\Order.php:141]
---------------------------------------------------------------
[ 2019-07-15T17:21:42+08:00 ] 121.32.177.127 POST mshop.demolink.top/index/Order/subOrder
[运行时间：0.046800s] [吞吐率：21.37req/s] [内存消耗：2,721.48kb] [文件加载：54]
[ info ] [ LANG ] D:\web\mshop\thinkphp\lang\zh-cn.php
[ info ] [ ROUTE ] array (
  'type' => 'module',
  'module' => 
  array (
    0 => 'index',
    1 => 'Order',
    2 => 'subOrder',
  ),
)
[ info ] [ HEADER ] array (
  'host' => 'mshop.demolink.top',
  'connection' => 'keep-alive',
  'content-length' => '127',
  'accept' => '*/*',
  'origin' => 'http://mshop.demolink.top',
  'x-requested-with' => 'XMLHttpRequest',
  'user-agent' => 'Mozilla/5.0 (Linux; Android 6.0; Nexus 5 Build/MRA58N) AppleWebKit/537.36 (KHTML, like Gecko) Chrome/68.0.3440.106 Mobile Safari/537.36',
  'content-type' => 'application/x-www-form-urlencoded; charset=UTF-8',
  'referer' => 'http://mshop.demolink.top/index/order/orders?id=13&num=1&attribute=1,3,',
  'accept-encoding' => 'gzip, deflate',
  'accept-language' => 'zh-CN,zh;q=0.9',
  'cookie' => 'UM_distinctid=1696064496e86-018fe7bcf35b28-43480420-fa000-169606449704e6; pgv_pvi=5325103104; PHPSESSID=p8qhhbbeql1dat4109hg0uo543',
)
[ info ] [ PARAM ] array (
  '/index/Order/subOrder' => '',
  'goods_id' => '13',
  'price' => '23',
  'goodzprice' => '23',
  'freight' => '0',
  'orderdata' => 
  array (
    0 => 
    array (
      0 => '13',
      1 => '1',
      2 => '1,3,',
    ),
  ),
)
[ info ] [ CACHE ] INIT File
[ info ] [ RUN ] app\index\controller\Order->subOrder[ D:\web\mshop\shop\index\controller\Order.php ]
[ info ] [ DB ] INIT mysql
[ info ] [ LOG ] INIT File
[ error ] [8]未定义数组索引: address_id[D:\web\mshop\shop\index\controller\Order.php:141]
---------------------------------------------------------------
[ 2019-07-15T17:21:43+08:00 ] 121.32.177.127 POST mshop.demolink.top/index/Order/subOrder
[运行时间：0.046800s] [吞吐率：21.37req/s] [内存消耗：2,721.48kb] [文件加载：54]
[ info ] [ LANG ] D:\web\mshop\thinkphp\lang\zh-cn.php
[ info ] [ ROUTE ] array (
  'type' => 'module',
  'module' => 
  array (
    0 => 'index',
    1 => 'Order',
    2 => 'subOrder',
  ),
)
[ info ] [ HEADER ] array (
  'host' => 'mshop.demolink.top',
  'connection' => 'keep-alive',
  'content-length' => '127',
  'accept' => '*/*',
  'origin' => 'http://mshop.demolink.top',
  'x-requested-with' => 'XMLHttpRequest',
  'user-agent' => 'Mozilla/5.0 (Linux; Android 6.0; Nexus 5 Build/MRA58N) AppleWebKit/537.36 (KHTML, like Gecko) Chrome/68.0.3440.106 Mobile Safari/537.36',
  'content-type' => 'application/x-www-form-urlencoded; charset=UTF-8',
  'referer' => 'http://mshop.demolink.top/index/order/orders?id=13&num=1&attribute=1,3,',
  'accept-encoding' => 'gzip, deflate',
  'accept-language' => 'zh-CN,zh;q=0.9',
  'cookie' => 'UM_distinctid=1696064496e86-018fe7bcf35b28-43480420-fa000-169606449704e6; pgv_pvi=5325103104; PHPSESSID=p8qhhbbeql1dat4109hg0uo543',
)
[ info ] [ PARAM ] array (
  '/index/Order/subOrder' => '',
  'goods_id' => '13',
  'price' => '23',
  'goodzprice' => '23',
  'freight' => '0',
  'orderdata' => 
  array (
    0 => 
    array (
      0 => '13',
      1 => '1',
      2 => '1,3,',
    ),
  ),
)
[ info ] [ CACHE ] INIT File
[ info ] [ RUN ] app\index\controller\Order->subOrder[ D:\web\mshop\shop\index\controller\Order.php ]
[ info ] [ DB ] INIT mysql
[ info ] [ LOG ] INIT File
[ error ] [8]未定义数组索引: address_id[D:\web\mshop\shop\index\controller\Order.php:141]
---------------------------------------------------------------
[ 2019-07-15T17:21:43+08:00 ] 121.32.177.127 POST mshop.demolink.top/index/Order/subOrder
[运行时间：0.062400s] [吞吐率：16.03req/s] [内存消耗：2,721.48kb] [文件加载：54]
[ info ] [ LANG ] D:\web\mshop\thinkphp\lang\zh-cn.php
[ info ] [ ROUTE ] array (
  'type' => 'module',
  'module' => 
  array (
    0 => 'index',
    1 => 'Order',
    2 => 'subOrder',
  ),
)
[ info ] [ HEADER ] array (
  'host' => 'mshop.demolink.top',
  'connection' => 'keep-alive',
  'content-length' => '127',
  'accept' => '*/*',
  'origin' => 'http://mshop.demolink.top',
  'x-requested-with' => 'XMLHttpRequest',
  'user-agent' => 'Mozilla/5.0 (Linux; Android 6.0; Nexus 5 Build/MRA58N) AppleWebKit/537.36 (KHTML, like Gecko) Chrome/68.0.3440.106 Mobile Safari/537.36',
  'content-type' => 'application/x-www-form-urlencoded; charset=UTF-8',
  'referer' => 'http://mshop.demolink.top/index/order/orders?id=13&num=1&attribute=1,3,',
  'accept-encoding' => 'gzip, deflate',
  'accept-language' => 'zh-CN,zh;q=0.9',
  'cookie' => 'UM_distinctid=1696064496e86-018fe7bcf35b28-43480420-fa000-169606449704e6; pgv_pvi=5325103104; PHPSESSID=p8qhhbbeql1dat4109hg0uo543',
)
[ info ] [ PARAM ] array (
  '/index/Order/subOrder' => '',
  'goods_id' => '13',
  'price' => '23',
  'goodzprice' => '23',
  'freight' => '0',
  'orderdata' => 
  array (
    0 => 
    array (
      0 => '13',
      1 => '1',
      2 => '1,3,',
    ),
  ),
)
[ info ] [ CACHE ] INIT File
[ info ] [ RUN ] app\index\controller\Order->subOrder[ D:\web\mshop\shop\index\controller\Order.php ]
[ info ] [ DB ] INIT mysql
[ info ] [ LOG ] INIT File
[ error ] [8]未定义数组索引: address_id[D:\web\mshop\shop\index\controller\Order.php:141]
---------------------------------------------------------------
[ 2019-07-15T17:21:43+08:00 ] 121.32.177.127 POST mshop.demolink.top/index/Order/subOrder
[运行时间：0.046800s] [吞吐率：21.37req/s] [内存消耗：2,721.48kb] [文件加载：54]
[ info ] [ LANG ] D:\web\mshop\thinkphp\lang\zh-cn.php
[ info ] [ ROUTE ] array (
  'type' => 'module',
  'module' => 
  array (
    0 => 'index',
    1 => 'Order',
    2 => 'subOrder',
  ),
)
[ info ] [ HEADER ] array (
  'host' => 'mshop.demolink.top',
  'connection' => 'keep-alive',
  'content-length' => '127',
  'accept' => '*/*',
  'origin' => 'http://mshop.demolink.top',
  'x-requested-with' => 'XMLHttpRequest',
  'user-agent' => 'Mozilla/5.0 (Linux; Android 6.0; Nexus 5 Build/MRA58N) AppleWebKit/537.36 (KHTML, like Gecko) Chrome/68.0.3440.106 Mobile Safari/537.36',
  'content-type' => 'application/x-www-form-urlencoded; charset=UTF-8',
  'referer' => 'http://mshop.demolink.top/index/order/orders?id=13&num=1&attribute=1,3,',
  'accept-encoding' => 'gzip, deflate',
  'accept-language' => 'zh-CN,zh;q=0.9',
  'cookie' => 'UM_distinctid=1696064496e86-018fe7bcf35b28-43480420-fa000-169606449704e6; pgv_pvi=5325103104; PHPSESSID=p8qhhbbeql1dat4109hg0uo543',
)
[ info ] [ PARAM ] array (
  '/index/Order/subOrder' => '',
  'goods_id' => '13',
  'price' => '23',
  'goodzprice' => '23',
  'freight' => '0',
  'orderdata' => 
  array (
    0 => 
    array (
      0 => '13',
      1 => '1',
      2 => '1,3,',
    ),
  ),
)
[ info ] [ CACHE ] INIT File
[ info ] [ RUN ] app\index\controller\Order->subOrder[ D:\web\mshop\shop\index\controller\Order.php ]
[ info ] [ DB ] INIT mysql
[ info ] [ LOG ] INIT File
[ error ] [8]未定义数组索引: address_id[D:\web\mshop\shop\index\controller\Order.php:141]
---------------------------------------------------------------
[ 2019-07-15T17:21:43+08:00 ] 121.32.177.127 POST mshop.demolink.top/index/Order/subOrder
[运行时间：0.046800s] [吞吐率：21.37req/s] [内存消耗：2,721.48kb] [文件加载：54]
[ info ] [ LANG ] D:\web\mshop\thinkphp\lang\zh-cn.php
[ info ] [ ROUTE ] array (
  'type' => 'module',
  'module' => 
  array (
    0 => 'index',
    1 => 'Order',
    2 => 'subOrder',
  ),
)
[ info ] [ HEADER ] array (
  'host' => 'mshop.demolink.top',
  'connection' => 'keep-alive',
  'content-length' => '127',
  'accept' => '*/*',
  'origin' => 'http://mshop.demolink.top',
  'x-requested-with' => 'XMLHttpRequest',
  'user-agent' => 'Mozilla/5.0 (Linux; Android 6.0; Nexus 5 Build/MRA58N) AppleWebKit/537.36 (KHTML, like Gecko) Chrome/68.0.3440.106 Mobile Safari/537.36',
  'content-type' => 'application/x-www-form-urlencoded; charset=UTF-8',
  'referer' => 'http://mshop.demolink.top/index/order/orders?id=13&num=1&attribute=1,3,',
  'accept-encoding' => 'gzip, deflate',
  'accept-language' => 'zh-CN,zh;q=0.9',
  'cookie' => 'UM_distinctid=1696064496e86-018fe7bcf35b28-43480420-fa000-169606449704e6; pgv_pvi=5325103104; PHPSESSID=p8qhhbbeql1dat4109hg0uo543',
)
[ info ] [ PARAM ] array (
  '/index/Order/subOrder' => '',
  'goods_id' => '13',
  'price' => '23',
  'goodzprice' => '23',
  'freight' => '0',
  'orderdata' => 
  array (
    0 => 
    array (
      0 => '13',
      1 => '1',
      2 => '1,3,',
    ),
  ),
)
[ info ] [ CACHE ] INIT File
[ info ] [ RUN ] app\index\controller\Order->subOrder[ D:\web\mshop\shop\index\controller\Order.php ]
[ info ] [ DB ] INIT mysql
[ info ] [ LOG ] INIT File
[ error ] [8]未定义数组索引: address_id[D:\web\mshop\shop\index\controller\Order.php:141]
---------------------------------------------------------------
[ 2019-07-15T17:21:43+08:00 ] 121.32.177.127 POST mshop.demolink.top/index/Order/subOrder
[运行时间：0.062400s] [吞吐率：16.03req/s] [内存消耗：2,721.48kb] [文件加载：54]
[ info ] [ LANG ] D:\web\mshop\thinkphp\lang\zh-cn.php
[ info ] [ ROUTE ] array (
  'type' => 'module',
  'module' => 
  array (
    0 => 'index',
    1 => 'Order',
    2 => 'subOrder',
  ),
)
[ info ] [ HEADER ] array (
  'host' => 'mshop.demolink.top',
  'connection' => 'keep-alive',
  'content-length' => '127',
  'accept' => '*/*',
  'origin' => 'http://mshop.demolink.top',
  'x-requested-with' => 'XMLHttpRequest',
  'user-agent' => 'Mozilla/5.0 (Linux; Android 6.0; Nexus 5 Build/MRA58N) AppleWebKit/537.36 (KHTML, like Gecko) Chrome/68.0.3440.106 Mobile Safari/537.36',
  'content-type' => 'application/x-www-form-urlencoded; charset=UTF-8',
  'referer' => 'http://mshop.demolink.top/index/order/orders?id=13&num=1&attribute=1,3,',
  'accept-encoding' => 'gzip, deflate',
  'accept-language' => 'zh-CN,zh;q=0.9',
  'cookie' => 'UM_distinctid=1696064496e86-018fe7bcf35b28-43480420-fa000-169606449704e6; pgv_pvi=5325103104; PHPSESSID=p8qhhbbeql1dat4109hg0uo543',
)
[ info ] [ PARAM ] array (
  '/index/Order/subOrder' => '',
  'goods_id' => '13',
  'price' => '23',
  'goodzprice' => '23',
  'freight' => '0',
  'orderdata' => 
  array (
    0 => 
    array (
      0 => '13',
      1 => '1',
      2 => '1,3,',
    ),
  ),
)
[ info ] [ CACHE ] INIT File
[ info ] [ RUN ] app\index\controller\Order->subOrder[ D:\web\mshop\shop\index\controller\Order.php ]
[ info ] [ DB ] INIT mysql
[ info ] [ LOG ] INIT File
[ error ] [8]未定义数组索引: address_id[D:\web\mshop\shop\index\controller\Order.php:141]
---------------------------------------------------------------
[ 2019-07-15T17:21:44+08:00 ] 121.32.177.127 POST mshop.demolink.top/index/Order/subOrder
[运行时间：0.062400s] [吞吐率：16.03req/s] [内存消耗：2,721.48kb] [文件加载：54]
[ info ] [ LANG ] D:\web\mshop\thinkphp\lang\zh-cn.php
[ info ] [ ROUTE ] array (
  'type' => 'module',
  'module' => 
  array (
    0 => 'index',
    1 => 'Order',
    2 => 'subOrder',
  ),
)
[ info ] [ HEADER ] array (
  'host' => 'mshop.demolink.top',
  'connection' => 'keep-alive',
  'content-length' => '127',
  'accept' => '*/*',
  'origin' => 'http://mshop.demolink.top',
  'x-requested-with' => 'XMLHttpRequest',
  'user-agent' => 'Mozilla/5.0 (Linux; Android 6.0; Nexus 5 Build/MRA58N) AppleWebKit/537.36 (KHTML, like Gecko) Chrome/68.0.3440.106 Mobile Safari/537.36',
  'content-type' => 'application/x-www-form-urlencoded; charset=UTF-8',
  'referer' => 'http://mshop.demolink.top/index/order/orders?id=13&num=1&attribute=1,3,',
  'accept-encoding' => 'gzip, deflate',
  'accept-language' => 'zh-CN,zh;q=0.9',
  'cookie' => 'UM_distinctid=1696064496e86-018fe7bcf35b28-43480420-fa000-169606449704e6; pgv_pvi=5325103104; PHPSESSID=p8qhhbbeql1dat4109hg0uo543',
)
[ info ] [ PARAM ] array (
  '/index/Order/subOrder' => '',
  'goods_id' => '13',
  'price' => '23',
  'goodzprice' => '23',
  'freight' => '0',
  'orderdata' => 
  array (
    0 => 
    array (
      0 => '13',
      1 => '1',
      2 => '1,3,',
    ),
  ),
)
[ info ] [ CACHE ] INIT File
[ info ] [ RUN ] app\index\controller\Order->subOrder[ D:\web\mshop\shop\index\controller\Order.php ]
[ info ] [ DB ] INIT mysql
[ info ] [ LOG ] INIT File
[ error ] [8]未定义数组索引: address_id[D:\web\mshop\shop\index\controller\Order.php:141]
---------------------------------------------------------------
[ 2019-07-15T17:21:44+08:00 ] 121.32.177.127 POST mshop.demolink.top/index/Order/subOrder
[运行时间：0.046800s] [吞吐率：21.37req/s] [内存消耗：2,721.48kb] [文件加载：54]
[ info ] [ LANG ] D:\web\mshop\thinkphp\lang\zh-cn.php
[ info ] [ ROUTE ] array (
  'type' => 'module',
  'module' => 
  array (
    0 => 'index',
    1 => 'Order',
    2 => 'subOrder',
  ),
)
[ info ] [ HEADER ] array (
  'host' => 'mshop.demolink.top',
  'connection' => 'keep-alive',
  'content-length' => '127',
  'accept' => '*/*',
  'origin' => 'http://mshop.demolink.top',
  'x-requested-with' => 'XMLHttpRequest',
  'user-agent' => 'Mozilla/5.0 (Linux; Android 6.0; Nexus 5 Build/MRA58N) AppleWebKit/537.36 (KHTML, like Gecko) Chrome/68.0.3440.106 Mobile Safari/537.36',
  'content-type' => 'application/x-www-form-urlencoded; charset=UTF-8',
  'referer' => 'http://mshop.demolink.top/index/order/orders?id=13&num=1&attribute=1,3,',
  'accept-encoding' => 'gzip, deflate',
  'accept-language' => 'zh-CN,zh;q=0.9',
  'cookie' => 'UM_distinctid=1696064496e86-018fe7bcf35b28-43480420-fa000-169606449704e6; pgv_pvi=5325103104; PHPSESSID=p8qhhbbeql1dat4109hg0uo543',
)
[ info ] [ PARAM ] array (
  '/index/Order/subOrder' => '',
  'goods_id' => '13',
  'price' => '23',
  'goodzprice' => '23',
  'freight' => '0',
  'orderdata' => 
  array (
    0 => 
    array (
      0 => '13',
      1 => '1',
      2 => '1,3,',
    ),
  ),
)
[ info ] [ CACHE ] INIT File
[ info ] [ RUN ] app\index\controller\Order->subOrder[ D:\web\mshop\shop\index\controller\Order.php ]
[ info ] [ DB ] INIT mysql
[ info ] [ LOG ] INIT File
[ error ] [8]未定义数组索引: address_id[D:\web\mshop\shop\index\controller\Order.php:141]
---------------------------------------------------------------
[ 2019-07-15T17:21:44+08:00 ] 121.32.177.127 POST mshop.demolink.top/index/Order/subOrder
[运行时间：0.046800s] [吞吐率：21.37req/s] [内存消耗：2,721.48kb] [文件加载：54]
[ info ] [ LANG ] D:\web\mshop\thinkphp\lang\zh-cn.php
[ info ] [ ROUTE ] array (
  'type' => 'module',
  'module' => 
  array (
    0 => 'index',
    1 => 'Order',
    2 => 'subOrder',
  ),
)
[ info ] [ HEADER ] array (
  'host' => 'mshop.demolink.top',
  'connection' => 'keep-alive',
  'content-length' => '127',
  'accept' => '*/*',
  'origin' => 'http://mshop.demolink.top',
  'x-requested-with' => 'XMLHttpRequest',
  'user-agent' => 'Mozilla/5.0 (Linux; Android 6.0; Nexus 5 Build/MRA58N) AppleWebKit/537.36 (KHTML, like Gecko) Chrome/68.0.3440.106 Mobile Safari/537.36',
  'content-type' => 'application/x-www-form-urlencoded; charset=UTF-8',
  'referer' => 'http://mshop.demolink.top/index/order/orders?id=13&num=1&attribute=1,3,',
  'accept-encoding' => 'gzip, deflate',
  'accept-language' => 'zh-CN,zh;q=0.9',
  'cookie' => 'UM_distinctid=1696064496e86-018fe7bcf35b28-43480420-fa000-169606449704e6; pgv_pvi=5325103104; PHPSESSID=p8qhhbbeql1dat4109hg0uo543',
)
[ info ] [ PARAM ] array (
  '/index/Order/subOrder' => '',
  'goods_id' => '13',
  'price' => '23',
  'goodzprice' => '23',
  'freight' => '0',
  'orderdata' => 
  array (
    0 => 
    array (
      0 => '13',
      1 => '1',
      2 => '1,3,',
    ),
  ),
)
[ info ] [ CACHE ] INIT File
[ info ] [ RUN ] app\index\controller\Order->subOrder[ D:\web\mshop\shop\index\controller\Order.php ]
[ info ] [ DB ] INIT mysql
[ info ] [ LOG ] INIT File
[ error ] [8]未定义数组索引: address_id[D:\web\mshop\shop\index\controller\Order.php:141]
---------------------------------------------------------------
[ 2019-07-15T17:21:44+08:00 ] 121.32.177.127 POST mshop.demolink.top/index/Order/subOrder
[运行时间：0.046800s] [吞吐率：21.37req/s] [内存消耗：2,721.48kb] [文件加载：54]
[ info ] [ LANG ] D:\web\mshop\thinkphp\lang\zh-cn.php
[ info ] [ ROUTE ] array (
  'type' => 'module',
  'module' => 
  array (
    0 => 'index',
    1 => 'Order',
    2 => 'subOrder',
  ),
)
[ info ] [ HEADER ] array (
  'host' => 'mshop.demolink.top',
  'connection' => 'keep-alive',
  'content-length' => '127',
  'accept' => '*/*',
  'origin' => 'http://mshop.demolink.top',
  'x-requested-with' => 'XMLHttpRequest',
  'user-agent' => 'Mozilla/5.0 (Linux; Android 6.0; Nexus 5 Build/MRA58N) AppleWebKit/537.36 (KHTML, like Gecko) Chrome/68.0.3440.106 Mobile Safari/537.36',
  'content-type' => 'application/x-www-form-urlencoded; charset=UTF-8',
  'referer' => 'http://mshop.demolink.top/index/order/orders?id=13&num=1&attribute=1,3,',
  'accept-encoding' => 'gzip, deflate',
  'accept-language' => 'zh-CN,zh;q=0.9',
  'cookie' => 'UM_distinctid=1696064496e86-018fe7bcf35b28-43480420-fa000-169606449704e6; pgv_pvi=5325103104; PHPSESSID=p8qhhbbeql1dat4109hg0uo543',
)
[ info ] [ PARAM ] array (
  '/index/Order/subOrder' => '',
  'goods_id' => '13',
  'price' => '23',
  'goodzprice' => '23',
  'freight' => '0',
  'orderdata' => 
  array (
    0 => 
    array (
      0 => '13',
      1 => '1',
      2 => '1,3,',
    ),
  ),
)
[ info ] [ CACHE ] INIT File
[ info ] [ RUN ] app\index\controller\Order->subOrder[ D:\web\mshop\shop\index\controller\Order.php ]
[ info ] [ DB ] INIT mysql
[ info ] [ LOG ] INIT File
[ error ] [8]未定义数组索引: address_id[D:\web\mshop\shop\index\controller\Order.php:141]
---------------------------------------------------------------
[ 2019-07-15T17:21:44+08:00 ] 121.32.177.127 POST mshop.demolink.top/index/Order/subOrder
[运行时间：0.046800s] [吞吐率：21.37req/s] [内存消耗：2,721.48kb] [文件加载：54]
[ info ] [ LANG ] D:\web\mshop\thinkphp\lang\zh-cn.php
[ info ] [ ROUTE ] array (
  'type' => 'module',
  'module' => 
  array (
    0 => 'index',
    1 => 'Order',
    2 => 'subOrder',
  ),
)
[ info ] [ HEADER ] array (
  'host' => 'mshop.demolink.top',
  'connection' => 'keep-alive',
  'content-length' => '127',
  'accept' => '*/*',
  'origin' => 'http://mshop.demolink.top',
  'x-requested-with' => 'XMLHttpRequest',
  'user-agent' => 'Mozilla/5.0 (Linux; Android 6.0; Nexus 5 Build/MRA58N) AppleWebKit/537.36 (KHTML, like Gecko) Chrome/68.0.3440.106 Mobile Safari/537.36',
  'content-type' => 'application/x-www-form-urlencoded; charset=UTF-8',
  'referer' => 'http://mshop.demolink.top/index/order/orders?id=13&num=1&attribute=1,3,',
  'accept-encoding' => 'gzip, deflate',
  'accept-language' => 'zh-CN,zh;q=0.9',
  'cookie' => 'UM_distinctid=1696064496e86-018fe7bcf35b28-43480420-fa000-169606449704e6; pgv_pvi=5325103104; PHPSESSID=p8qhhbbeql1dat4109hg0uo543',
)
[ info ] [ PARAM ] array (
  '/index/Order/subOrder' => '',
  'goods_id' => '13',
  'price' => '23',
  'goodzprice' => '23',
  'freight' => '0',
  'orderdata' => 
  array (
    0 => 
    array (
      0 => '13',
      1 => '1',
      2 => '1,3,',
    ),
  ),
)
[ info ] [ CACHE ] INIT File
[ info ] [ RUN ] app\index\controller\Order->subOrder[ D:\web\mshop\shop\index\controller\Order.php ]
[ info ] [ DB ] INIT mysql
[ info ] [ LOG ] INIT File
[ error ] [8]未定义数组索引: address_id[D:\web\mshop\shop\index\controller\Order.php:141]
---------------------------------------------------------------
[ 2019-07-15T17:21:44+08:00 ] 121.32.177.127 POST mshop.demolink.top/index/Order/subOrder
[运行时间：0.062400s] [吞吐率：16.03req/s] [内存消耗：2,721.48kb] [文件加载：54]
[ info ] [ LANG ] D:\web\mshop\thinkphp\lang\zh-cn.php
[ info ] [ ROUTE ] array (
  'type' => 'module',
  'module' => 
  array (
    0 => 'index',
    1 => 'Order',
    2 => 'subOrder',
  ),
)
[ info ] [ HEADER ] array (
  'host' => 'mshop.demolink.top',
  'connection' => 'keep-alive',
  'content-length' => '127',
  'accept' => '*/*',
  'origin' => 'http://mshop.demolink.top',
  'x-requested-with' => 'XMLHttpRequest',
  'user-agent' => 'Mozilla/5.0 (Linux; Android 6.0; Nexus 5 Build/MRA58N) AppleWebKit/537.36 (KHTML, like Gecko) Chrome/68.0.3440.106 Mobile Safari/537.36',
  'content-type' => 'application/x-www-form-urlencoded; charset=UTF-8',
  'referer' => 'http://mshop.demolink.top/index/order/orders?id=13&num=1&attribute=1,3,',
  'accept-encoding' => 'gzip, deflate',
  'accept-language' => 'zh-CN,zh;q=0.9',
  'cookie' => 'UM_distinctid=1696064496e86-018fe7bcf35b28-43480420-fa000-169606449704e6; pgv_pvi=5325103104; PHPSESSID=p8qhhbbeql1dat4109hg0uo543',
)
[ info ] [ PARAM ] array (
  '/index/Order/subOrder' => '',
  'goods_id' => '13',
  'price' => '23',
  'goodzprice' => '23',
  'freight' => '0',
  'orderdata' => 
  array (
    0 => 
    array (
      0 => '13',
      1 => '1',
      2 => '1,3,',
    ),
  ),
)
[ info ] [ CACHE ] INIT File
[ info ] [ RUN ] app\index\controller\Order->subOrder[ D:\web\mshop\shop\index\controller\Order.php ]
[ info ] [ DB ] INIT mysql
[ info ] [ LOG ] INIT File
[ error ] [8]未定义数组索引: address_id[D:\web\mshop\shop\index\controller\Order.php:141]
---------------------------------------------------------------
[ 2019-07-15T17:21:45+08:00 ] 121.32.177.127 POST mshop.demolink.top/index/Order/subOrder
[运行时间：0.062400s] [吞吐率：16.03req/s] [内存消耗：2,721.48kb] [文件加载：54]
[ info ] [ LANG ] D:\web\mshop\thinkphp\lang\zh-cn.php
[ info ] [ ROUTE ] array (
  'type' => 'module',
  'module' => 
  array (
    0 => 'index',
    1 => 'Order',
    2 => 'subOrder',
  ),
)
[ info ] [ HEADER ] array (
  'host' => 'mshop.demolink.top',
  'connection' => 'keep-alive',
  'content-length' => '127',
  'accept' => '*/*',
  'origin' => 'http://mshop.demolink.top',
  'x-requested-with' => 'XMLHttpRequest',
  'user-agent' => 'Mozilla/5.0 (Linux; Android 6.0; Nexus 5 Build/MRA58N) AppleWebKit/537.36 (KHTML, like Gecko) Chrome/68.0.3440.106 Mobile Safari/537.36',
  'content-type' => 'application/x-www-form-urlencoded; charset=UTF-8',
  'referer' => 'http://mshop.demolink.top/index/order/orders?id=13&num=1&attribute=1,3,',
  'accept-encoding' => 'gzip, deflate',
  'accept-language' => 'zh-CN,zh;q=0.9',
  'cookie' => 'UM_distinctid=1696064496e86-018fe7bcf35b28-43480420-fa000-169606449704e6; pgv_pvi=5325103104; PHPSESSID=p8qhhbbeql1dat4109hg0uo543',
)
[ info ] [ PARAM ] array (
  '/index/Order/subOrder' => '',
  'goods_id' => '13',
  'price' => '23',
  'goodzprice' => '23',
  'freight' => '0',
  'orderdata' => 
  array (
    0 => 
    array (
      0 => '13',
      1 => '1',
      2 => '1,3,',
    ),
  ),
)
[ info ] [ CACHE ] INIT File
[ info ] [ RUN ] app\index\controller\Order->subOrder[ D:\web\mshop\shop\index\controller\Order.php ]
[ info ] [ DB ] INIT mysql
[ info ] [ LOG ] INIT File
[ error ] [8]未定义数组索引: address_id[D:\web\mshop\shop\index\controller\Order.php:141]
---------------------------------------------------------------
[ 2019-07-15T17:21:45+08:00 ] 121.32.177.127 POST mshop.demolink.top/index/Order/subOrder
[运行时间：0.062400s] [吞吐率：16.03req/s] [内存消耗：2,721.48kb] [文件加载：54]
[ info ] [ LANG ] D:\web\mshop\thinkphp\lang\zh-cn.php
[ info ] [ ROUTE ] array (
  'type' => 'module',
  'module' => 
  array (
    0 => 'index',
    1 => 'Order',
    2 => 'subOrder',
  ),
)
[ info ] [ HEADER ] array (
  'host' => 'mshop.demolink.top',
  'connection' => 'keep-alive',
  'content-length' => '127',
  'accept' => '*/*',
  'origin' => 'http://mshop.demolink.top',
  'x-requested-with' => 'XMLHttpRequest',
  'user-agent' => 'Mozilla/5.0 (Linux; Android 6.0; Nexus 5 Build/MRA58N) AppleWebKit/537.36 (KHTML, like Gecko) Chrome/68.0.3440.106 Mobile Safari/537.36',
  'content-type' => 'application/x-www-form-urlencoded; charset=UTF-8',
  'referer' => 'http://mshop.demolink.top/index/order/orders?id=13&num=1&attribute=1,3,',
  'accept-encoding' => 'gzip, deflate',
  'accept-language' => 'zh-CN,zh;q=0.9',
  'cookie' => 'UM_distinctid=1696064496e86-018fe7bcf35b28-43480420-fa000-169606449704e6; pgv_pvi=5325103104; PHPSESSID=p8qhhbbeql1dat4109hg0uo543',
)
[ info ] [ PARAM ] array (
  '/index/Order/subOrder' => '',
  'goods_id' => '13',
  'price' => '23',
  'goodzprice' => '23',
  'freight' => '0',
  'orderdata' => 
  array (
    0 => 
    array (
      0 => '13',
      1 => '1',
      2 => '1,3,',
    ),
  ),
)
[ info ] [ CACHE ] INIT File
[ info ] [ RUN ] app\index\controller\Order->subOrder[ D:\web\mshop\shop\index\controller\Order.php ]
[ info ] [ DB ] INIT mysql
[ info ] [ LOG ] INIT File
[ error ] [8]未定义数组索引: address_id[D:\web\mshop\shop\index\controller\Order.php:141]
---------------------------------------------------------------
[ 2019-07-15T17:21:45+08:00 ] 121.32.177.127 POST mshop.demolink.top/index/Order/subOrder
[运行时间：0.046800s] [吞吐率：21.37req/s] [内存消耗：2,721.48kb] [文件加载：54]
[ info ] [ LANG ] D:\web\mshop\thinkphp\lang\zh-cn.php
[ info ] [ ROUTE ] array (
  'type' => 'module',
  'module' => 
  array (
    0 => 'index',
    1 => 'Order',
    2 => 'subOrder',
  ),
)
[ info ] [ HEADER ] array (
  'host' => 'mshop.demolink.top',
  'connection' => 'keep-alive',
  'content-length' => '127',
  'accept' => '*/*',
  'origin' => 'http://mshop.demolink.top',
  'x-requested-with' => 'XMLHttpRequest',
  'user-agent' => 'Mozilla/5.0 (Linux; Android 6.0; Nexus 5 Build/MRA58N) AppleWebKit/537.36 (KHTML, like Gecko) Chrome/68.0.3440.106 Mobile Safari/537.36',
  'content-type' => 'application/x-www-form-urlencoded; charset=UTF-8',
  'referer' => 'http://mshop.demolink.top/index/order/orders?id=13&num=1&attribute=1,3,',
  'accept-encoding' => 'gzip, deflate',
  'accept-language' => 'zh-CN,zh;q=0.9',
  'cookie' => 'UM_distinctid=1696064496e86-018fe7bcf35b28-43480420-fa000-169606449704e6; pgv_pvi=5325103104; PHPSESSID=p8qhhbbeql1dat4109hg0uo543',
)
[ info ] [ PARAM ] array (
  '/index/Order/subOrder' => '',
  'goods_id' => '13',
  'price' => '23',
  'goodzprice' => '23',
  'freight' => '0',
  'orderdata' => 
  array (
    0 => 
    array (
      0 => '13',
      1 => '1',
      2 => '1,3,',
    ),
  ),
)
[ info ] [ CACHE ] INIT File
[ info ] [ RUN ] app\index\controller\Order->subOrder[ D:\web\mshop\shop\index\controller\Order.php ]
[ info ] [ DB ] INIT mysql
[ info ] [ LOG ] INIT File
[ error ] [8]未定义数组索引: address_id[D:\web\mshop\shop\index\controller\Order.php:141]
---------------------------------------------------------------
[ 2019-07-15T17:21:52+08:00 ] 121.32.177.127 GET mshop.demolink.top/index/Goods/details/id/13
[运行时间：0.078000s] [吞吐率：12.82req/s] [内存消耗：2,712.22kb] [文件加载：52]
[ info ] [ LANG ] D:\web\mshop\thinkphp\lang\zh-cn.php
[ info ] [ ROUTE ] array (
  'type' => 'module',
  'module' => 
  array (
    0 => 'index',
    1 => 'Goods',
    2 => 'details',
  ),
)
[ info ] [ HEADER ] array (
  'host' => 'mshop.demolink.top',
  'connection' => 'keep-alive',
  'upgrade-insecure-requests' => '1',
  'user-agent' => 'Mozilla/5.0 (Linux; Android 6.0; Nexus 5 Build/MRA58N) AppleWebKit/537.36 (KHTML, like Gecko) Chrome/68.0.3440.106 Mobile Safari/537.36',
  'accept' => 'text/html,application/xhtml+xml,application/xml;q=0.9,image/webp,image/apng,*/*;q=0.8',
  'referer' => 'http://mshop.demolink.top/index/Index/index',
  'accept-encoding' => 'gzip, deflate',
  'accept-language' => 'zh-CN,zh;q=0.9',
  'cookie' => 'UM_distinctid=1696064496e86-018fe7bcf35b28-43480420-fa000-169606449704e6; pgv_pvi=5325103104; PHPSESSID=p8qhhbbeql1dat4109hg0uo543',
)
[ info ] [ PARAM ] array (
  '/index/Goods/details/id/13' => '',
  'id' => '13',
)
[ info ] [ CACHE ] INIT File
[ info ] [ RUN ] app\index\controller\Goods->details[ D:\web\mshop\shop\index\controller\Goods.php ]
[ info ] [ SESSION ] INIT array (
  'type' => '',
  'auto_start' => true,
)
[ info ] [ DB ] INIT mysql
[ info ] [ VIEW ] ./themes/default/index/goods\details.html [ array (
  0 => 'top_nav',
  1 => 'goods',
  2 => 'goods_image',
  3 => 'goods_discount',
  4 => 'attribute',
  5 => 'goods_description',
  6 => 'goods_brand',
) ]
[ info ] [ LOG ] INIT File
---------------------------------------------------------------
[ 2019-07-15T17:21:54+08:00 ] 121.32.177.127 GET mshop.demolink.top/index/Index/pcenter
[运行时间：0.062400s] [吞吐率：16.03req/s] [内存消耗：2,987.82kb] [文件加载：54]
[ info ] [ LANG ] D:\web\mshop\thinkphp\lang\zh-cn.php
[ info ] [ ROUTE ] array (
  'type' => 'module',
  'module' => 
  array (
    0 => 'index',
    1 => 'Index',
    2 => 'pcenter',
  ),
)
[ info ] [ HEADER ] array (
  'host' => 'mshop.demolink.top',
  'connection' => 'keep-alive',
  'upgrade-insecure-requests' => '1',
  'user-agent' => 'Mozilla/5.0 (Linux; Android 6.0; Nexus 5 Build/MRA58N) AppleWebKit/537.36 (KHTML, like Gecko) Chrome/68.0.3440.106 Mobile Safari/537.36',
  'accept' => 'text/html,application/xhtml+xml,application/xml;q=0.9,image/webp,image/apng,*/*;q=0.8',
  'referer' => 'http://mshop.demolink.top/index/Index/index',
  'accept-encoding' => 'gzip, deflate',
  'accept-language' => 'zh-CN,zh;q=0.9',
  'cookie' => 'UM_distinctid=1696064496e86-018fe7bcf35b28-43480420-fa000-169606449704e6; pgv_pvi=5325103104; PHPSESSID=p8qhhbbeql1dat4109hg0uo543',
)
[ info ] [ PARAM ] array (
  '/index/Index/pcenter' => '',
)
[ info ] [ CACHE ] INIT File
[ info ] [ RUN ] app\index\controller\Index->pcenter[ D:\web\mshop\shop\index\controller\Index.php ]
[ info ] [ DB ] INIT mysql
[ info ] [ SESSION ] INIT array (
  'type' => '',
  'auto_start' => true,
)
[ info ] [ VIEW ] ./themes/default/index/index\pcenter.html [ array (
  0 => 'top_nav',
  1 => 'user_name',
  2 => 'user_phone',
  3 => 'user_photo',
) ]
[ info ] [ LOG ] INIT File
---------------------------------------------------------------
[ 2019-07-15T17:21:55+08:00 ] 121.32.177.127 GET mshop.demolink.top/index/user/setting
[运行时间：0.031200s] [吞吐率：32.05req/s] [内存消耗：1,930.95kb] [文件加载：46]
[ info ] [ LANG ] D:\web\mshop\thinkphp\lang\zh-cn.php
[ info ] [ ROUTE ] array (
  'type' => 'module',
  'module' => 
  array (
    0 => 'index',
    1 => 'user',
    2 => 'setting',
  ),
)
[ info ] [ HEADER ] array (
  'host' => 'mshop.demolink.top',
  'connection' => 'keep-alive',
  'upgrade-insecure-requests' => '1',
  'user-agent' => 'Mozilla/5.0 (Linux; Android 6.0; Nexus 5 Build/MRA58N) AppleWebKit/537.36 (KHTML, like Gecko) Chrome/68.0.3440.106 Mobile Safari/537.36',
  'accept' => 'text/html,application/xhtml+xml,application/xml;q=0.9,image/webp,image/apng,*/*;q=0.8',
  'referer' => 'http://mshop.demolink.top/index/Index/pcenter',
  'accept-encoding' => 'gzip, deflate',
  'accept-language' => 'zh-CN,zh;q=0.9',
  'cookie' => 'UM_distinctid=1696064496e86-018fe7bcf35b28-43480420-fa000-169606449704e6; pgv_pvi=5325103104; PHPSESSID=p8qhhbbeql1dat4109hg0uo543',
)
[ info ] [ PARAM ] array (
  '/index/user/setting' => '',
)
[ info ] [ CACHE ] INIT File
[ info ] [ RUN ] app\index\controller\User->setting[ D:\web\mshop\shop\index\controller\User.php ]
[ info ] [ SESSION ] INIT array (
  'type' => '',
  'auto_start' => true,
)
[ info ] [ VIEW ] ./themes/default/index/user\setting.html [ array (
  0 => 'top_nav',
) ]
[ info ] [ LOG ] INIT File
---------------------------------------------------------------
[ 2019-07-15T17:21:57+08:00 ] 121.32.177.127 GET mshop.demolink.top/index/Index/pcenter
[运行时间：0.046800s] [吞吐率：21.37req/s] [内存消耗：2,987.82kb] [文件加载：54]
[ info ] [ LANG ] D:\web\mshop\thinkphp\lang\zh-cn.php
[ info ] [ ROUTE ] array (
  'type' => 'module',
  'module' => 
  array (
    0 => 'index',
    1 => 'Index',
    2 => 'pcenter',
  ),
)
[ info ] [ HEADER ] array (
  'host' => 'mshop.demolink.top',
  'connection' => 'keep-alive',
  'upgrade-insecure-requests' => '1',
  'user-agent' => 'Mozilla/5.0 (Linux; Android 6.0; Nexus 5 Build/MRA58N) AppleWebKit/537.36 (KHTML, like Gecko) Chrome/68.0.3440.106 Mobile Safari/537.36',
  'accept' => 'text/html,application/xhtml+xml,application/xml;q=0.9,image/webp,image/apng,*/*;q=0.8',
  'referer' => 'http://mshop.demolink.top/index/Index/index',
  'accept-encoding' => 'gzip, deflate',
  'accept-language' => 'zh-CN,zh;q=0.9',
  'cookie' => 'UM_distinctid=1696064496e86-018fe7bcf35b28-43480420-fa000-169606449704e6; pgv_pvi=5325103104; PHPSESSID=p8qhhbbeql1dat4109hg0uo543',
)
[ info ] [ PARAM ] array (
  '/index/Index/pcenter' => '',
)
[ info ] [ CACHE ] INIT File
[ info ] [ RUN ] app\index\controller\Index->pcenter[ D:\web\mshop\shop\index\controller\Index.php ]
[ info ] [ DB ] INIT mysql
[ info ] [ SESSION ] INIT array (
  'type' => '',
  'auto_start' => true,
)
[ info ] [ VIEW ] ./themes/default/index/index\pcenter.html [ array (
  0 => 'top_nav',
  1 => 'user_name',
  2 => 'user_phone',
  3 => 'user_photo',
) ]
[ info ] [ LOG ] INIT File
---------------------------------------------------------------
[ 2019-07-15T17:21:58+08:00 ] 121.32.177.127 GET mshop.demolink.top/index/user/address
[运行时间：0.062400s] [吞吐率：16.03req/s] [内存消耗：2,693.93kb] [文件加载：52]
[ info ] [ LANG ] D:\web\mshop\thinkphp\lang\zh-cn.php
[ info ] [ ROUTE ] array (
  'type' => 'module',
  'module' => 
  array (
    0 => 'index',
    1 => 'user',
    2 => 'address',
  ),
)
[ info ] [ HEADER ] array (
  'host' => 'mshop.demolink.top',
  'connection' => 'keep-alive',
  'upgrade-insecure-requests' => '1',
  'user-agent' => 'Mozilla/5.0 (Linux; Android 6.0; Nexus 5 Build/MRA58N) AppleWebKit/537.36 (KHTML, like Gecko) Chrome/68.0.3440.106 Mobile Safari/537.36',
  'accept' => 'text/html,application/xhtml+xml,application/xml;q=0.9,image/webp,image/apng,*/*;q=0.8',
  'referer' => 'http://mshop.demolink.top/index/Index/pcenter',
  'accept-encoding' => 'gzip, deflate',
  'accept-language' => 'zh-CN,zh;q=0.9',
  'cookie' => 'UM_distinctid=1696064496e86-018fe7bcf35b28-43480420-fa000-169606449704e6; pgv_pvi=5325103104; PHPSESSID=p8qhhbbeql1dat4109hg0uo543',
)
[ info ] [ PARAM ] array (
  '/index/user/address' => '',
)
[ info ] [ CACHE ] INIT File
[ info ] [ RUN ] app\index\controller\User->address[ D:\web\mshop\shop\index\controller\User.php ]
[ info ] [ SESSION ] INIT array (
  'type' => '',
  'auto_start' => true,
)
[ info ] [ DB ] INIT mysql
[ info ] [ VIEW ] ./themes/default/index/user\address.html [ array (
  0 => 'top_nav',
  1 => 'address',
) ]
[ info ] [ LOG ] INIT File
---------------------------------------------------------------
[ 2019-07-15T17:21:59+08:00 ] 121.32.177.127 GET mshop.demolink.top/index/user/setaddress
[运行时间：0.374400s] [吞吐率：2.67req/s] [内存消耗：5,341.26kb] [文件加载：52]
[ info ] [ LANG ] D:\web\mshop\thinkphp\lang\zh-cn.php
[ info ] [ ROUTE ] array (
  'type' => 'module',
  'module' => 
  array (
    0 => 'index',
    1 => 'user',
    2 => 'setaddress',
  ),
)
[ info ] [ HEADER ] array (
  'host' => 'mshop.demolink.top',
  'connection' => 'keep-alive',
  'upgrade-insecure-requests' => '1',
  'user-agent' => 'Mozilla/5.0 (Linux; Android 6.0; Nexus 5 Build/MRA58N) AppleWebKit/537.36 (KHTML, like Gecko) Chrome/68.0.3440.106 Mobile Safari/537.36',
  'accept' => 'text/html,application/xhtml+xml,application/xml;q=0.9,image/webp,image/apng,*/*;q=0.8',
  'referer' => 'http://mshop.demolink.top/index/user/address',
  'accept-encoding' => 'gzip, deflate',
  'accept-language' => 'zh-CN,zh;q=0.9',
  'cookie' => 'UM_distinctid=1696064496e86-018fe7bcf35b28-43480420-fa000-169606449704e6; pgv_pvi=5325103104; PHPSESSID=p8qhhbbeql1dat4109hg0uo543',
)
[ info ] [ PARAM ] array (
  '/index/user/setaddress' => '',
)
[ info ] [ CACHE ] INIT File
[ info ] [ RUN ] app\index\controller\User->setaddress[ D:\web\mshop\shop\index\controller\User.php ]
[ info ] [ SESSION ] INIT array (
  'type' => '',
  'auto_start' => true,
)
[ info ] [ DB ] INIT mysql
[ info ] [ VIEW ] ./themes/default/index/user\setaddress.html [ array (
  0 => 'top_nav',
  1 => 'address',
  2 => 'area',
) ]
[ info ] [ LOG ] INIT File
---------------------------------------------------------------
[ 2019-07-15T17:22:26+08:00 ] 121.32.177.127 POST mshop.demolink.top/index/User/addaddress
[运行时间：0.062400s] [吞吐率：16.03req/s] [内存消耗：2,643.02kb] [文件加载：51]
[ info ] [ LANG ] D:\web\mshop\thinkphp\lang\zh-cn.php
[ info ] [ ROUTE ] array (
  'type' => 'module',
  'module' => 
  array (
    0 => 'index',
    1 => 'User',
    2 => 'addaddress',
  ),
)
[ info ] [ HEADER ] array (
  'host' => 'mshop.demolink.top',
  'connection' => 'keep-alive',
  'content-length' => '140',
  'accept' => '*/*',
  'origin' => 'http://mshop.demolink.top',
  'x-requested-with' => 'XMLHttpRequest',
  'user-agent' => 'Mozilla/5.0 (Linux; Android 6.0; Nexus 5 Build/MRA58N) AppleWebKit/537.36 (KHTML, like Gecko) Chrome/68.0.3440.106 Mobile Safari/537.36',
  'content-type' => 'application/x-www-form-urlencoded; charset=UTF-8',
  'referer' => 'http://mshop.demolink.top/index/user/setaddress',
  'accept-encoding' => 'gzip, deflate',
  'accept-language' => 'zh-CN,zh;q=0.9',
  'cookie' => 'UM_distinctid=1696064496e86-018fe7bcf35b28-43480420-fa000-169606449704e6; pgv_pvi=5325103104; PHPSESSID=p8qhhbbeql1dat4109hg0uo543',
)
[ info ] [ PARAM ] array (
  '/index/User/addaddress' => '',
  'name' => '测试1',
  'telephone' => '13211111111',
  'address' => '测试地址',
  'Default' => '2',
  'province_id' => '1',
  'city_id' => '36',
  'country_id' => '37',
)
[ info ] [ CACHE ] INIT File
[ info ] [ RUN ] app\index\controller\User->addaddress[ D:\web\mshop\shop\index\controller\User.php ]
[ info ] [ SESSION ] INIT array (
  'type' => '',
  'auto_start' => true,
)
[ info ] [ DB ] INIT mysql
[ info ] [ LOG ] INIT File
---------------------------------------------------------------
[ 2019-07-15T17:22:27+08:00 ] 121.32.177.127 GET mshop.demolink.top/index/user/address
[运行时间：0.093600s] [吞吐率：10.68req/s] [内存消耗：3,023.14kb] [文件加载：52]
[ info ] [ LANG ] D:\web\mshop\thinkphp\lang\zh-cn.php
[ info ] [ ROUTE ] array (
  'type' => 'module',
  'module' => 
  array (
    0 => 'index',
    1 => 'user',
    2 => 'address',
  ),
)
[ info ] [ HEADER ] array (
  'host' => 'mshop.demolink.top',
  'connection' => 'keep-alive',
  'upgrade-insecure-requests' => '1',
  'user-agent' => 'Mozilla/5.0 (Linux; Android 6.0; Nexus 5 Build/MRA58N) AppleWebKit/537.36 (KHTML, like Gecko) Chrome/68.0.3440.106 Mobile Safari/537.36',
  'accept' => 'text/html,application/xhtml+xml,application/xml;q=0.9,image/webp,image/apng,*/*;q=0.8',
  'referer' => 'http://mshop.demolink.top/index/Index/pcenter',
  'accept-encoding' => 'gzip, deflate',
  'accept-language' => 'zh-CN,zh;q=0.9',
  'cookie' => 'UM_distinctid=1696064496e86-018fe7bcf35b28-43480420-fa000-169606449704e6; pgv_pvi=5325103104; PHPSESSID=p8qhhbbeql1dat4109hg0uo543',
)
[ info ] [ PARAM ] array (
  '/index/user/address' => '',
)
[ info ] [ CACHE ] INIT File
[ info ] [ RUN ] app\index\controller\User->address[ D:\web\mshop\shop\index\controller\User.php ]
[ info ] [ SESSION ] INIT array (
  'type' => '',
  'auto_start' => true,
)
[ info ] [ DB ] INIT mysql
[ info ] [ VIEW ] ./themes/default/index/user\address.html [ array (
  0 => 'top_nav',
  1 => 'address',
) ]
[ info ] [ LOG ] INIT File
---------------------------------------------------------------
[ 2019-07-15T17:22:28+08:00 ] 121.32.177.127 GET mshop.demolink.top/index/Index/pcenter
[运行时间：0.062400s] [吞吐率：16.03req/s] [内存消耗：2,987.82kb] [文件加载：54]
[ info ] [ LANG ] D:\web\mshop\thinkphp\lang\zh-cn.php
[ info ] [ ROUTE ] array (
  'type' => 'module',
  'module' => 
  array (
    0 => 'index',
    1 => 'Index',
    2 => 'pcenter',
  ),
)
[ info ] [ HEADER ] array (
  'host' => 'mshop.demolink.top',
  'connection' => 'keep-alive',
  'upgrade-insecure-requests' => '1',
  'user-agent' => 'Mozilla/5.0 (Linux; Android 6.0; Nexus 5 Build/MRA58N) AppleWebKit/537.36 (KHTML, like Gecko) Chrome/68.0.3440.106 Mobile Safari/537.36',
  'accept' => 'text/html,application/xhtml+xml,application/xml;q=0.9,image/webp,image/apng,*/*;q=0.8',
  'referer' => 'http://mshop.demolink.top/index/Index/index',
  'accept-encoding' => 'gzip, deflate',
  'accept-language' => 'zh-CN,zh;q=0.9',
  'cookie' => 'UM_distinctid=1696064496e86-018fe7bcf35b28-43480420-fa000-169606449704e6; pgv_pvi=5325103104; PHPSESSID=p8qhhbbeql1dat4109hg0uo543',
)
[ info ] [ PARAM ] array (
  '/index/Index/pcenter' => '',
)
[ info ] [ CACHE ] INIT File
[ info ] [ RUN ] app\index\controller\Index->pcenter[ D:\web\mshop\shop\index\controller\Index.php ]
[ info ] [ DB ] INIT mysql
[ info ] [ SESSION ] INIT array (
  'type' => '',
  'auto_start' => true,
)
[ info ] [ VIEW ] ./themes/default/index/index\pcenter.html [ array (
  0 => 'top_nav',
  1 => 'user_name',
  2 => 'user_phone',
  3 => 'user_photo',
) ]
[ info ] [ LOG ] INIT File
---------------------------------------------------------------
[ 2019-07-15T17:22:30+08:00 ] 121.32.177.127 GET mshop.demolink.top/index/Index/index
[运行时间：0.078000s] [吞吐率：12.82req/s] [内存消耗：2,746.59kb] [文件加载：53]
[ info ] [ LANG ] D:\web\mshop\thinkphp\lang\zh-cn.php
[ info ] [ ROUTE ] array (
  'type' => 'module',
  'module' => 
  array (
    0 => 'index',
    1 => 'Index',
    2 => 'index',
  ),
)
[ info ] [ HEADER ] array (
  'host' => 'mshop.demolink.top',
  'connection' => 'keep-alive',
  'upgrade-insecure-requests' => '1',
  'user-agent' => 'Mozilla/5.0 (Linux; Android 6.0; Nexus 5 Build/MRA58N) AppleWebKit/537.36 (KHTML, like Gecko) Chrome/68.0.3440.106 Mobile Safari/537.36',
  'accept' => 'text/html,application/xhtml+xml,application/xml;q=0.9,image/webp,image/apng,*/*;q=0.8',
  'referer' => 'http://mshop.demolink.top/index/Index/pcenter',
  'accept-encoding' => 'gzip, deflate',
  'accept-language' => 'zh-CN,zh;q=0.9',
  'cookie' => 'UM_distinctid=1696064496e86-018fe7bcf35b28-43480420-fa000-169606449704e6; pgv_pvi=5325103104; PHPSESSID=p8qhhbbeql1dat4109hg0uo543',
)
[ info ] [ PARAM ] array (
  '/index/Index/index' => '',
)
[ info ] [ CACHE ] INIT File
[ info ] [ RUN ] app\index\controller\Index->index[ D:\web\mshop\shop\index\controller\Index.php ]
[ info ] [ DB ] INIT mysql
[ info ] [ VIEW ] ./themes/default/index/index\index.html [ array (
  0 => 'top_nav',
  1 => 'brand',
  2 => 'guesslike',
  3 => 'newlist',
  4 => 'popular',
  5 => 'frontend_images',
) ]
[ info ] [ LOG ] INIT File
---------------------------------------------------------------
[ 2019-07-15T17:22:32+08:00 ] 121.32.177.127 GET mshop.demolink.top/index/Goods/details/id/15
[运行时间：0.093600s] [吞吐率：10.68req/s] [内存消耗：2,705.41kb] [文件加载：52]
[ info ] [ LANG ] D:\web\mshop\thinkphp\lang\zh-cn.php
[ info ] [ ROUTE ] array (
  'type' => 'module',
  'module' => 
  array (
    0 => 'index',
    1 => 'Goods',
    2 => 'details',
  ),
)
[ info ] [ HEADER ] array (
  'host' => 'mshop.demolink.top',
  'connection' => 'keep-alive',
  'upgrade-insecure-requests' => '1',
  'user-agent' => 'Mozilla/5.0 (Linux; Android 6.0; Nexus 5 Build/MRA58N) AppleWebKit/537.36 (KHTML, like Gecko) Chrome/68.0.3440.106 Mobile Safari/537.36',
  'accept' => 'text/html,application/xhtml+xml,application/xml;q=0.9,image/webp,image/apng,*/*;q=0.8',
  'referer' => 'http://mshop.demolink.top/index/Index/index',
  'accept-encoding' => 'gzip, deflate',
  'accept-language' => 'zh-CN,zh;q=0.9',
  'cookie' => 'UM_distinctid=1696064496e86-018fe7bcf35b28-43480420-fa000-169606449704e6; pgv_pvi=5325103104; PHPSESSID=p8qhhbbeql1dat4109hg0uo543',
)
[ info ] [ PARAM ] array (
  '/index/Goods/details/id/15' => '',
  'id' => '15',
)
[ info ] [ CACHE ] INIT File
[ info ] [ RUN ] app\index\controller\Goods->details[ D:\web\mshop\shop\index\controller\Goods.php ]
[ info ] [ SESSION ] INIT array (
  'type' => '',
  'auto_start' => true,
)
[ info ] [ DB ] INIT mysql
[ info ] [ VIEW ] ./themes/default/index/goods\details.html [ array (
  0 => 'top_nav',
  1 => 'goods',
  2 => 'goods_image',
  3 => 'goods_discount',
  4 => 'attribute',
  5 => 'goods_description',
  6 => 'goods_brand',
) ]
[ info ] [ LOG ] INIT File
---------------------------------------------------------------
[ 2019-07-15T17:22:34+08:00 ] 121.32.177.127 GET mshop.demolink.top/index/Goods/details/id/13
[运行时间：0.093600s] [吞吐率：10.68req/s] [内存消耗：2,712.22kb] [文件加载：52]
[ info ] [ LANG ] D:\web\mshop\thinkphp\lang\zh-cn.php
[ info ] [ ROUTE ] array (
  'type' => 'module',
  'module' => 
  array (
    0 => 'index',
    1 => 'Goods',
    2 => 'details',
  ),
)
[ info ] [ HEADER ] array (
  'host' => 'mshop.demolink.top',
  'connection' => 'keep-alive',
  'upgrade-insecure-requests' => '1',
  'user-agent' => 'Mozilla/5.0 (Linux; Android 6.0; Nexus 5 Build/MRA58N) AppleWebKit/537.36 (KHTML, like Gecko) Chrome/68.0.3440.106 Mobile Safari/537.36',
  'accept' => 'text/html,application/xhtml+xml,application/xml;q=0.9,image/webp,image/apng,*/*;q=0.8',
  'referer' => 'http://mshop.demolink.top/index/Index/index',
  'accept-encoding' => 'gzip, deflate',
  'accept-language' => 'zh-CN,zh;q=0.9',
  'cookie' => 'UM_distinctid=1696064496e86-018fe7bcf35b28-43480420-fa000-169606449704e6; pgv_pvi=5325103104; PHPSESSID=p8qhhbbeql1dat4109hg0uo543',
)
[ info ] [ PARAM ] array (
  '/index/Goods/details/id/13' => '',
  'id' => '13',
)
[ info ] [ CACHE ] INIT File
[ info ] [ RUN ] app\index\controller\Goods->details[ D:\web\mshop\shop\index\controller\Goods.php ]
[ info ] [ SESSION ] INIT array (
  'type' => '',
  'auto_start' => true,
)
[ info ] [ DB ] INIT mysql
[ info ] [ VIEW ] ./themes/default/index/goods\details.html [ array (
  0 => 'top_nav',
  1 => 'goods',
  2 => 'goods_image',
  3 => 'goods_discount',
  4 => 'attribute',
  5 => 'goods_description',
  6 => 'goods_brand',
) ]
[ info ] [ LOG ] INIT File
---------------------------------------------------------------
[ 2019-07-15T17:22:37+08:00 ] 121.32.177.127 GET mshop.demolink.top/index/order/orders?id=13&num=1&attribute=1,3,
[运行时间：0.093600s] [吞吐率：10.68req/s] [内存消耗：2,759.66kb] [文件加载：52]
[ info ] [ LANG ] D:\web\mshop\thinkphp\lang\zh-cn.php
[ info ] [ ROUTE ] array (
  'type' => 'module',
  'module' => 
  array (
    0 => 'index',
    1 => 'order',
    2 => 'orders',
  ),
)
[ info ] [ HEADER ] array (
  'host' => 'mshop.demolink.top',
  'connection' => 'keep-alive',
  'upgrade-insecure-requests' => '1',
  'user-agent' => 'Mozilla/5.0 (Linux; Android 6.0; Nexus 5 Build/MRA58N) AppleWebKit/537.36 (KHTML, like Gecko) Chrome/68.0.3440.106 Mobile Safari/537.36',
  'accept' => 'text/html,application/xhtml+xml,application/xml;q=0.9,image/webp,image/apng,*/*;q=0.8',
  'referer' => 'http://mshop.demolink.top/index/Goods/details/id/13',
  'accept-encoding' => 'gzip, deflate',
  'accept-language' => 'zh-CN,zh;q=0.9',
  'cookie' => 'UM_distinctid=1696064496e86-018fe7bcf35b28-43480420-fa000-169606449704e6; pgv_pvi=5325103104; PHPSESSID=p8qhhbbeql1dat4109hg0uo543',
)
[ info ] [ PARAM ] array (
  '/index/order/orders' => '',
  'id' => '13',
  'num' => '1',
  'attribute' => '1,3,',
)
[ info ] [ CACHE ] INIT File
[ info ] [ RUN ] app\index\controller\Order->orders[ D:\web\mshop\shop\index\controller\Order.php ]
[ info ] [ SESSION ] INIT array (
  'type' => '',
  'auto_start' => true,
)
[ info ] [ DB ] INIT mysql
[ info ] [ VIEW ] ./themes/default/index/order\orders.html [ array (
  0 => 'top_nav',
  1 => 'goods',
  2 => 'num',
  3 => 'attribute_value',
  4 => 'goods_discount',
  5 => 'goodzprice',
  6 => 'freight',
  7 => 'zprice',
  8 => 'address',
  9 => 'couponlist',
) ]
[ info ] [ LOG ] INIT File
---------------------------------------------------------------
[ 2019-07-15T17:22:38+08:00 ] 121.32.177.127 POST mshop.demolink.top/index/Order/subOrder
[运行时间：0.062400s] [吞吐率：16.03req/s] [内存消耗：2,703.64kb] [文件加载：51]
[ info ] [ LANG ] D:\web\mshop\thinkphp\lang\zh-cn.php
[ info ] [ ROUTE ] array (
  'type' => 'module',
  'module' => 
  array (
    0 => 'index',
    1 => 'Order',
    2 => 'subOrder',
  ),
)
[ info ] [ HEADER ] array (
  'host' => 'mshop.demolink.top',
  'connection' => 'keep-alive',
  'content-length' => '141',
  'accept' => '*/*',
  'origin' => 'http://mshop.demolink.top',
  'x-requested-with' => 'XMLHttpRequest',
  'user-agent' => 'Mozilla/5.0 (Linux; Android 6.0; Nexus 5 Build/MRA58N) AppleWebKit/537.36 (KHTML, like Gecko) Chrome/68.0.3440.106 Mobile Safari/537.36',
  'content-type' => 'application/x-www-form-urlencoded; charset=UTF-8',
  'referer' => 'http://mshop.demolink.top/index/order/orders?id=13&num=1&attribute=1,3,',
  'accept-encoding' => 'gzip, deflate',
  'accept-language' => 'zh-CN,zh;q=0.9',
  'cookie' => 'UM_distinctid=1696064496e86-018fe7bcf35b28-43480420-fa000-169606449704e6; pgv_pvi=5325103104; PHPSESSID=p8qhhbbeql1dat4109hg0uo543',
)
[ info ] [ PARAM ] array (
  '/index/Order/subOrder' => '',
  'address_id' => '13',
  'goods_id' => '13',
  'price' => '23',
  'goodzprice' => '23',
  'freight' => '0',
  'orderdata' => 
  array (
    0 => 
    array (
      0 => '13',
      1 => '1',
      2 => '1,3,',
    ),
  ),
)
[ info ] [ CACHE ] INIT File
[ info ] [ RUN ] app\index\controller\Order->subOrder[ D:\web\mshop\shop\index\controller\Order.php ]
[ info ] [ DB ] INIT mysql
[ info ] [ SESSION ] INIT array (
  'type' => '',
  'auto_start' => true,
)
[ info ] [ LOG ] INIT File
---------------------------------------------------------------
[ 2019-07-15T17:22:38+08:00 ] 121.32.177.127 GET mshop.demolink.top/index/Pay/payment?id=25
[运行时间：0.062400s] [吞吐率：16.03req/s] [内存消耗：2,648.99kb] [文件加载：52]
[ info ] [ LANG ] D:\web\mshop\thinkphp\lang\zh-cn.php
[ info ] [ ROUTE ] array (
  'type' => 'module',
  'module' => 
  array (
    0 => 'index',
    1 => 'Pay',
    2 => 'payment',
  ),
)
[ info ] [ HEADER ] array (
  'host' => 'mshop.demolink.top',
  'connection' => 'keep-alive',
  'upgrade-insecure-requests' => '1',
  'user-agent' => 'Mozilla/5.0 (Linux; Android 6.0; Nexus 5 Build/MRA58N) AppleWebKit/537.36 (KHTML, like Gecko) Chrome/68.0.3440.106 Mobile Safari/537.36',
  'accept' => 'text/html,application/xhtml+xml,application/xml;q=0.9,image/webp,image/apng,*/*;q=0.8',
  'referer' => 'http://mshop.demolink.top/index/order/orders?id=13&num=1&attribute=1,3,',
  'accept-encoding' => 'gzip, deflate',
  'accept-language' => 'zh-CN,zh;q=0.9',
  'cookie' => 'UM_distinctid=1696064496e86-018fe7bcf35b28-43480420-fa000-169606449704e6; pgv_pvi=5325103104; PHPSESSID=p8qhhbbeql1dat4109hg0uo543',
)
[ info ] [ PARAM ] array (
  '/index/Pay/payment' => '',
  'id' => '25',
)
[ info ] [ CACHE ] INIT File
[ info ] [ RUN ] app\index\controller\Pay->payment[ D:\web\mshop\shop\index\controller\Pay.php ]
[ info ] [ SESSION ] INIT array (
  'type' => '',
  'auto_start' => true,
)
[ info ] [ DB ] INIT mysql
[ info ] [ VIEW ] ./themes/default/index/pay\payment.html [ array (
  0 => 'top_nav',
  1 => 'order',
) ]
[ info ] [ LOG ] INIT File
