---------------------------------------------------------------
[ 2019-07-19T14:19:10+08:00 ] 113.68.36.80 GET mshop.demolink.top/
[运行时间：0.140400s] [吞吐率：7.12req/s] [内存消耗：2,742.68kb] [文件加载：53]
[ info ] [ LANG ] D:\web\mshop\thinkphp\lang\zh-cn.php
[ info ] [ ROUTE ] array (
  'type' => 'module',
  'module' => 
  array (
    0 => '',
    1 => NULL,
    2 => NULL,
  ),
)
[ info ] [ HEADER ] array (
  'host' => 'mshop.demolink.top',
  'connection' => 'keep-alive',
  'upgrade-insecure-requests' => '1',
  'user-agent' => 'Mozilla/5.0 (Windows NT 6.1; WOW64) AppleWebKit/537.36 (KHTML, like Gecko) Chrome/68.0.3440.106 Safari/537.36',
  'accept' => 'text/html,application/xhtml+xml,application/xml;q=0.9,image/webp,image/apng,*/*;q=0.8',
  'accept-encoding' => 'gzip, deflate',
  'accept-language' => 'zh-CN,zh;q=0.9',
  'cookie' => 'UM_distinctid=1696064496e86-018fe7bcf35b28-43480420-fa000-169606449704e6; pgv_pvi=5325103104',
)
[ info ] [ PARAM ] array (
)
[ info ] [ CACHE ] INIT File
[ info ] [ RUN ] app\index\controller\Index->index[ D:\web\mshop\shop\index\controller\Index.php ]
[ info ] [ DB ] INIT mysql
[ info ] [ VIEW ] ./themes/default/index/index\index.html [ array (
  0 => 'top_nav',
  1 => 'brand',
  2 => 'guesslike',
  3 => 'newlist',
  4 => 'popular',
  5 => 'frontend_images',
) ]
[ info ] [ LOG ] INIT File
---------------------------------------------------------------
[ 2019-07-19T14:19:11+08:00 ] 113.68.36.80 GET mshop.demolink.top/favicon.ico
[运行时间：0.031200s] [吞吐率：32.05req/s] [内存消耗：1,366.98kb] [文件加载：33]
[ info ] [ LANG ] D:\web\mshop\thinkphp\lang\zh-cn.php
[ info ] [ ROUTE ] array (
  'type' => 'module',
  'module' => 
  array (
    0 => 'favicon',
    1 => NULL,
    2 => NULL,
  ),
)
[ info ] [ HEADER ] array (
  'host' => 'mshop.demolink.top',
  'connection' => 'keep-alive',
  'user-agent' => 'Mozilla/5.0 (Windows NT 6.1; WOW64) AppleWebKit/537.36 (KHTML, like Gecko) Chrome/68.0.3440.106 Safari/537.36',
  'accept' => 'image/webp,image/apng,image/*,*/*;q=0.8',
  'referer' => 'http://mshop.demolink.top/',
  'accept-encoding' => 'gzip, deflate',
  'accept-language' => 'zh-CN,zh;q=0.9',
  'cookie' => 'UM_distinctid=1696064496e86-018fe7bcf35b28-43480420-fa000-169606449704e6; pgv_pvi=5325103104',
)
[ info ] [ PARAM ] array (
  '/favicon_ico' => '',
)
[ info ] [ LOG ] INIT File
---------------------------------------------------------------
[ 2019-07-19T14:19:12+08:00 ] 113.68.36.80 GET mshop.demolink.top/index/Index/pcenter
[运行时间：0.062400s] [吞吐率：16.03req/s] [内存消耗：2,958.65kb] [文件加载：54]
[ info ] [ LANG ] D:\web\mshop\thinkphp\lang\zh-cn.php
[ info ] [ ROUTE ] array (
  'type' => 'module',
  'module' => 
  array (
    0 => 'index',
    1 => 'Index',
    2 => 'pcenter',
  ),
)
[ info ] [ HEADER ] array (
  'host' => 'mshop.demolink.top',
  'connection' => 'keep-alive',
  'upgrade-insecure-requests' => '1',
  'user-agent' => 'Mozilla/5.0 (Windows NT 6.1; WOW64) AppleWebKit/537.36 (KHTML, like Gecko) Chrome/68.0.3440.106 Safari/537.36',
  'accept' => 'text/html,application/xhtml+xml,application/xml;q=0.9,image/webp,image/apng,*/*;q=0.8',
  'referer' => 'http://mshop.demolink.top/',
  'accept-encoding' => 'gzip, deflate',
  'accept-language' => 'zh-CN,zh;q=0.9',
  'cookie' => 'UM_distinctid=1696064496e86-018fe7bcf35b28-43480420-fa000-169606449704e6; pgv_pvi=5325103104',
)
[ info ] [ PARAM ] array (
  '/index/Index/pcenter' => '',
)
[ info ] [ CACHE ] INIT File
[ info ] [ RUN ] app\index\controller\Index->pcenter[ D:\web\mshop\shop\index\controller\Index.php ]
[ info ] [ DB ] INIT mysql
[ info ] [ SESSION ] INIT array (
  'type' => '',
  'auto_start' => true,
)
[ info ] [ VIEW ] ./themes/default/index/index\pcenter.html [ array (
  0 => 'top_nav',
  1 => 'user_name',
  2 => 'user_phone',
  3 => 'user_photo',
) ]
[ info ] [ LOG ] INIT File
