---------------------------------------------------------------
[ 2019-08-28T23:34:46+08:00 ] 121.32.177.14 GET mshop.demolink.top/admin
[运行时间：0.078000s] [吞吐率：12.82req/s] [内存消耗：1,862.15kb] [文件加载：46]
[ info ] [ LANG ] D:\web\mshop\thinkphp\lang\zh-cn.php
[ info ] [ ROUTE ] array (
  'type' => 'module',
  'module' => 
  array (
    0 => 'admin',
    1 => NULL,
    2 => NULL,
  ),
)
[ info ] [ HEADER ] array (
  'host' => 'mshop.demolink.top',
  'connection' => 'keep-alive',
  'upgrade-insecure-requests' => '1',
  'user-agent' => 'Mozilla/5.0 (Windows NT 6.1; Win64; x64) AppleWebKit/537.36 (KHTML, like Gecko) Chrome/75.0.3770.100 Safari/537.36',
  'accept' => 'text/html,application/xhtml+xml,application/xml;q=0.9,image/webp,image/apng,*/*;q=0.8,application/signed-exchange;v=b3',
  'accept-encoding' => 'gzip, deflate',
  'accept-language' => 'zh-CN,zh;q=0.9',
  'cookie' => 'UM_distinctid=16b13e5fd8d1ab-0205f6b4cc8691-3e385b04-15f900-16b13e5fd8e15e',
)
[ info ] [ PARAM ] array (
  '/admin' => '',
)
[ info ] [ CACHE ] INIT File
[ info ] [ SESSION ] INIT array (
  'type' => '',
  'auto_start' => true,
)
[ info ] [ LOG ] INIT File
---------------------------------------------------------------
[ 2019-08-28T23:34:46+08:00 ] 121.32.177.14 GET mshop.demolink.top/admin/Login/login
[运行时间：0.062400s] [吞吐率：16.03req/s] [内存消耗：1,800.31kb] [文件加载：44]
[ info ] [ LANG ] D:\web\mshop\thinkphp\lang\zh-cn.php
[ info ] [ ROUTE ] array (
  'type' => 'module',
  'module' => 
  array (
    0 => 'admin',
    1 => 'Login',
    2 => 'login',
  ),
)
[ info ] [ HEADER ] array (
  'host' => 'mshop.demolink.top',
  'connection' => 'keep-alive',
  'upgrade-insecure-requests' => '1',
  'user-agent' => 'Mozilla/5.0 (Windows NT 6.1; Win64; x64) AppleWebKit/537.36 (KHTML, like Gecko) Chrome/75.0.3770.100 Safari/537.36',
  'accept' => 'text/html,application/xhtml+xml,application/xml;q=0.9,image/webp,image/apng,*/*;q=0.8,application/signed-exchange;v=b3',
  'accept-encoding' => 'gzip, deflate',
  'accept-language' => 'zh-CN,zh;q=0.9',
  'cookie' => 'UM_distinctid=16b13e5fd8d1ab-0205f6b4cc8691-3e385b04-15f900-16b13e5fd8e15e; PHPSESSID=mp0pcngind7cqdib9tujng0ip1',
)
[ info ] [ PARAM ] array (
  '/admin/Login/login' => '',
)
[ info ] [ CACHE ] INIT File
[ info ] [ RUN ] app\admin\controller\Login->login[ D:\web\mshop\shop\admin\controller\Login.php ]
[ info ] [ SESSION ] INIT array (
  'type' => '',
  'auto_start' => true,
)
[ info ] [ VIEW ] ./shop/admin\view\public\login.html [ array (
) ]
[ info ] [ LOG ] INIT File
---------------------------------------------------------------
[ 2019-08-28T23:34:49+08:00 ] 121.32.177.14 GET mshop.demolink.top/favicon.ico
[运行时间：0.031200s] [吞吐率：32.05req/s] [内存消耗：1,372.44kb] [文件加载：33]
[ info ] [ LANG ] D:\web\mshop\thinkphp\lang\zh-cn.php
[ info ] [ ROUTE ] array (
  'type' => 'module',
  'module' => 
  array (
    0 => 'favicon',
    1 => NULL,
    2 => NULL,
  ),
)
[ info ] [ HEADER ] array (
  'host' => 'mshop.demolink.top',
  'connection' => 'keep-alive',
  'user-agent' => 'Mozilla/5.0 (Windows NT 6.1; Win64; x64) AppleWebKit/537.36 (KHTML, like Gecko) Chrome/75.0.3770.100 Safari/537.36',
  'accept' => 'image/webp,image/apng,image/*,*/*;q=0.8',
  'referer' => 'http://mshop.demolink.top/admin/Login/login',
  'accept-encoding' => 'gzip, deflate',
  'accept-language' => 'zh-CN,zh;q=0.9',
  'cookie' => 'UM_distinctid=16b13e5fd8d1ab-0205f6b4cc8691-3e385b04-15f900-16b13e5fd8e15e; PHPSESSID=mp0pcngind7cqdib9tujng0ip1',
)
[ info ] [ PARAM ] array (
  '/favicon_ico' => '',
)
[ info ] [ LOG ] INIT File
---------------------------------------------------------------
[ 2019-08-28T23:34:52+08:00 ] 121.32.177.14 POST mshop.demolink.top/admin/Login/login
[运行时间：0.156000s] [吞吐率：6.41req/s] [内存消耗：2,599.30kb] [文件加载：52]
[ info ] [ LANG ] D:\web\mshop\thinkphp\lang\zh-cn.php
[ info ] [ ROUTE ] array (
  'type' => 'module',
  'module' => 
  array (
    0 => 'admin',
    1 => 'Login',
    2 => 'login',
  ),
)
[ info ] [ HEADER ] array (
  'host' => 'mshop.demolink.top',
  'connection' => 'keep-alive',
  'content-length' => '30',
  'accept' => 'application/json, text/javascript, */*; q=0.01',
  'origin' => 'http://mshop.demolink.top',
  'x-requested-with' => 'XMLHttpRequest',
  'user-agent' => 'Mozilla/5.0 (Windows NT 6.1; Win64; x64) AppleWebKit/537.36 (KHTML, like Gecko) Chrome/75.0.3770.100 Safari/537.36',
  'content-type' => 'application/x-www-form-urlencoded; charset=UTF-8',
  'referer' => 'http://mshop.demolink.top/admin/Login/login',
  'accept-encoding' => 'gzip, deflate',
  'accept-language' => 'zh-CN,zh;q=0.9',
  'cookie' => 'UM_distinctid=16b13e5fd8d1ab-0205f6b4cc8691-3e385b04-15f900-16b13e5fd8e15e; PHPSESSID=mp0pcngind7cqdib9tujng0ip1',
)
[ info ] [ PARAM ] array (
  '/admin/Login/login' => '',
  'username' => 'admin',
  'password' => '123456',
)
[ info ] [ CACHE ] INIT File
[ info ] [ RUN ] app\admin\controller\Login->login[ D:\web\mshop\shop\admin\controller\Login.php ]
[ info ] [ DB ] INIT mysql
[ info ] [ SESSION ] INIT array (
  'type' => '',
  'auto_start' => true,
)
[ info ] [ LOG ] INIT File
---------------------------------------------------------------
[ 2019-08-28T23:34:52+08:00 ] 121.32.177.14 GET mshop.demolink.top/admin/Index/index
[运行时间：0.156000s] [吞吐率：6.41req/s] [内存消耗：2,966.95kb] [文件加载：56]
[ info ] [ LANG ] D:\web\mshop\thinkphp\lang\zh-cn.php
[ info ] [ ROUTE ] array (
  'type' => 'module',
  'module' => 
  array (
    0 => 'admin',
    1 => 'Index',
    2 => 'index',
  ),
)
[ info ] [ HEADER ] array (
  'host' => 'mshop.demolink.top',
  'connection' => 'keep-alive',
  'upgrade-insecure-requests' => '1',
  'user-agent' => 'Mozilla/5.0 (Windows NT 6.1; Win64; x64) AppleWebKit/537.36 (KHTML, like Gecko) Chrome/75.0.3770.100 Safari/537.36',
  'accept' => 'text/html,application/xhtml+xml,application/xml;q=0.9,image/webp,image/apng,*/*;q=0.8,application/signed-exchange;v=b3',
  'referer' => 'http://mshop.demolink.top/admin/Login/login',
  'accept-encoding' => 'gzip, deflate',
  'accept-language' => 'zh-CN,zh;q=0.9',
  'cookie' => 'UM_distinctid=16b13e5fd8d1ab-0205f6b4cc8691-3e385b04-15f900-16b13e5fd8e15e; PHPSESSID=mp0pcngind7cqdib9tujng0ip1',
)
[ info ] [ PARAM ] array (
  '/admin/Index/index' => '',
)
[ info ] [ CACHE ] INIT File
[ info ] [ SESSION ] INIT array (
  'type' => '',
  'auto_start' => true,
)
[ info ] [ DB ] INIT mysql
[ info ] [ RUN ] app\admin\controller\Index->index[ D:\web\mshop\shop\admin\controller\Index.php ]
[ info ] [ VIEW ] ./shop/admin\view\index\index.html [ array (
  0 => 'admin_menu',
  1 => 'total_order',
  2 => 'today_order',
  3 => 'total_money',
  4 => 'today_money',
  5 => 'user_action_total',
  6 => 'today_user_action',
  7 => 'today_member',
  8 => 'member_count',
  9 => 'user_action',
  10 => 'uc_empty',
  11 => 'order_list',
  12 => 'empty',
) ]
[ info ] [ LOG ] INIT File
---------------------------------------------------------------
[ 2019-08-28T23:34:57+08:00 ] 121.32.177.14 GET mshop.demolink.top/admin/goods/index
[运行时间：0.202800s] [吞吐率：4.93req/s] [内存消耗：2,928.16kb] [文件加载：57]
[ info ] [ LANG ] D:\web\mshop\thinkphp\lang\zh-cn.php
[ info ] [ ROUTE ] array (
  'type' => 'module',
  'module' => 
  array (
    0 => 'admin',
    1 => 'goods',
    2 => 'index',
  ),
)
[ info ] [ HEADER ] array (
  'host' => 'mshop.demolink.top',
  'connection' => 'keep-alive',
  'upgrade-insecure-requests' => '1',
  'user-agent' => 'Mozilla/5.0 (Windows NT 6.1; Win64; x64) AppleWebKit/537.36 (KHTML, like Gecko) Chrome/75.0.3770.100 Safari/537.36',
  'accept' => 'text/html,application/xhtml+xml,application/xml;q=0.9,image/webp,image/apng,*/*;q=0.8,application/signed-exchange;v=b3',
  'referer' => 'http://mshop.demolink.top/admin/Index/index',
  'accept-encoding' => 'gzip, deflate',
  'accept-language' => 'zh-CN,zh;q=0.9',
  'cookie' => 'UM_distinctid=16b13e5fd8d1ab-0205f6b4cc8691-3e385b04-15f900-16b13e5fd8e15e; PHPSESSID=mp0pcngind7cqdib9tujng0ip1',
)
[ info ] [ PARAM ] array (
  '/admin/goods/index' => '',
)
[ info ] [ CACHE ] INIT File
[ info ] [ SESSION ] INIT array (
  'type' => '',
  'auto_start' => true,
)
[ info ] [ DB ] INIT mysql
[ info ] [ RUN ] app\admin\controller\Goods->index[ D:\web\mshop\shop\admin\controller\Goods.php ]
[ info ] [ VIEW ] ./shop/admin\view\goods\index.html [ array (
  0 => 'admin_menu',
  1 => 'breadcrumb1',
  2 => 'breadcrumb2',
  3 => 'empty',
  4 => 'category',
  5 => 'list',
) ]
[ info ] [ LOG ] INIT File
---------------------------------------------------------------
[ 2019-08-28T23:35:00+08:00 ] 121.32.177.14 GET mshop.demolink.top/admin/Goods/add
[运行时间：0.140400s] [吞吐率：7.12req/s] [内存消耗：2,721.91kb] [文件加载：51]
[ info ] [ LANG ] D:\web\mshop\thinkphp\lang\zh-cn.php
[ info ] [ ROUTE ] array (
  'type' => 'module',
  'module' => 
  array (
    0 => 'admin',
    1 => 'Goods',
    2 => 'add',
  ),
)
[ info ] [ HEADER ] array (
  'host' => 'mshop.demolink.top',
  'connection' => 'keep-alive',
  'upgrade-insecure-requests' => '1',
  'user-agent' => 'Mozilla/5.0 (Windows NT 6.1; Win64; x64) AppleWebKit/537.36 (KHTML, like Gecko) Chrome/75.0.3770.100 Safari/537.36',
  'accept' => 'text/html,application/xhtml+xml,application/xml;q=0.9,image/webp,image/apng,*/*;q=0.8,application/signed-exchange;v=b3',
  'referer' => 'http://mshop.demolink.top/admin/goods/index',
  'accept-encoding' => 'gzip, deflate',
  'accept-language' => 'zh-CN,zh;q=0.9',
  'cookie' => 'UM_distinctid=16b13e5fd8d1ab-0205f6b4cc8691-3e385b04-15f900-16b13e5fd8e15e; PHPSESSID=mp0pcngind7cqdib9tujng0ip1',
)
[ info ] [ PARAM ] array (
  '/admin/Goods/add' => '',
)
[ info ] [ CACHE ] INIT File
[ info ] [ SESSION ] INIT array (
  'type' => '',
  'auto_start' => true,
)
[ info ] [ DB ] INIT mysql
[ info ] [ RUN ] app\admin\controller\Goods->add[ D:\web\mshop\shop\admin\controller\Goods.php ]
[ info ] [ VIEW ] ./shop/admin\view\goods\edit.html [ array (
  0 => 'admin_menu',
  1 => 'breadcrumb1',
  2 => 'breadcrumb2',
  3 => 'weight_class',
  4 => 'length_class',
  5 => 'crumbs',
  6 => 'action',
) ]
[ info ] [ LOG ] INIT File
---------------------------------------------------------------
[ 2019-08-28T23:35:05+08:00 ] 121.32.177.14 GET mshop.demolink.top/admin/FileManager/index/target/input-image/thumb/thumb-image
[运行时间：0.062400s] [吞吐率：16.03req/s] [内存消耗：1,877.99kb] [文件加载：45]
[ info ] [ LANG ] D:\web\mshop\thinkphp\lang\zh-cn.php
[ info ] [ ROUTE ] array (
  'type' => 'module',
  'module' => 
  array (
    0 => 'admin',
    1 => 'FileManager',
    2 => 'index',
  ),
)
[ info ] [ HEADER ] array (
  'host' => 'mshop.demolink.top',
  'connection' => 'keep-alive',
  'accept' => 'text/html, */*; q=0.01',
  'x-requested-with' => 'XMLHttpRequest',
  'user-agent' => 'Mozilla/5.0 (Windows NT 6.1; Win64; x64) AppleWebKit/537.36 (KHTML, like Gecko) Chrome/75.0.3770.100 Safari/537.36',
  'referer' => 'http://mshop.demolink.top/admin/Goods/add',
  'accept-encoding' => 'gzip, deflate',
  'accept-language' => 'zh-CN,zh;q=0.9',
  'cookie' => 'UM_distinctid=16b13e5fd8d1ab-0205f6b4cc8691-3e385b04-15f900-16b13e5fd8e15e; PHPSESSID=mp0pcngind7cqdib9tujng0ip1',
)
[ info ] [ PARAM ] array (
  '/admin/FileManager/index/target/input-image/thumb/thumb-image' => '',
  'target' => 'input-image',
  'thumb' => 'thumb-image',
)
[ info ] [ CACHE ] INIT File
[ info ] [ SESSION ] INIT array (
  'type' => '',
  'auto_start' => true,
)
[ info ] [ RUN ] app\common\controller\ImageManager->index[ D:\web\mshop\shop\common\controller\ImageManager.php ]
[ info ] [ VIEW ] ./shop/admin\view\file_manager\index.html [ array (
  0 => 'data',
  1 => 'heading_title',
) ]
[ info ] [ LOG ] INIT File
---------------------------------------------------------------
[ 2019-08-28T23:35:06+08:00 ] 121.32.177.14 GET mshop.demolink.top/admin/file_manager/index/directory/goods/target/input-image/thumb/thumb-image
[运行时间：0.031200s] [吞吐率：32.05req/s] [内存消耗：1,876.54kb] [文件加载：45]
[ info ] [ LANG ] D:\web\mshop\thinkphp\lang\zh-cn.php
[ info ] [ ROUTE ] array (
  'type' => 'module',
  'module' => 
  array (
    0 => 'admin',
    1 => 'file_manager',
    2 => 'index',
  ),
)
[ info ] [ HEADER ] array (
  'host' => 'mshop.demolink.top',
  'connection' => 'keep-alive',
  'accept' => 'text/html, */*; q=0.01',
  'x-requested-with' => 'XMLHttpRequest',
  'user-agent' => 'Mozilla/5.0 (Windows NT 6.1; Win64; x64) AppleWebKit/537.36 (KHTML, like Gecko) Chrome/75.0.3770.100 Safari/537.36',
  'referer' => 'http://mshop.demolink.top/admin/Goods/add',
  'accept-encoding' => 'gzip, deflate',
  'accept-language' => 'zh-CN,zh;q=0.9',
  'cookie' => 'UM_distinctid=16b13e5fd8d1ab-0205f6b4cc8691-3e385b04-15f900-16b13e5fd8e15e; PHPSESSID=mp0pcngind7cqdib9tujng0ip1',
)
[ info ] [ PARAM ] array (
  '/admin/file_manager/index/directory/goods/target/input-image/thumb/thumb-image' => '',
  'directory' => 'goods',
  'target' => 'input-image',
  'thumb' => 'thumb-image',
)
[ info ] [ CACHE ] INIT File
[ info ] [ SESSION ] INIT array (
  'type' => '',
  'auto_start' => true,
)
[ info ] [ RUN ] app\common\controller\ImageManager->index[ D:\web\mshop\shop\common\controller\ImageManager.php ]
[ info ] [ VIEW ] ./shop/admin\view\file_manager\index.html [ array (
  0 => 'data',
  1 => 'heading_title',
) ]
[ info ] [ LOG ] INIT File
---------------------------------------------------------------
[ 2019-08-28T23:35:08+08:00 ] 121.32.177.14 GET mshop.demolink.top/admin/file_manager/index/target/input-image/thumb/thumb-image
[运行时间：0.046800s] [吞吐率：21.37req/s] [内存消耗：1,877.99kb] [文件加载：45]
[ info ] [ LANG ] D:\web\mshop\thinkphp\lang\zh-cn.php
[ info ] [ ROUTE ] array (
  'type' => 'module',
  'module' => 
  array (
    0 => 'admin',
    1 => 'file_manager',
    2 => 'index',
  ),
)
[ info ] [ HEADER ] array (
  'host' => 'mshop.demolink.top',
  'connection' => 'keep-alive',
  'accept' => 'text/html, */*; q=0.01',
  'x-requested-with' => 'XMLHttpRequest',
  'user-agent' => 'Mozilla/5.0 (Windows NT 6.1; Win64; x64) AppleWebKit/537.36 (KHTML, like Gecko) Chrome/75.0.3770.100 Safari/537.36',
  'referer' => 'http://mshop.demolink.top/admin/Goods/add',
  'accept-encoding' => 'gzip, deflate',
  'accept-language' => 'zh-CN,zh;q=0.9',
  'cookie' => 'UM_distinctid=16b13e5fd8d1ab-0205f6b4cc8691-3e385b04-15f900-16b13e5fd8e15e; PHPSESSID=mp0pcngind7cqdib9tujng0ip1',
)
[ info ] [ PARAM ] array (
  '/admin/file_manager/index/target/input-image/thumb/thumb-image' => '',
  'target' => 'input-image',
  'thumb' => 'thumb-image',
)
[ info ] [ CACHE ] INIT File
[ info ] [ SESSION ] INIT array (
  'type' => '',
  'auto_start' => true,
)
[ info ] [ RUN ] app\common\controller\ImageManager->index[ D:\web\mshop\shop\common\controller\ImageManager.php ]
[ info ] [ VIEW ] ./shop/admin\view\file_manager\index.html [ array (
  0 => 'data',
  1 => 'heading_title',
) ]
[ info ] [ LOG ] INIT File
---------------------------------------------------------------
[ 2019-08-28T23:35:15+08:00 ] 121.32.177.14 POST mshop.demolink.top/admin/file_manager/upload
[运行时间：0.031200s] [吞吐率：32.05req/s] [内存消耗：1,830.05kb] [文件加载：44]
[ info ] [ LANG ] D:\web\mshop\thinkphp\lang\zh-cn.php
[ info ] [ ROUTE ] array (
  'type' => 'module',
  'module' => 
  array (
    0 => 'admin',
    1 => 'file_manager',
    2 => 'upload',
  ),
)
[ info ] [ HEADER ] array (
  'host' => 'mshop.demolink.top',
  'connection' => 'keep-alive',
  'content-length' => '8424',
  'accept' => 'application/json, text/javascript, */*; q=0.01',
  'origin' => 'http://mshop.demolink.top',
  'x-requested-with' => 'XMLHttpRequest',
  'user-agent' => 'Mozilla/5.0 (Windows NT 6.1; Win64; x64) AppleWebKit/537.36 (KHTML, like Gecko) Chrome/75.0.3770.100 Safari/537.36',
  'content-type' => 'multipart/form-data; boundary=----WebKitFormBoundary3WIzuGxgXRRvsOQu',
  'referer' => 'http://mshop.demolink.top/admin/Goods/add',
  'accept-encoding' => 'gzip, deflate',
  'accept-language' => 'zh-CN,zh;q=0.9',
  'cookie' => 'UM_distinctid=16b13e5fd8d1ab-0205f6b4cc8691-3e385b04-15f900-16b13e5fd8e15e; PHPSESSID=mp0pcngind7cqdib9tujng0ip1',
)
[ info ] [ PARAM ] array (
  '/admin/file_manager/upload' => '',
)
[ info ] [ CACHE ] INIT File
[ info ] [ SESSION ] INIT array (
  'type' => '',
  'auto_start' => true,
)
[ info ] [ RUN ] app\common\controller\ImageManager->upload[ D:\web\mshop\shop\common\controller\ImageManager.php ]
[ info ] [ LOG ] INIT File
---------------------------------------------------------------
[ 2019-08-28T23:35:16+08:00 ] 121.32.177.14 GET mshop.demolink.top/admin/file_manager/index/target/input-image/thumb/thumb-image
[运行时间：0.046800s] [吞吐率：21.37req/s] [内存消耗：1,917.65kb] [文件加载：46]
[ info ] [ LANG ] D:\web\mshop\thinkphp\lang\zh-cn.php
[ info ] [ ROUTE ] array (
  'type' => 'module',
  'module' => 
  array (
    0 => 'admin',
    1 => 'file_manager',
    2 => 'index',
  ),
)
[ info ] [ HEADER ] array (
  'host' => 'mshop.demolink.top',
  'connection' => 'keep-alive',
  'accept' => 'text/html, */*; q=0.01',
  'x-requested-with' => 'XMLHttpRequest',
  'user-agent' => 'Mozilla/5.0 (Windows NT 6.1; Win64; x64) AppleWebKit/537.36 (KHTML, like Gecko) Chrome/75.0.3770.100 Safari/537.36',
  'referer' => 'http://mshop.demolink.top/admin/Goods/add',
  'accept-encoding' => 'gzip, deflate',
  'accept-language' => 'zh-CN,zh;q=0.9',
  'cookie' => 'UM_distinctid=16b13e5fd8d1ab-0205f6b4cc8691-3e385b04-15f900-16b13e5fd8e15e; PHPSESSID=mp0pcngind7cqdib9tujng0ip1',
)
[ info ] [ PARAM ] array (
  '/admin/file_manager/index/target/input-image/thumb/thumb-image' => '',
  'target' => 'input-image',
  'thumb' => 'thumb-image',
)
[ info ] [ CACHE ] INIT File
[ info ] [ SESSION ] INIT array (
  'type' => '',
  'auto_start' => true,
)
[ info ] [ RUN ] app\common\controller\ImageManager->index[ D:\web\mshop\shop\common\controller\ImageManager.php ]
[ info ] [ VIEW ] ./shop/admin\view\file_manager\index.html [ array (
  0 => 'data',
  1 => 'heading_title',
) ]
[ info ] [ LOG ] INIT File
---------------------------------------------------------------
[ 2019-08-28T23:36:08+08:00 ] 121.32.177.14 GET mshop.demolink.top/admin/Category/autocomplete/filter_name/
[运行时间：0.078000s] [吞吐率：12.82req/s] [内存消耗：2,003.55kb] [文件加载：47]
[ info ] [ LANG ] D:\web\mshop\thinkphp\lang\zh-cn.php
[ info ] [ ROUTE ] array (
  'type' => 'module',
  'module' => 
  array (
    0 => 'admin',
    1 => 'Category',
    2 => 'autocomplete',
  ),
)
[ info ] [ HEADER ] array (
  'host' => 'mshop.demolink.top',
  'connection' => 'keep-alive',
  'accept' => 'application/json, text/javascript, */*; q=0.01',
  'x-requested-with' => 'XMLHttpRequest',
  'user-agent' => 'Mozilla/5.0 (Windows NT 6.1; Win64; x64) AppleWebKit/537.36 (KHTML, like Gecko) Chrome/75.0.3770.100 Safari/537.36',
  'referer' => 'http://mshop.demolink.top/admin/Goods/add',
  'accept-encoding' => 'gzip, deflate',
  'accept-language' => 'zh-CN,zh;q=0.9',
  'cookie' => 'UM_distinctid=16b13e5fd8d1ab-0205f6b4cc8691-3e385b04-15f900-16b13e5fd8e15e; PHPSESSID=mp0pcngind7cqdib9tujng0ip1',
)
[ info ] [ PARAM ] array (
  '/admin/Category/autocomplete/filter_name/' => '',
)
[ info ] [ CACHE ] INIT File
[ info ] [ SESSION ] INIT array (
  'type' => '',
  'auto_start' => true,
)
[ info ] [ DB ] INIT mysql
[ info ] [ RUN ] app\admin\controller\Category->autocomplete[ D:\web\mshop\shop\admin\controller\Category.php ]
[ info ] [ LOG ] INIT File
---------------------------------------------------------------
[ 2019-08-28T23:36:12+08:00 ] 121.32.177.14 GET mshop.demolink.top/admin/Attribute/autocomplete/filter_name/
[运行时间：0.078000s] [吞吐率：12.82req/s] [内存消耗：2,005.26kb] [文件加载：47]
[ info ] [ LANG ] D:\web\mshop\thinkphp\lang\zh-cn.php
[ info ] [ ROUTE ] array (
  'type' => 'module',
  'module' => 
  array (
    0 => 'admin',
    1 => 'Attribute',
    2 => 'autocomplete',
  ),
)
[ info ] [ HEADER ] array (
  'host' => 'mshop.demolink.top',
  'connection' => 'keep-alive',
  'accept' => 'application/json, text/javascript, */*; q=0.01',
  'x-requested-with' => 'XMLHttpRequest',
  'user-agent' => 'Mozilla/5.0 (Windows NT 6.1; Win64; x64) AppleWebKit/537.36 (KHTML, like Gecko) Chrome/75.0.3770.100 Safari/537.36',
  'referer' => 'http://mshop.demolink.top/admin/Goods/add',
  'accept-encoding' => 'gzip, deflate',
  'accept-language' => 'zh-CN,zh;q=0.9',
  'cookie' => 'UM_distinctid=16b13e5fd8d1ab-0205f6b4cc8691-3e385b04-15f900-16b13e5fd8e15e; PHPSESSID=mp0pcngind7cqdib9tujng0ip1',
)
[ info ] [ PARAM ] array (
  '/admin/Attribute/autocomplete/filter_name/' => '',
)
[ info ] [ CACHE ] INIT File
[ info ] [ SESSION ] INIT array (
  'type' => '',
  'auto_start' => true,
)
[ info ] [ DB ] INIT mysql
[ info ] [ RUN ] app\admin\controller\Attribute->autocomplete[ D:\web\mshop\shop\admin\controller\Attribute.php ]
[ info ] [ LOG ] INIT File
---------------------------------------------------------------
[ 2019-08-28T23:36:14+08:00 ] 121.32.177.14 GET mshop.demolink.top/admin/Brand/autocomplete/filter_name/
[运行时间：0.078000s] [吞吐率：12.82req/s] [内存消耗：1,988.53kb] [文件加载：47]
[ info ] [ LANG ] D:\web\mshop\thinkphp\lang\zh-cn.php
[ info ] [ ROUTE ] array (
  'type' => 'module',
  'module' => 
  array (
    0 => 'admin',
    1 => 'Brand',
    2 => 'autocomplete',
  ),
)
[ info ] [ HEADER ] array (
  'host' => 'mshop.demolink.top',
  'connection' => 'keep-alive',
  'accept' => 'application/json, text/javascript, */*; q=0.01',
  'x-requested-with' => 'XMLHttpRequest',
  'user-agent' => 'Mozilla/5.0 (Windows NT 6.1; Win64; x64) AppleWebKit/537.36 (KHTML, like Gecko) Chrome/75.0.3770.100 Safari/537.36',
  'referer' => 'http://mshop.demolink.top/admin/Goods/add',
  'accept-encoding' => 'gzip, deflate',
  'accept-language' => 'zh-CN,zh;q=0.9',
  'cookie' => 'UM_distinctid=16b13e5fd8d1ab-0205f6b4cc8691-3e385b04-15f900-16b13e5fd8e15e; PHPSESSID=mp0pcngind7cqdib9tujng0ip1',
)
[ info ] [ PARAM ] array (
  '/admin/Brand/autocomplete/filter_name/' => '',
)
[ info ] [ CACHE ] INIT File
[ info ] [ SESSION ] INIT array (
  'type' => '',
  'auto_start' => true,
)
[ info ] [ DB ] INIT mysql
[ info ] [ RUN ] app\admin\controller\Brand->autocomplete[ D:\web\mshop\shop\admin\controller\Brand.php ]
[ info ] [ LOG ] INIT File
---------------------------------------------------------------
[ 2019-08-28T23:36:18+08:00 ] 121.32.177.14 POST mshop.demolink.top/admin/Goods/add
[运行时间：0.140400s] [吞吐率：7.12req/s] [内存消耗：2,785.06kb] [文件加载：53]
[ info ] [ LANG ] D:\web\mshop\thinkphp\lang\zh-cn.php
[ info ] [ ROUTE ] array (
  'type' => 'module',
  'module' => 
  array (
    0 => 'admin',
    1 => 'Goods',
    2 => 'add',
  ),
)
[ info ] [ HEADER ] array (
  'host' => 'mshop.demolink.top',
  'connection' => 'keep-alive',
  'content-length' => '3250',
  'cache-control' => 'max-age=0',
  'origin' => 'http://mshop.demolink.top',
  'upgrade-insecure-requests' => '1',
  'content-type' => 'multipart/form-data; boundary=----WebKitFormBoundaryhlSByQPGMDVSxSVo',
  'user-agent' => 'Mozilla/5.0 (Windows NT 6.1; Win64; x64) AppleWebKit/537.36 (KHTML, like Gecko) Chrome/75.0.3770.100 Safari/537.36',
  'accept' => 'text/html,application/xhtml+xml,application/xml;q=0.9,image/webp,image/apng,*/*;q=0.8,application/signed-exchange;v=b3',
  'referer' => 'http://mshop.demolink.top/admin/Goods/add',
  'accept-encoding' => 'gzip, deflate',
  'accept-language' => 'zh-CN,zh;q=0.9',
  'cookie' => 'UM_distinctid=16b13e5fd8d1ab-0205f6b4cc8691-3e385b04-15f900-16b13e5fd8e15e; PHPSESSID=mp0pcngind7cqdib9tujng0ip1',
)
[ info ] [ PARAM ] array (
  '/admin/Goods/add' => '',
  'image' => 'images/osc1/anli_i4.jpg',
  'name' => '1212',
  'model' => '212',
  'sku' => '2121',
  'location' => '2121',
  'price' => '100',
  'quantity' => '1',
  'points' => '10',
  'pay_points' => '10',
  'minimum' => '1',
  'subtract' => '1',
  'shipping' => '1',
  'popular' => '1',
  'weight' => '6',
  'weight_class_id' => '2',
  'length' => '1',
  'width' => '1',
  'height' => '1',
  'length_class_id' => '1',
  'status' => '1',
  'sort_order' => '',
  'goods_description' => 
  array (
    'summary' => '11',
    'description' => '&lt;p&gt;11&lt;/p&gt;
',
    'meta_description' => '',
    'meta_keyword' => '',
  ),
  'category' => '',
  'goods_category' => 
  array (
    0 => '2',
  ),
  'attribute' => '',
  'goods_attribute' => 
  array (
    0 => '1',
  ),
  'brand' => '',
  'goods_brand' => 
  array (
    0 => '4',
  ),
  'option' => '',
)
[ info ] [ CACHE ] INIT File
[ info ] [ SESSION ] INIT array (
  'type' => '',
  'auto_start' => true,
)
[ info ] [ DB ] INIT mysql
[ info ] [ RUN ] app\admin\controller\Goods->add[ D:\web\mshop\shop\admin\controller\Goods.php ]
[ info ] [ VIEW ] ./shop/common/view/public/success.tpl [ array (
  0 => 'admin_menu',
  1 => 'breadcrumb1',
  2 => 'breadcrumb2',
  3 => 'code',
  4 => 'msg',
  5 => 'data',
  6 => 'url',
  7 => 'wait',
) ]
[ info ] [ LOG ] INIT File
---------------------------------------------------------------
[ 2019-08-28T23:36:19+08:00 ] 121.32.177.14 GET mshop.demolink.top/admin/Goods/index
[运行时间：0.078000s] [吞吐率：12.82req/s] [内存消耗：2,970.06kb] [文件加载：58]
[ info ] [ LANG ] D:\web\mshop\thinkphp\lang\zh-cn.php
[ info ] [ ROUTE ] array (
  'type' => 'module',
  'module' => 
  array (
    0 => 'admin',
    1 => 'Goods',
    2 => 'index',
  ),
)
[ info ] [ HEADER ] array (
  'host' => 'mshop.demolink.top',
  'connection' => 'keep-alive',
  'upgrade-insecure-requests' => '1',
  'user-agent' => 'Mozilla/5.0 (Windows NT 6.1; Win64; x64) AppleWebKit/537.36 (KHTML, like Gecko) Chrome/75.0.3770.100 Safari/537.36',
  'accept' => 'text/html,application/xhtml+xml,application/xml;q=0.9,image/webp,image/apng,*/*;q=0.8,application/signed-exchange;v=b3',
  'referer' => 'http://mshop.demolink.top/admin/Goods/add',
  'accept-encoding' => 'gzip, deflate',
  'accept-language' => 'zh-CN,zh;q=0.9',
  'cookie' => 'UM_distinctid=16b13e5fd8d1ab-0205f6b4cc8691-3e385b04-15f900-16b13e5fd8e15e; PHPSESSID=mp0pcngind7cqdib9tujng0ip1',
)
[ info ] [ PARAM ] array (
  '/admin/Goods/index' => '',
)
[ info ] [ CACHE ] INIT File
[ info ] [ SESSION ] INIT array (
  'type' => '',
  'auto_start' => true,
)
[ info ] [ DB ] INIT mysql
[ info ] [ RUN ] app\admin\controller\Goods->index[ D:\web\mshop\shop\admin\controller\Goods.php ]
[ info ] [ VIEW ] ./shop/admin\view\goods\index.html [ array (
  0 => 'admin_menu',
  1 => 'breadcrumb1',
  2 => 'breadcrumb2',
  3 => 'empty',
  4 => 'category',
  5 => 'list',
) ]
[ info ] [ LOG ] INIT File
---------------------------------------------------------------
[ 2019-08-28T23:36:29+08:00 ] 121.32.177.14 GET mshop.demolink.top/admin/Goods/del/id/17
[运行时间：0.109200s] [吞吐率：9.16req/s] [内存消耗：2,831.84kb] [文件加载：53]
[ info ] [ LANG ] D:\web\mshop\thinkphp\lang\zh-cn.php
[ info ] [ ROUTE ] array (
  'type' => 'module',
  'module' => 
  array (
    0 => 'admin',
    1 => 'Goods',
    2 => 'del',
  ),
)
[ info ] [ HEADER ] array (
  'host' => 'mshop.demolink.top',
  'connection' => 'keep-alive',
  'upgrade-insecure-requests' => '1',
  'user-agent' => 'Mozilla/5.0 (Windows NT 6.1; Win64; x64) AppleWebKit/537.36 (KHTML, like Gecko) Chrome/75.0.3770.100 Safari/537.36',
  'accept' => 'text/html,application/xhtml+xml,application/xml;q=0.9,image/webp,image/apng,*/*;q=0.8,application/signed-exchange;v=b3',
  'referer' => 'http://mshop.demolink.top/admin/Goods/index',
  'accept-encoding' => 'gzip, deflate',
  'accept-language' => 'zh-CN,zh;q=0.9',
  'cookie' => 'UM_distinctid=16b13e5fd8d1ab-0205f6b4cc8691-3e385b04-15f900-16b13e5fd8e15e; PHPSESSID=mp0pcngind7cqdib9tujng0ip1',
)
[ info ] [ PARAM ] array (
  '/admin/Goods/del/id/17' => '',
  'id' => '17',
)
[ info ] [ CACHE ] INIT File
[ info ] [ SESSION ] INIT array (
  'type' => '',
  'auto_start' => true,
)
[ info ] [ DB ] INIT mysql
[ info ] [ RUN ] app\admin\controller\Goods->del[ D:\web\mshop\shop\admin\controller\Goods.php ]
[ info ] [ LOG ] INIT File
---------------------------------------------------------------
[ 2019-08-28T23:36:29+08:00 ] 121.32.177.14 GET mshop.demolink.top/admin/Goods/index
[运行时间：0.062400s] [吞吐率：16.03req/s] [内存消耗：2,928.14kb] [文件加载：57]
[ info ] [ LANG ] D:\web\mshop\thinkphp\lang\zh-cn.php
[ info ] [ ROUTE ] array (
  'type' => 'module',
  'module' => 
  array (
    0 => 'admin',
    1 => 'Goods',
    2 => 'index',
  ),
)
[ info ] [ HEADER ] array (
  'host' => 'mshop.demolink.top',
  'connection' => 'keep-alive',
  'upgrade-insecure-requests' => '1',
  'user-agent' => 'Mozilla/5.0 (Windows NT 6.1; Win64; x64) AppleWebKit/537.36 (KHTML, like Gecko) Chrome/75.0.3770.100 Safari/537.36',
  'accept' => 'text/html,application/xhtml+xml,application/xml;q=0.9,image/webp,image/apng,*/*;q=0.8,application/signed-exchange;v=b3',
  'referer' => 'http://mshop.demolink.top/admin/Goods/index',
  'accept-encoding' => 'gzip, deflate',
  'accept-language' => 'zh-CN,zh;q=0.9',
  'cookie' => 'UM_distinctid=16b13e5fd8d1ab-0205f6b4cc8691-3e385b04-15f900-16b13e5fd8e15e; PHPSESSID=mp0pcngind7cqdib9tujng0ip1',
)
[ info ] [ PARAM ] array (
  '/admin/Goods/index' => '',
)
[ info ] [ CACHE ] INIT File
[ info ] [ SESSION ] INIT array (
  'type' => '',
  'auto_start' => true,
)
[ info ] [ DB ] INIT mysql
[ info ] [ RUN ] app\admin\controller\Goods->index[ D:\web\mshop\shop\admin\controller\Goods.php ]
[ info ] [ VIEW ] ./shop/admin\view\goods\index.html [ array (
  0 => 'admin_menu',
  1 => 'breadcrumb1',
  2 => 'breadcrumb2',
  3 => 'empty',
  4 => 'category',
  5 => 'list',
) ]
[ info ] [ LOG ] INIT File
